GS65MX4WGO+mhMg/lNMEX1zid3v32eYcazq096dnGFDBg1Xl7aBhiHlvdtqxSkJ+sdrZnGx7sK7T7ipJ5VS3BzzkO+s1uRlQrGqS31NSemM8Q1EJaqMN
PF+q7IfQBRd7sJu3gp9ORwTwdFqI439ROyx+D/BNvj01CshMVxR4SPLk0JSTkGSG1zzhemL6JezRF+0JAy1TLMSvjMY2XNI6ERlMADXd2ig6z3CNt5k29/2K9YQ1ERJaf/GNnMBT4V3h4O3wDT/i8ozqnpZFKg2EoPv8toeeXiG59IsvqDTPE7l5FegYOoa3LzImy4hzhZGmo8E=
XTjSCjhUSVzid2aMaPfqhyPsKZAV6sFUv4EoKqyNtQ5sU0rY04WOAWpj7ZVlIOk4gc8eAmkKeo6ZusGMZHu4vssOAjndlO9X1ERDW705kaAUCjoPCxKCU1RjSRliowU=
AFcvc4EXQl5dO84iRBlX92LNw/tPWLqwwF92CWuKiv1VyjIoMoTxGFyNhJJo/WO99dc4sYqNDuQhi7p8TUeT2b/82rJUk4ViLI8aW6cFbKML
DFtlOi1G7wCzu2hO9/3h+t/4242Yog+Y1FQMv6lj2N23iAxpRuYQl1yK1XcIqlWQydwKn277KQzq1+HHH5AnfaMY
6uCu1L3LqFA+nt1Y4efe2Jl+EXJLgdwNPaTZjqz2g2GVZ7SzkpHPirZJKwILYIsKPZTrpckNfl+Ax8GXdoyxO0ohz9eW3N4/SaET2GxUW3N/+0EFPmie5E+77axrdVNyWcye9eUSXEhoMI45d4J3zOAmBnl6eLS80ObtCFoTLuwxrbuXvFbt63j27Y0JQDLDHueR0ApL2ZtvjJ+ho8Q=
Ib5Y6ZTs45qdDOEz/GbnPDT2+FW7pmre2fVRTaACL1wk9CtvyLQv0xV5dag4uqb3TzKGC6jz5dEGo2E=
bnyQP/fcr94+H0EbVf9+SYYgOMJxdxrhIlhu8h+NTGCxiXBoGUipRp4R5kmVqlqdJZnH8ssLo2I=
j5TD1IVG7VyTz6OTUEvs29/4242Yog+Y1FQMv6lj2N23iAxpRuYQl1yK1XcIqlWeydwKn277KQzq1+HHH5AnfaMY
j5TD1IVG7VyTz6OTUEvs29/4242Yog+Y1FQMv6lj2N23iAxpRuYQl1yK1XcIqlWeydwKn277KQzq1+HHH5AnfaMY
j5TD1IVG7VyTz6OTUEvs29/4242Yog+Y1FQMv6lj2N23iAxpRuYQl1yK1XcIqlWeydwKn277KQzq1+HHH5AnfaMY
j5TD1IVG7VyTz6OTUEvs29/4242Yog+Y1FQMv6lj2N23iAxpRuYQl1yK1XcIqlWeydwKn277KQzq1+HHH5AnfaMY
DUIjwZiy8JjMPcx78Hdp71qx+kifPJNZyHanPHTwpCs591BZNwyE/dZyuDP8Ln2jWH4dWokYQks+LwEoyvPJ0w+EL3mjHA==
6EM3w+l77D9vJTEdA3DTuT4c9hZyjLCcqP3DsQyOvv0tV/SylRAahskgqZfn8cwQUfmwGPk5qTZ+YSY5ddra7cXpB4Ire6MS
F2DFe4cVH132Hq/BeRMrWz4Fhbdm5hhiED4MWyvL4NAOT3mBjHjJ3trEDWZhzSvPnMIlD+gyxRdJVJoHDgNZxKof0f8/iDd1oxA=
yOjk46jzChEZBP/vTJzKmF2y0S7QctQXm2e4PG6j4S089FFSWkiV6tFhsyP8Ln2jWH4dW4kYQks+LwEoyvPJ0w+EL3mjHA==
JTker6+io/qd/xPK5KHBFSsZ+xpkjLCcqP3DsQyOvv0tV/SylRAahskgqZfn8cwQUfmwGPk5qTZ+YSY5ddra7cXpB4Ire6MS
H3u4wklOdvGnwvCVMHdhk0UIYajdgKOGIK9KZleW2gtyENF3cTqp9w21fJ0Y1AdnzKQLC0i5KXBcKiJ/I9Lqw+wDgSl6ox0=
RbzWQaySRS5CGuKj3CTihFK0xy7QctQXm2e4PG6j4S089FFSWkiV6tFhsyP8Ln2jWH4dW4kYQks+LwEoyvPJ0w+EL3mjHA==
OtikrjLhMviR3fG1Cw/RLwdH8KJYCy7Ss8xFplD6RO/7vwh0rusRdRzMQVpaQIXS8TlDazxmzXs4ho3TCZDSM953seCKO7kLL7w/caMU
eP+Qqov1WKBgLkiqcGB8fU57+rLRKrNgzVqOF+Q6ueYUV7yon6s/+ucrQ42ywdak6TvinCXXJllHbHISDGPNouTf4juPNXSjEw==
1HiTkhdGVFsSR08yHlq2z5mLvQ4NLLndlWI5kNmhzVqpQJeuzN9WXkN2rtPOQD0f5bo9H2FlwMXstBNf0FRnI3z53Rjwmr6Ht3JemxBTrQFuowk=
4Q3hdx9ZuegZva9sGBkcTHl167/JNLNgzVqOF+Q6ueYUV7yon6s/+ucrQ42ywdak6TvinCXXJllHbHISDGPNouTf4juPNXSjEw==
0As5bOH3gbNsg3jPyUXCvkv8zEJofIOuqnBaDt0QbPqQpvwzi2OwKE53qelsUPnG2tw9ToGl+/fcOnWnSFo1j8nM6u+uq4m8aieBF1+gB22jCA==
xczBXfqP+tZQygHi/rI9MEUVaaHdgKOGIK9KZleW2gtyENF3cTqp9w21fJ0Y1AdnzKQLC0i5KXBcKiJ/I9Lqw+wDgSl6ox0=
Tqf1lP+NKzACJQskXHnkZ1kRaajdgKOGIK9KZleW2gtyENF3cTqp9w21fJ0Y1AdnzKQLC0i5KXBcKiJ/I9Lqw+wDgSl6ox0=
nL6GsoeMQQHnX5YL38S/Vj8Q8xR6jLCcqP3DsQyOvv0tV/SylRAahskgqZfn8cwQUfmwGPk5qTZ+YSY5ddra7cXpB4Ire6MS
peqAR+P5W16iNzliPauF0TYDzLUITBNhpsDwWOABk2W0Il6ZxctEBg2cmgJBnDkDH51stPklwOyh9Wlyth32bU32ugmt9Te2M3ejFg==
4NQVGqEn67ylV7h/FbloLTUDzLUITBNhpsDwWOABk2W0Il6ZxctEBg2cmgJBnDkDH51stPklwOyh9Wlyth32bU32ugmt9Te2M3ejFg==
+ObG7M2sjP4TRFC4uFCuCzQDzLUITBNhpsDwWOABk2W0Il6ZxctEBg2cmgJBnDkDH51stPklwOyh9Wlyth32bU32ugmt9Te2M3ejFg==
SXbHn8+tjwZUZGOZUh0hCW+O2i7QctQXm2e4PG6j4S089FFSWkiV6tFhsyP8Ln2jWH4dW4kYQks+LwEoyvPJ0w+EL3mjHA==
JG7w5ClCxcIsDAoAzg9opkQs3YVtDULnKXX3oImS0qdIYl2GsO8QOOMju3pjo78dHnlyRI3jTiz5n+IZg6Qu4mC76YIApw4rsz1woxc=
HEjJqSAvo5xylh4eE1hhCEwKYLXdgKOGIK9KZleW2gtyENF3cTqp9w21fJ0Y1AdnzKQLC0i5KXBcKiJ/I9Lqw+wDgSl6ox0=
bF2cW8YSsoCgVZPs4SVW/UYFhbdm5hhiED4MWyvL4NAOT3mBjHjJ3trEDWZhzSvPnMIlD+gyxRdJVJoHDgNZxKof0f8/iDd1oxA=
vly+oXXlDI8+mtGib/qgp2sIkq1m4xtiED4MWyvL4NAOT3mBjHjJ3trEDWZhzSvPnMIlD+gyxRdJVJoHDgNZxKof0f8/iDd1oxA=
8AR2/5li3Z1zdPAbuyRhIlgsp+xfxQViED4MWyvL4NAOT3mBjHjJ3trEDWZhzSvPnMIlD+gyxRdJVJoHDgNZxKof0f8/iDd1oxA=
Naq8+7oyYTIGcgh7PZFATHUS3a4Vezhep8DwWOABk2W0Il6ZxctEBg2cmgJBnDkDH51stPklwOyh9Wlyth32bU32ugmt9Te2M3ejFg==
p4eHKaVSCbEUFXMVnOCWzRjdlrpaUQOnrWDzFFUAK3a4D+I2r9YCO1rwqWd5OqHn9dVUrUAUf7dkBJN7wDmhwMTKSq+bkjKzBCO5OXKjFQ==
B4o3OGmdRI0AOvw/WvKoyB0izIh1Ez37KXj3oImS0qdIYl2GsO8QOOMju3pjo78dHnlyRI3jTiz5n+IZg6Qu4mC76YIApw4rsz1woxc=
IH5lnf1RXeIkd6Qn9EkpJF24xC7QctQXm2e4PG6j4S089FFSWkiV6tFhsyP8Ln2jWH4dW4kYQks+LwEoyvPJ0w+EL3mjHA==
i8oa53ZWqOX0s+hn9hfq8BAv14lyNBDKF2L3oImS0qdIYl2GsO8QOOMju3pjo78dHnlyRI3jTiz5n+IZg6Qu4mC76YIApw4rsz1woxc=
FtpJao5wmddV9P+4kaowvwl+cDhZZVgtSv3JoU4bOufa/fRWLbjochAubIvruwBgjr/ZMUwo6c7a1C02oX2LPxxyxX8o4qUHSUR6V07zOXQqb3FPf1gXZaMA
dxHEUB6BmT9Pf5oEXyk3JZwFinpShUtEvq4hDSOE/4nRUkElUpK3nMVBh6C58gJnOILtBiBPQPjTQ6t6c0OPXc7Z4sQ9g75sqX/SGXOEfiLQGxkCkEdea0MdYKMH
EQWqyn+7B3BVUE3wcRRqFp0FinpShUtEvq4hDSOE/4nRUkElUpK3nMVBh6C58gJnOILtBiBPQPjTQ6t6c0OPXc7Z4sQ9g75sqX/SGXOEfiLQGxkCkEdea0MdYKMH
dUqg7+5HHN/iXW7F22AOk54FinpShUtEvq4hDSOE/4nRUkElUpK3nMVBh6C58gJnOILtBiBPQPjTQ6t6c0OPXc7Z4sQ9g75sqX/SGXOEfiLQGxkCkEdea0MdYKMH
iIh014TuKc2U4X7BWT0BKZ8FinpShUtEvq4hDSOE/4nRUkElUpK3nMVBh6C58gJnOILtBiBPQPjTQ6t6c0OPXc7Z4sQ9g75sqX/SGXOEfiLQGxkCkEdea0MdYKMH
AjKwuvCMEyP7H2TcXZBDx1qx+kifPJNZyHKlMnTwpCs591BZNwyE/dZyuDP8Ln2jWH4dW4kYQks+LwEoyvPJ0w+EL3mjHA==
hTIt8zsNkl+/tlCekaWRkFqx+kifPJNZyHanPHTwpCs591BZNwyE/dZyuDP8Ln2jWH4dW4kYQks+LwEoyvPJ0w+EL3mjHA==
6EM3w+l77D9vJTEdA3DTuT4c9hZyjLCcqP3DsQyOvv0tV/SylRAahskgqZfn8cwQUfmwGPk5qTZ+YSY5ddra7cXpB4Ire6MS
F2DFe4cVH132Hq/BeRMrWz4Fhbdm5hhiED4MWyvL4NAOT3mBjHjJ3trEDWZhzSvPnMIlD+gyxRdJVJoHDgNZxKof0f8/iDd1oxA=
yOjk46jzChEZBP/vTJzKmF2y0S7QctQXm2e4PG6j4S089FFSWkiV6tFhsyP8Ln2jWH4dW4kYQks+LwEoyvPJ0w+EL3mjHA==
JTker6+io/qd/xPK5KHBFSsZ+xpkjLCcqP3DsQyOvv0tV/SylRAahskgqZfn8cwQUfmwGPk5qTZ+YSY5ddra7cXpB4Ire6MS
H3u4wklOdvGnwvCVMHdhk0UIYajdgKOGIK9KZleW2gtyENF3cTqp9w21fJ0Y1AdnzKQLC0i5KXBcKiJ/I9Lqw+wDgSl6ox0=
RbzWQaySRS5CGuKj3CTihFK0xy7QctQXm2e4PG6j4S089FFSWkiV6tFhsyP8Ln2jWH4dW4kYQks+LwEoyvPJ0w+EL3mjHA==
OtikrjLhMviR3fG1Cw/RLwdH8KJYCy7Ss8xFplD6RO/7vwh0rusRdRzMQVpaQIXS8TlDazxmzXs4ho3TCZDSM953seCKO7kLL7w/caMU
eP+Qqov1WKBgLkiqcGB8fU57+rLRKrNgzVqOF+Q6ueYUV7yon6s/+ucrQ42ywdak6TvinCXXJllHbHISDGPNouTf4juPNXSjEw==
1HiTkhdGVFsSR08yHlq2z5mLvQ4NLLndlWI5kNmhzVqpQJeuzN9WXkN2rtPOQD0f5bo9H2FlwMXstBNf0FRnI3z53Rjwmr6Ht3JemxBTrQFuowk=
4Q3hdx9ZuegZva9sGBkcTHl167/JNLNgzVqOF+Q6ueYUV7yon6s/+ucrQ42ywdak6TvinCXXJllHbHISDGPNouTf4juPNXSjEw==
0As5bOH3gbNsg3jPyUXCvkv8zEJofIOuqnBaDt0QbPqQpvwzi2OwKE53qelsUPnG2tw9ToGl+/fcOnWnSFo1j8nM6u+uq4m8aieBF1+gB22jCA==
xczBXfqP+tZQygHi/rI9MEUVaaHdgKOGIK9KZleW2gtyENF3cTqp9w21fJ0Y1AdnzKQLC0i5KXBcKiJ/I9Lqw+wDgSl6ox0=
Tqf1lP+NKzACJQskXHnkZ1kRaajdgKOGIK9KZleW2gtyENF3cTqp9w21fJ0Y1AdnzKQLC0i5KXBcKiJ/I9Lqw+wDgSl6ox0=
nL6GsoeMQQHnX5YL38S/Vj8Q8xR6jLCcqP3DsQyOvv0tV/SylRAahskgqZfn8cwQUfmwGPk5qTZ+YSY5ddra7cXpB4Ire6MS
peqAR+P5W16iNzliPauF0TYDzLUITBNhpsDwWOABk2W0Il6ZxctEBg2cmgJBnDkDH51stPklwOyh9Wlyth32bU32ugmt9Te2M3ejFg==
4NQVGqEn67ylV7h/FbloLTUDzLUITBNhpsDwWOABk2W0Il6ZxctEBg2cmgJBnDkDH51stPklwOyh9Wlyth32bU32ugmt9Te2M3ejFg==
+ObG7M2sjP4TRFC4uFCuCzQDzLUITBNhpsDwWOABk2W0Il6ZxctEBg2cmgJBnDkDH51stPklwOyh9Wlyth32bU32ugmt9Te2M3ejFg==
SXbHn8+tjwZUZGOZUh0hCW+O2i7QctQXm2e4PG6j4S089FFSWkiV6tFhsyP8Ln2jWH4dW4kYQks+LwEoyvPJ0w+EL3mjHA==
JG7w5ClCxcIsDAoAzg9opkQs3YVtDULnKXX3oImS0qdIYl2GsO8QOOMju3pjo78dHnlyRI3jTiz5n+IZg6Qu4mC76YIApw4rsz1woxc=
HEjJqSAvo5xylh4eE1hhCEwKYLXdgKOGIK9KZleW2gtyENF3cTqp9w21fJ0Y1AdnzKQLC0i5KXBcKiJ/I9Lqw+wDgSl6ox0=
bF2cW8YSsoCgVZPs4SVW/UYFhbdm5hhiED4MWyvL4NAOT3mBjHjJ3trEDWZhzSvPnMIlD+gyxRdJVJoHDgNZxKof0f8/iDd1oxA=
vly+oXXlDI8+mtGib/qgp2sIkq1m4xtiED4MWyvL4NAOT3mBjHjJ3trEDWZhzSvPnMIlD+gyxRdJVJoHDgNZxKof0f8/iDd1oxA=
8AR2/5li3Z1zdPAbuyRhIlgsp+xfxQViED4MWyvL4NAOT3mBjHjJ3trEDWZhzSvPnMIlD+gyxRdJVJoHDgNZxKof0f8/iDd1oxA=
Naq8+7oyYTIGcgh7PZFATHUS3a4Vezhep8DwWOABk2W0Il6ZxctEBg2cmgJBnDkDH51stPklwOyh9Wlyth32bU32ugmt9Te2M3ejFg==
p4eHKaVSCbEUFXMVnOCWzRjdlrpaUQOnrWDzFFUAK3a4D+I2r9YCO1rwqWd5OqHn9dVUrUAUf7dkBJN7wDmhwMTKSq+bkjKzBCO5OXKjFQ==
B4o3OGmdRI0AOvw/WvKoyB0izIh1Ez37KXj3oImS0qdIYl2GsO8QOOMju3pjo78dHnlyRI3jTiz5n+IZg6Qu4mC76YIApw4rsz1woxc=
IH5lnf1RXeIkd6Qn9EkpJF24xC7QctQXm2e4PG6j4S089FFSWkiV6tFhsyP8Ln2jWH4dW4kYQks+LwEoyvPJ0w+EL3mjHA==
i8oa53ZWqOX0s+hn9hfq8BAv14lyNBDKF2L3oImS0qdIYl2GsO8QOOMju3pjo78dHnlyRI3jTiz5n+IZg6Qu4mC76YIApw4rsz1woxc=
FtpJao5wmddV9P+4kaowvwl+cDhZZVgtSv3JoU4bOufa/fRWLbjochAubIvruwBgjr/ZMUwo6c7a1C02oX2LPxxyxX8o4qUHSUR6V07zOXQqb3FPf1gXZaMA
AjKwuvCMEyP7H2TcXZBDx1qx+kifPJNZyHKlMnTwpCs591BZNwyE/dZyuDP8Ln2jWH4dW4kYQks+LwEoyvPJ0w+EL3mjHA==
hTIt8zsNkl+/tlCekaWRkFqx+kifPJNZyHanPHTwpCs591BZNwyE/dZyuDP8Ln2jWH4dW4kYQks+LwEoyvPJ0w+EL3mjHA==
sP8GVIbhmxjfmUftfJ82/D4c9hZyjLCcqP3DsQyOvv0tV/SylRAahskgqZfn8cwQUfmwGPkwqDZ+YSY5ddra7cXpB4Ire6MS
aEhNc5osKM9DnOLAsCmQCD4Fhbdm5hhiED4MWyvL4NAOT3mBjHjJ3trEDWZhzSvPnMIlD+gyxR5IVJoHDgNZxKof0f8/iDd1oxA=
F1x9gc3z/Q6FWFeSm1xnSl2y0S7QctQXm2e4PG6j4S089FFSWkiV6tFhsyP8Ln2jWH4dUogYQks+LwEoyvPJ0w+EL3mjHA==
AHB5SeeEtur+YdUIabBcBSsZ+xpkjLCcqP3DsQyOvv0tV/SylRAahskgqZfn8cwQUfmwGPkwqDZ+YSY5ddra7cXpB4Ire6MS
ffNYdUAo7BEmD6jDKUabhkUIYajdgKOGIK9KZleW2gtyENF3cTqp9w21fJ0Y1AdnzKQLC0G4KXBcKiJ/I9Lqw+wDgSl6ox0=
jLNicDzcXOS6kyU5R1gdH1K0xy7QctQXm2e4PG6j4S089FFSWkiV6tFhsyP8Ln2jWH4dUogYQks+LwEoyvPJ0w+EL3mjHA==
E0p7EohafiVajyYaEHrLCQdH8KJYCy7Ss8xFplD6RO/7vwh0rusRdRzMQVpaQIXS8TlDazxmzXs4ho3aCJDSM953seCKO7kLL7w/caMU
sy4WQ/L85YiP5fzxOyvOaU57+rLRKrNgzVqOF+Q6ueYUV7yon6s/+ucrQ42ywdak6TvinCXXL1hHbHISDGPNouTf4juPNXSjEw==
XPpucYiKHEP6gNB/NV5QUJmLvQ4NLLndlWI5kNmhzVqpQJeuzN9WXkN2rtPOQD0f5bo9H2FlwMXstBNf0FRnI3X43Rjwmr6Ht3JemxBTrQFuowk=
aqNgXj0U1D486QuUatABxXl167/JNLNgzVqOF+Q6ueYUV7yon6s/+ucrQ42ywdak6TvinCXXL1hHbHISDGPNouTf4juPNXSjEw==
w3xO9LvDSytJlBw+h3nmrUv8zEJofIOuqnBaDt0QbPqQpvwzi2OwKE53qelsUPnG2tw9ToGl+/fcOnWnSFo1hsjM6u+uq4m8aieBF1+gB22jCA==
jzgTjvd8E/wOLmihmkWqGkUVaaHdgKOGIK9KZleW2gtyENF3cTqp9w21fJ0Y1AdnzKQLC0G4KXBcKiJ/I9Lqw+wDgSl6ox0=
kv/CjdtSAbzBOS3qB4xjI1kRaajdgKOGIK9KZleW2gtyENF3cTqp9w21fJ0Y1AdnzKQLC0G4KXBcKiJ/I9Lqw+wDgSl6ox0=
2FqF+dNf2uWWiRa7BSnliD8Q8xR6jLCcqP3DsQyOvv0tV/SylRAahskgqZfn8cwQUfmwGPkwqDZ+YSY5ddra7cXpB4Ire6MS
qvg5f1IoLqekjudJpS3REDYDzLUITBNhpsDwWOABk2W0Il6ZxctEBg2cmgJBnDkDH51stPklwOyh/Ghyth32bU32ugmt9Te2M3ejFg==
Ixiv/WCLwr/+cvzhdEPqRzUDzLUITBNhpsDwWOABk2W0Il6ZxctEBg2cmgJBnDkDH51stPklwOyh/Ghyth32bU32ugmt9Te2M3ejFg==
R0w/kw95/9hTZ1anWREv3DQDzLUITBNhpsDwWOABk2W0Il6ZxctEBg2cmgJBnDkDH51stPklwOyh/Ghyth32bU32ugmt9Te2M3ejFg==
JYr+GgMjKPoPobEenf/ZXW+O2i7QctQXm2e4PG6j4S089FFSWkiV6tFhsyP8Ln2jWH4dUogYQks+LwEoyvPJ0w+EL3mjHA==
cQhTQQnOm1Uqmi8ZJKQkx0Qs3YVtDULnKXX3oImS0qdIYl2GsO8QOOMju3pjo78dHnlyRI3jTiz5n+sYg6Qu4mC76YIApw4rsz1woxc=
5pO8ov/h4/iblCJ1rI5y5UwKYLXdgKOGIK9KZleW2gtyENF3cTqp9w21fJ0Y1AdnzKQLC0G4KXBcKiJ/I9Lqw+wDgSl6ox0=
1NWQcoz60yq5fdgEJcghI0YFhbdm5hhiED4MWyvL4NAOT3mBjHjJ3trEDWZhzSvPnMIlD+gyxR5IVJoHDgNZxKof0f8/iDd1oxA=
5uQFcmqtKMhIFraEtbdC4WsIkq1m4xtiED4MWyvL4NAOT3mBjHjJ3trEDWZhzSvPnMIlD+gyxR5IVJoHDgNZxKof0f8/iDd1oxA=
8VbXl9/+0cJT4sh3lzkCnlgsp+xfxQViED4MWyvL4NAOT3mBjHjJ3trEDWZhzSvPnMIlD+gyxR5IVJoHDgNZxKof0f8/iDd1oxA=
JMPJvuUlAOlUBcOjuT9x6XUS3a4Vezhep8DwWOABk2W0Il6ZxctEBg2cmgJBnDkDH51stPklwOyh/Ghyth32bU32ugmt9Te2M3ejFg==
qXUhvn/7nkDbAM+NhTuMLBjdlrpaUQOnrWDzFFUAK3a4D+I2r9YCO1rwqWd5OqHn9dVUrUAUf7dkBJN7yTihwMTKSq+bkjKzBCO5OXKjFQ==
M/xKC7bwR6zTtaU3vGOqpR0izIh1Ez37KXj3oImS0qdIYl2GsO8QOOMju3pjo78dHnlyRI3jTiz5n+sYg6Qu4mC76YIApw4rsz1woxc=
hG24PLi1rYcTeN27ycAngl24xC7QctQXm2e4PG6j4S089FFSWkiV6tFhsyP8Ln2jWH4dUogYQks+LwEoyvPJ0w+EL3mjHA==
qjY+vhB15oNXLbzOCbjtaxAv14lyNBDKF2L3oImS0qdIYl2GsO8QOOMju3pjo78dHnlyRI3jTiz5n+sYg6Qu4mC76YIApw4rsz1woxc=
DHHWwnQHAAu9diFMcvWlDgl+cDhZZVgtSv3JoU4bOufa/fRWLbjochAubIvruwBgjr/ZMUwo6c7a1C02oX2LPxxyxX8o4qUOSER6V07zOXQqb3FPf1gXZaMA
cCKQBSGmwm3myVtOaj0XMlqx+kifPJNZyHKlMnTwpCs591BZNwyE/dZyuDP8Ln2jWH4dUogYQks+LwEoyvPJ0w+EL3mjHA==
amUhKozHy46bDF4XdeuNylqx+kifPJNZyHanPHTwpCs591BZNwyE/dZyuDP8Ln2jWH4dUogYQks+LwEoyvPJ0w+EL3mjHA==
cCKQBSGmwm3myVtOaj0XMlqx+kifPJNZyHKlMnTwpCs591BZNwyE/dZyuDP8Ln2jWH4dUogYQks+LwEoyvPJ0w+EL3mjHA==
cCKQBSGmwm3myVtOaj0XMlqx+kifPJNZyHKlMnTwpCs591BZNwyE/dZyuDP8Ln2jWH4dUogYQks+LwEoyvPJ0w+EL3mjHA==
amUhKozHy46bDF4XdeuNylqx+kifPJNZyHanPHTwpCs591BZNwyE/dZyuDP8Ln2jWH4dUogYQks+LwEoyvPJ0w+EL3mjHA==
3MKMWHiS1NrV9z6Di/uK+pdW/wLJQ/Agt/t9Y47JX////zl11i4dZHk0Y79gFLdDhfjtOKBazicH8s77wBOdIX6jGQ==
2ip9dxE9+yiPyS88uafqcZAnVndW43+fYmhmUrrMWyCS/R/6k3pFUlrSoZzJwlJmeDlDDaFF7kxfkAu1+Hq/8BR8fGcJGwj1t6DcEeY+YL+c4mWvaJKF/0g0WqeOo5nkqv8Rn79od1WjMA==
9C9D9atJZOopBakKcnj2BzfV4vL36NM2V8nVOpp5U2epHx8aHX/Ntemwg0BOVRSlRuRRb28l1JRBTSVcOzqu3ahyWBdPYmB6teI6BHXTVswx70KY6xTmwnhL0cLYN3aLe21Yoz8=
rwh4uwmtH3zONqS/Yf52zfaEJ1eNrSoBhh6IHc/VDwesVF1eWt65kPkuSkoYFZvhkQm2gJ9cU/lIlmdcdNDki7mXkHk3LESdVtL4E/xOvUPY3t0ziPgC675PQcjK0wlzj2RvWaM8
hqt+dhYROv1sbYsLqO2eqTHe5PvT78cgcdnVP5ldSWWkHx8aHX/Ntemwg0BOVRSlRuRRb28l1JRBTSVcOzqu3ahyWBdPYmB6teI6BHXTVswx70KY6xTmwnhL0cLYN3aLe21Yoz8=
VpKCDdRIRJ4TG8jQ07T4yhd+YCxRRiViWuLBrAkSMvb4qeNdYbXOPF9gK8W4qh9glOycN0kr6MW3kDwhpm6ALxxyxX8o4qUPSER6V07zOXQqb3FPf1gXZaMA
LFIRThGurr95PeFWW00JegNa5PIeq3ADdE8tZlrmybgZBhoS2M3LiTHhBvgfpOOR6H63BDQINKPZv2BBNxS0tTb6KMu8Fm2reLZtywiAsgMeJxEQCotZW29MH2GjBA==
2rli2Z3t7Fcf1cTc1gWnQXM1mRjFp93noeDaZE02kZyGhEg/f/eJC6qevwaHPwDEy7LEWmB9AfUsh/dWcHt+oPQd7CSZlQCcge1oYpZtNt0tZjqZTUV3RhNnowY=
vsjYPeTgYmVge+h1AsiGdTHe5PvT78cgcdnVP5ldSWW/Hx8aHX/Ntemwg0BOVRSlRuRRb28l1JRBTSVcOzqu3ahyWBdPYmB6teI6BHXTVswx70KY6xTmwnhL0cLYN3aLe21Yoz8=
sNroVOyV4sEYIoQ4DN1zpyqQgr5PBvfyhwt4H2+KivtkhGg5PImwchiHk4Jk0C21+J48s6qBGOQhi7p8TUeW2L/82rJUk4ViLI8aW6cFbKML
IA+fm1i0YnosunpBMoebVG+Y23SGvh/ckukSl+edK0uHbD3epZPKUCkVCk7W7Kmw5jUn6ATps626VC6U2L2xsKhueUHENV+wj4cs+CbezDCRmTD4uRWvFj6Bplm1+trNBYmHYmtbozI=
x2ieKFkWfcVwYWrDMN0awW+Y23SGvh/ckukSl+edK2aQfTzEmOGZUD8cA1nN0t7//WE3qwT/uqStTxDjgaK5qahueUHENV+wj4cs+CbezDCRmTD4uRWvFj6Bplm1+trNBYmHYmtbozI=
I+C7QkUG8lrTnBcezWZb3m+Y23SGvh/ckukSl+edK0uHbD3epZPKUCkVCk7W7Kmw5jUn6ATps626VC6UxLmxuahueUHENV+wj4cs+CbezDCRmTD4uRWvFj6Bplm1+trNBYmHYmtbozI=
Ke2N8wsDGUSl6R9cd2XT9NrMwr7RZHz8qtc503Cs89qfaHNHj0wfGiMu1d/ZyY+yYzRLKa/uU2r31WbdFeXZ5YdSRSUs+tq/ke2kCB0AuaQJe4IchZcKXycskpKso+2ixB+Cu291VKMz
VEqMckNAXYvHDfcXGnM36B7MBUkk56M8I5H1zJHoANSZqcjpW2Z4Ptexo+jMI+ce/EOW3HXyQ//b8G52Jw3+LpD/2zl2oH+kUzSD/wCUFwNj/834wNpuZyfyrjtgk31hXqM5
lfU6POLOTGdaYla9VGHb2bW1soOfC+O8z7EpJvBXFVxW+fiUtDtgLhilua/PmWjZmk6ZMRjhnbvPhUxAIRMI85/621nEWlpoXKoVF4gKFXDPvMo/7htpLOq3IWefcGddozg=
b7xe+aKJq5ScD8/3YQBebVqx+kifPJNZyHKlMnTwpCs591BZNwyE/dZyuDP8Ln2jWH4dVI8YQks+LwEoyvPJ0w+EL3mjHA==
+E2SmxK3ozSibQataJwJtOLzo8be2KvXTirJhc3cz0Xz0hh8TCRfrYzL0FAXJRBcZ6fd3tS7gsdbhet/YccJjHBCXRzA8sm1XL3WIwB7vGxecmzUOcVATGHab1J2vXaNjZa66e2VtxZzV6M2
qF3LoifVDDzKjI7w5c7MsF9Cv01iAH6F0ia31j4ss6NK3zlRnU+50oM7Ck5qha//16KvhFdbKz8rgDcVXqiEbgD7iqWUpZSMkX+QexZhRDV0loJEPIYNG7hmTbwPcJJTXpfxgIob+auvHH9RozQ=
Is3QWTX/4+utCboHkCP7mb4sbI5KS5nMzXCB1P2Rn+JQ5AL95N3Ve7ckWKTPUPiwOCFPSQpTMClY2eTk3rnIqgWISG/XB57ICs2L+bCagZWIgkI2GhIAuFlIlYTlc4YM4c81n9v0NgIoK0FCKNfGywtNSKMv
DIbQ9THhsUXKId7zSJzDu+Lzo8be2KzXTirJhc3cz0Xz0hh8TCRfrYzL0FAXJRBcZ6eJz8imt49brvZjUKFak3xAUxjA8sm1XL3WIwB7vGxecmzUOcVATGHab1J2vXaNjZa66e2VtxZzV6M2
d8Dgppm504QadzOxVADK6Hchz4R25fDev+47I3AxcnYHzktCrbbC+I8k8qtvPrmBoAgnAQiSwNfylPm8kaXbi5bPUpnWMXSYiXGB5PeARGRxV6BjFnl0HZR+Unx8/l2zGI69JI/o4jv+PyF4SiOpw880T0mjLA==
xbnenNvwiHozv01qqiV4M+Lzo8be2KvXTirJhc3cz0Xz0hh8TCQnrYzL0FAXJRBcZ6fd3tS7gsdbhet/YccJmXVPUQrA8sm1XL3WIwB7vGxecmzUOcVATGHab1J2vXaNjZa66e2VtxZzV6M2
/9ErBNcbhBCtaU8LIycfQ9J4EyYSiiqIaWNhRrfrZyCI6jCulVACcBnOvN/UiQNxfCNUBudFzlYMyyr7+W25+BdcfDgBCxj/luXMQeQiaqCc4mWvaJKF+E80WqeOo5nkqv8Rn79od1WjMA==
qJkNxO5zbLCBSfkJcOhCL97fEUthsDJ1GzjOiCu93SgjQU1Czgg9kMwBHIc0dhBZSko3JbPM3PWL3IWa6Am7+gpJx48ZQhwhWgI9BQQKxraemowo5dDx5EHLWvwtB3Hfn7x6MvTTpWIMz7rbB0VMoys=
Mw1y8z8h8GmIwHl8UmQgQKpGnZPKl7poxm83amQmx3k3o7Y0IP5N7ocQeZmNOez0sdmXzvjyZA1ydFJOOTuwCB1coohsDfAHa2/91vfNzk6E9tzeRuAvBMO0M59w1MfjU/+92BAa3sdXcj7bsNMNQU6jKQ==
MJxmVDjD1SZhV0/jrGzIhGaY23SGvhjKmfcSkeCDK2aQfTzEmOGZUD8cA1nN0t7//WE3qlf4raeYHSbZxKu/sKhueUHEMVaniIcs+CbezDCRmTD4uRavFj6Bplm1+trNBYmHYmtbozI=
/M73Dr1KaFluuK1M/96pemSrd8xbr4ZU8Z41FeqmuQd4HGKV1YXAQFUmpNoIT5wCrZtFXipWG97TvYqWaHawhoIQCwy/lO9X1ERDW78/kaAUCjoPCxKCU1RjSRliowU=
pihsil3sbIge+QwTynGysrLacwjs7XpPmwGVKLvKCwavelNeTY2klrk4Tl0XKN792gmmge1GR+REjnBPafTk1LGHgHMWaVTNVM7yDPxOvUPY3t00j/gC675PQcjK0wlzj2RvWaM8
KyImgTcqx/N5oVGWeh90p3srm5h70w5qVG1sWRn4xb9YL1sezZmainrxDNsfrPCa73igES4yNPzRr3BLFlGk5TTmItS8Fm2reLZtzA+AsgMeJxEQCotZW29MH2GjBA==
xE9K1/7HdM1XBEGo/Qp07RPMBUkk56I8I5H1zJGtA9iSlqW6ZFBfffnl7KiBdvAC1A/C2nnLEfbG9nd2Jw3+LpT2zD52oH+kUzSD/wCUFwNj/834wNpuZyfyrjtgk31hXqM5
098oR1yAhLwKYW4eKZCKZXchz4R25fGF6vQsKGogXyIw30RGpb/4n9xv+6ZyOqegw0chRFvEs4P4jqvvjbTwjZrFR7ufRyCij2CQ+e6aRGRxV6BjFnl0HZR+Unx8/l2zGI69JI/o4jv+PyF4SiOpw880T0mjLA==
haRqVkQRqQPiwvuF2wRBcr2z5pxai8FwCTA+0VhoiV8zKOMuv8RriXFEAb605OloNTFgcE9FPeKMz9ILk0F/Ygyw936U8/5sWEZZOdQ5Vr+470zA9hYMaOExkAApni+OjmlG4eWymhX1oacae1OjKg==
B4H892VDA10VORTJXfKJYkp6IHCJwn3YyhLOpIQfj0zcVyeiu9nyw7fZj/7gEUw9OjQantHbCJhlxhk/06x8AxoLLyYf7dY+nPbELl7AR3SLdPtP2HS/c+t/RUioeraXn7L265izFXFWozE=
71ZYGXOHfZaChe4aMm3OB3fv7ipaqOEZ1ou9/RvJMG4WaGokoE9Um87V9QrAF5kTUezmml5sBA03DhgOTz8FLyXY7fdX9ypigKh9TeMSanEHMhXl/BrOtpaK9EjN4CkkuRvyXLV3+V8XDOLSHAMdIlS/0vs/VUSjIw==
j3Mw1WTvaJ1J1aDF8gGrHqtGnZPKl796nTotfW881lRjubAiNc0C1MQXY4uyA87Or9mXzvjyZA1ydFJOOTuwCB1Goa8rDNRTUkvn1vfNzk6E9tzeRuAvBMO0M59w1MfjU/+92BAa3sdXcj7bsNMNQU6jKQ==
JDXD4rKQmvuahzcIbwHNh047Lhj+hsTQgexoNEuNlezENFu0h1Bi9JrYqpTVyZDnokE6fV40JH0K4lf8Ek/N84zACMnx6Yq+Y31athh2QKbSULvsLxSf9wSEczuvP4GAZErq77uSEvOkoxl5UqM1
B4+CW233nKuZdjuwBFln4l9Cv01iAHrehzyg3SQ9nqN8ygwQqQrq1Ik9MxlW0eC52KKvhFdbKz8rgDcVXqiEcCnZ0Zy3uJSMkX+QexZhRDV0loJEPIYNG7hmTbwPcJJTXpfxgIob+auvHH9RozQ=
9UdCtQO/uwfFrVkDBkm4CuVEncJnCC4ZnXRscmgIYoc5dArykmAXR3RIDyo5VhXy9e6swdL0Z0XoFN+7mIYhfMtvfo3n6qm1kHJaNgJiGJhxuF1ErSPurFlfzR9jZE5igPuJguDnrqsTfVCjNw==
b7xe+aKJq5ScD8/3YQBebVqx+kifPJNZyHKlMnTwpCs591BZNwyE/dZyuDP8Ln2jWH4dVI8YQks+LwEoyvPJ0w+EL3mjHA==
+E2SmxK3ozSibQataJwJtOLzo8be2KvXTirJhc3cz0Xz0hh8TCRfrYzL0FAXJRBcZ6fd3tS7gsdbhet/YccJjHBCXRzA8sm1XL3WIwB7vGxecmzUOcVATGHab1J2vXaNjZa66e2VtxZzV6M2
qF3LoifVDDzKjI7w5c7MsF9Cv01iAH6F0ia31j4ss6NK3zlRnU+50oM7Ck5qha//16KvhFdbKz8rgDcVXqiEbgD7iqWUpZSMkX+QexZhRDV0loJEPIYNG7hmTbwPcJJTXpfxgIob+auvHH9RozQ=
Is3QWTX/4+utCboHkCP7mb4sbI5KS5nMzXCB1P2Rn+JQ5AL95N3Ve7ckWKTPUPiwOCFPSQpTMClY2eTk3rnIqgWISG/XB57ICs2L+bCagZWIgkI2GhIAuFlIlYTlc4YM4c81n9v0NgIoK0FCKNfGywtNSKMv
DIbQ9THhsUXKId7zSJzDu+Lzo8be2KzXTirJhc3cz0Xz0hh8TCRfrYzL0FAXJRBcZ6eJz8imt49brvZjUKFak3xAUxjA8sm1XL3WIwB7vGxecmzUOcVATGHab1J2vXaNjZa66e2VtxZzV6M2
d8Dgppm504QadzOxVADK6Hchz4R25fDev+47I3AxcnYHzktCrbbC+I8k8qtvPrmBoAgnAQiSwNfylPm8kaXbi5bPUpnWMXSYiXGB5PeARGRxV6BjFnl0HZR+Unx8/l2zGI69JI/o4jv+PyF4SiOpw880T0mjLA==
xbnenNvwiHozv01qqiV4M+Lzo8be2KvXTirJhc3cz0Xz0hh8TCQnrYzL0FAXJRBcZ6fd3tS7gsdbhet/YccJmXVPUQrA8sm1XL3WIwB7vGxecmzUOcVATGHab1J2vXaNjZa66e2VtxZzV6M2
/9ErBNcbhBCtaU8LIycfQ9J4EyYSiiqIaWNhRrfrZyCI6jCulVACcBnOvN/UiQNxfCNUBudFzlYMyyr7+W25+BdcfDgBCxj/luXMQeQiaqCc4mWvaJKF+E80WqeOo5nkqv8Rn79od1WjMA==
qJkNxO5zbLCBSfkJcOhCL97fEUthsDJ1GzjOiCu93SgjQU1Czgg9kMwBHIc0dhBZSko3JbPM3PWL3IWa6Am7+gpJx48ZQhwhWgI9BQQKxraemowo5dDx5EHLWvwtB3Hfn7x6MvTTpWIMz7rbB0VMoys=
Mw1y8z8h8GmIwHl8UmQgQKpGnZPKl7poxm83amQmx3k3o7Y0IP5N7ocQeZmNOez0sdmXzvjyZA1ydFJOOTuwCB1coohsDfAHa2/91vfNzk6E9tzeRuAvBMO0M59w1MfjU/+92BAa3sdXcj7bsNMNQU6jKQ==
MJxmVDjD1SZhV0/jrGzIhGaY23SGvhjKmfcSkeCDK2aQfTzEmOGZUD8cA1nN0t7//WE3qlf4raeYHSbZxKu/sKhueUHEMVaniIcs+CbezDCRmTD4uRavFj6Bplm1+trNBYmHYmtbozI=
/M73Dr1KaFluuK1M/96pemSrd8xbr4ZU8Z41FeqmuQd4HGKV1YXAQFUmpNoIT5wCrZtFXipWG97TvYqWaHawhoIQCwy/lO9X1ERDW78/kaAUCjoPCxKCU1RjSRliowU=
pihsil3sbIge+QwTynGysrLacwjs7XpPmwGVKLvKCwavelNeTY2klrk4Tl0XKN792gmmge1GR+REjnBPafTk1LGHgHMWaVTNVM7yDPxOvUPY3t00j/gC675PQcjK0wlzj2RvWaM8
KyImgTcqx/N5oVGWeh90p3srm5h70w5qVG1sWRn4xb9YL1sezZmainrxDNsfrPCa73igES4yNPzRr3BLFlGk5TTmItS8Fm2reLZtzA+AsgMeJxEQCotZW29MH2GjBA==
xE9K1/7HdM1XBEGo/Qp07RPMBUkk56I8I5H1zJGtA9iSlqW6ZFBfffnl7KiBdvAC1A/C2nnLEfbG9nd2Jw3+LpT2zD52oH+kUzSD/wCUFwNj/834wNpuZyfyrjtgk31hXqM5
098oR1yAhLwKYW4eKZCKZXchz4R25fGF6vQsKGogXyIw30RGpb/4n9xv+6ZyOqegw0chRFvEs4P4jqvvjbTwjZrFR7ufRyCij2CQ+e6aRGRxV6BjFnl0HZR+Unx8/l2zGI69JI/o4jv+PyF4SiOpw880T0mjLA==
haRqVkQRqQPiwvuF2wRBcr2z5pxai8FwCTA+0VhoiV8zKOMuv8RriXFEAb605OloNTFgcE9FPeKMz9ILk0F/Ygyw936U8/5sWEZZOdQ5Vr+470zA9hYMaOExkAApni+OjmlG4eWymhX1oacae1OjKg==
B4H892VDA10VORTJXfKJYkp6IHCJwn3YyhLOpIQfj0zcVyeiu9nyw7fZj/7gEUw9OjQantHbCJhlxhk/06x8AxoLLyYf7dY+nPbELl7AR3SLdPtP2HS/c+t/RUioeraXn7L265izFXFWozE=
71ZYGXOHfZaChe4aMm3OB3fv7ipaqOEZ1ou9/RvJMG4WaGokoE9Um87V9QrAF5kTUezmml5sBA03DhgOTz8FLyXY7fdX9ypigKh9TeMSanEHMhXl/BrOtpaK9EjN4CkkuRvyXLV3+V8XDOLSHAMdIlS/0vs/VUSjIw==
j3Mw1WTvaJ1J1aDF8gGrHqtGnZPKl796nTotfW881lRjubAiNc0C1MQXY4uyA87Or9mXzvjyZA1ydFJOOTuwCB1Goa8rDNRTUkvn1vfNzk6E9tzeRuAvBMO0M59w1MfjU/+92BAa3sdXcj7bsNMNQU6jKQ==
JDXD4rKQmvuahzcIbwHNh047Lhj+hsTQgexoNEuNlezENFu0h1Bi9JrYqpTVyZDnokE6fV40JH0K4lf8Ek/N84zACMnx6Yq+Y31athh2QKbSULvsLxSf9wSEczuvP4GAZErq77uSEvOkoxl5UqM1
B4+CW233nKuZdjuwBFln4l9Cv01iAHrehzyg3SQ9nqN8ygwQqQrq1Ik9MxlW0eC52KKvhFdbKz8rgDcVXqiEcCnZ0Zy3uJSMkX+QexZhRDV0loJEPIYNG7hmTbwPcJJTXpfxgIob+auvHH9RozQ=
9UdCtQO/uwfFrVkDBkm4CuVEncJnCC4ZnXRscmgIYoc5dArykmAXR3RIDyo5VhXy9e6swdL0Z0XoFN+7mIYhfMtvfo3n6qm1kHJaNgJiGJhxuF1ErSPurFlfzR9jZE5igPuJguDnrqsTfVCjNw==
b7xe+aKJq5ScD8/3YQBebVqx+kifPJNZyHKlMnTwpCs591BZNwyE/dZyuDP8Ln2jWH4dVI8YQks+LwEoyvPJ0w+EL3mjHA==
b7xe+aKJq5ScD8/3YQBebVqx+kifPJNZyHKlMnTwpCs591BZNwyE/dZyuDP8Ln2jWH4dVI8YQks+LwEoyvPJ0w+EL3mjHA==
b7xe+aKJq5ScD8/3YQBebVqx+kifPJNZyHKlMnTwpCs591BZNwyE/dZyuDP8Ln2jWH4dVI8YQks+LwEoyvPJ0w+EL3mjHA==
ERC0QdCw08+VbZuogxlO79wQhTciQTjkAUsa/O2Hsd/fPLoyNFPlYkxPetvHxQyjaw==
Ed/1ZBqrD/jcQnvg/TzDVzT2+FW7pmre2fVRTaACL1wk9CtvyLQv0xt/dag4uqb3TzKGC6jz5dEGo2E=
1T/RDi43PuJMvEkObw0qv4YgOMJxdxrhIlhu8h+NTGCxiXBoGUavRp4R5kmVqlqdJZnH8ssLo2I=
bCOir6lgYrOwH4PUMWqBHTHe5PvT78cgcdnVP5ldSWW/Hx8aHX/Ntemwg0BOVRSlRuRRb28l1JRFTytcOzqu3ahyWBdPYmB6teI6BHXTVswx70Wf6xTmwnhL0cLYN3aLe21Yoz8=
+hoppMUKmkNc9AxA06B0enM1mRjFp93noeDaZE02kZyGhEg/f/eJC6qevwaHPwDAybzEWmB9AfUsh/dWcHt+oPQd7CSZlQCcgepvYpZtNt0tZjqZTUV3RhNnowY=
vvbH2aBspzcfGdZwi82WnQNa5PIeq3ADdE8tZlrmybgZBhoS2M3LiTHhBvgfpOOR6Hq1CjQINKPZv2BBNxS0tTb6KMu8Fm2reLZtzA+AsgMeJxEQCotZW29MH2GjBA==
/xDpBPsY+1J2Xykr3Rk+0Rd+YCxRRiViWuLBrAkSMvb4qeNdYbXOPF9gK8W4rh1ulOycN0kr6MW3kDwhpm6ALxxyxX8o4qUIT0R6V07zOXQqb3FPf1gXZaMA
TBASAMikRaX6uiF0xgpfJTHe5PvT78cgcdnVP5ldSWWkHx8aHX/Ntemwg0BOVRSlRuRRb28l1JRFTytcOzqu3ahyWBdPYmB6teI6BHXTVswx70Wf6xTmwnhL0cLYN3aLe21Yoz8=
0Z7M1oa4/jDe2yRp4ZPtG/aEJ1eNrSoBhh6IHc/VDwesVF1eWt65kPkuSkoYFZvhkQm2gJ9cU/lIkmVSdNDki7mXkHk3LESdVtL4E/xOvUPY3t00j/gC675PQcjK0wlzj2RvWaM8
sh+dAmfdlROXFljE5KZkVjfV4vL36NM2V8nVOpp5U2epHx8aHX/Ntemwg0BOVRSlRuRRb28l1JRFTytcOzqu3ahyWBdPYmB6teI6BHXTVswx70Wf6xTmwnhL0cLYN3aLe21Yoz8=
pWyxIJCNcpgh2u5j2xBoh5AnVndW43+fYmhmUrrMWyCS/R/6k3pFUlrSoZzJwlJmeDlDDaFF7kxfkAu1+H69/hR8fGcJGwj1t6DcEeY+YL+c4mWvaJKF+E80WqeOo5nkqv8Rn79od1WjMA==
Wz1/6YGPQy8PPaaf2dRAte3Gqw31jDM+uon+BXMQWs7wtWUvJQdpky/bDlCkP+wtk6yVAxsnDAn68zVKXpu4hRL0S69oNI+T+39VaFg6xjdvMmZLSHNFEWajAQ==
tk46UzBPbQcbYG345MWwVsi/MAxwmZ2oNBJexavzaz+nzwE7IEyqB+Ixndy7H3Uf4lW0M3sWsCPWGbyExTPmjAEPVZ/7NJaCiOuhQkiXJkurDWijDw==
