PjqzA40dkaHxk24HsaiFEFzid3v32eYcazq096dnGFDBg1Xl7aBhiHlvdtqxSkJ+sdrZnGx7sK7T7ipJ5VS3BzzkO+s4uBlXrGqT31NSemM8Q1EJaqMN
wGNe6ncCrHVF/RysV8Vv3ATwdFqI439ROyx+D/BNvj01CshMVxR4SPLk0JSTkGSG1zzhemL6JezRF+0JAy1TLMSvjMY2XNI6ERlMADXd2ig6z3CNt5k29/2K9YQ1ERJaf/GNnMBT4V3h4O3wDT/i8ozqnpZFKg2EoPv8toeeXiG59IsvqDTPE7R4Fe8YOoe3LzImy4hzhZGmo8E=
bRBNcm0fsay/dLcwMClOJSPsKZAV6sFUv4EoKqyNtQ5sU0rY04WOAWpj7ZVlIOk4gc8eAmkKeo6ZusGMZHu4vssOAjndlO9X1ERDW7A4kacUCjsPCxKCU1RjSRliowU=
z25Y1f1uK6emFoCJ4nNmpWLNw/tPWLqwwF92CWuKiv1VyjIoMoTxGFyNhJJo/WO99dc4sYqNDuQhi7p8TUee2L/72rJVk4ViLI8aW6cFbKML
JhhdzdavdYKAJTfWtDp7T9/4242Yog+Y1FQMv6lj2N23iAxpRuYQl1yK1XcIqlWXz9wNn276KQzq1+HHH5AnfaMY
jKMu+V3A2nfFmTvTBhihCcJXOGtevncX8ZQaJuT8s0PdZfA/GlqA5PxHozgUZUpsOsuQuNjes6lNW3SKm5oSWf8ml7ui8fQ0AGxyRwTW3fPMbjzB7P4VBFD1JIV7nJUpVWv2f+5mMXRbwy5L36uEcWVd8fAuLXvmx/SVeHono2XL1MtYMoLBPiN8kyvbOgIs21VwdewU33dEhLO7az9BByRKq297ktJz5KNZ+ZKj9Q==
uZu9lQvSNNWBLFI9uoaT9zT2+FW7pmre2fVRTaACL1wk9CtvyLQv0x9/da84uqf3TzKGC6jz5dEGo2E=
JHkHyGjQd0JwzaOy6+T0HYYgOMJxdxrhIlhu8h+NTGCxiXBoGUKvRpkR5kiVqlqdJZnH8ssLo2I=
o7n3VHQO7eSgcfBOZwQ/cd/4242Yog+Y1FQMv6lj2N23iAxpRuYQl1yK1XcIqlWUz9wNn276KQzq1+HHH5AnfaMY
xzzgqOVMAbKbdPd9998RPd/4242Yog+Y1FQMv6lj2N23iAxpRuYQl1yK1XcIqlWVz9wNn276KQzq1+HHH5AnfaMY
xzzgqOVMAbKbdPd9998RPd/4242Yog+Y1FQMv6lj2N23iAxpRuYQl1yK1XcIqlWVz9wNn276KQzq1+HHH5AnfaMY
xzzgqOVMAbKbdPd9998RPd/4242Yog+Y1FQMv6lj2N23iAxpRuYQl1yK1XcIqlWVz9wNn276KQzq1+HHH5AnfaMY
7SmjQLayJABbReU9TpXzNlqx+kifPJNZyHanPHTwpCs591BZNwyE/dZyuDP8Ln2jWH4dUY8YRUs+LgEoyvPJ0w+EL3mjHA==
b/zWgaNty2FKRdsIYr48n6ATfyABInpHMJIFRoi/yFgLM7N6a7PX/UapSgRVk7ZMUS9gnwtTRkLZCzHC+PfWC5steKMf
WE4qQ9ughtHhQlQQNuwcRKETfyABInpHMJIFRoi/yFgLM7N6a7PX/UapSgRVk7ZMUS9gnwtTRkLZCzHC+PfWC5steKMf
5SS0s6FDsGt+mgO21ChvQaMSfyABInpHMJIFRoi/yFgLM7N6a7PX/UapSgRVk7ZMUS9gnwtTRkLZCzHC+PfWC5steKMf
jElVgfy9UtMwPFMiNOEmD6ESfyABInpHMJIFRoi/yFgLM7N6a7PX/UapSgRVk7ZMUS9gnwtTRkLZCzHC+PfWC5steKMf
RedkxGkJKyTBkenlBQ/oI0F34qjfKrNgzVqOF+Q6ueYUV7yon6s/+ucrQ42ywdak6TvinCXXK19Ha3ISDWPNouTf4juPNXSjEw==
WlIH3BU6p9t97Juthd6rvmFOS7XdgKOGIK9KZleW2gtyENF3cTqp9w21fJ0Y1AdnzKQLC0W/KXdcKiN/I9Lqw+wDgSl6ox0=
ynseaTLElym3bXZTztCbTmNOS7XdgKOGIK9KZleW2gtyENF3cTqp9w21fJ0Y1AdnzKQLC0W/KXdcKiN/I9Lqw+wDgSl6ox0=
ZI3SaJn22pulrknpTSDFVaMTfyABInpHMJIFRoi/yFgLM7N6a7PX/UapSgRVk7ZMUS9nnwtTRkLZCzHC+PfWC5steKMf
Q1TPm4XkfM7xOYnlR7tVspwFinpShUtEvq4hDSOE/4nRUkElUpK3nMVBh6C58gJnOILtBiBPQPjTQ6t6c0OPXc7Z4sQ9g75sqX/fH3ODfiLRGxkCkEdea0MdYKMH
bwaYS3OSwU+kCOuTiNAVyVqx+kifPJNZyHKlMnTwpCs591BZNwyE/dZyuDP8Ln2jWH4dVo8YRUs+LgEoyvPJ0w+EL3mjHA==
W+AhqRn4PLYjBzNLnWpCNVqx+kifPJNZyHanPHTwpCs591BZNwyE/dZyuDP8Ln2jWH4dVo8YRUs+LgEoyvPJ0w+EL3mjHA==
bJAyzPfwRFYf6FVBMPvSy6ATfyABInpHMJIFRoi/yFgLM7N6a7PX/UapSgRVk7ZMUS9nnwtTRkLZCzHC+PfWC5steKMf
A9RlWxxEw8PdJ5hAikICa6ETfyABInpHMJIFRoi/yFgLM7N6a7PX/UapSgRVk7ZMUS9nnwtTRkLZCzHC+PfWC5steKMf
0Bw9THGiQ6mc7HDm0u46CaMSfyABInpHMJIFRoi/yFgLM7N6a7PX/UapSgRVk7ZMUS9nnwtTRkLZCzHC+PfWC5steKMf
ikrcoly6awxQz+YHMsmbEKESfyABInpHMJIFRoi/yFgLM7N6a7PX/UapSgRVk7ZMUS9nnwtTRkLZCzHC+PfWC5steKMf
RedkxGkJKyTBkenlBQ/oI0F34qjfKrNgzVqOF+Q6ueYUV7yon6s/+ucrQ42ywdak6TvinCXXK19Ha3ISDWPNouTf4juPNXSjEw==
WlIH3BU6p9t97Juthd6rvmFOS7XdgKOGIK9KZleW2gtyENF3cTqp9w21fJ0Y1AdnzKQLC0W/KXdcKiN/I9Lqw+wDgSl6ox0=
ynseaTLElym3bXZTztCbTmNOS7XdgKOGIK9KZleW2gtyENF3cTqp9w21fJ0Y1AdnzKQLC0W/KXdcKiN/I9Lqw+wDgSl6ox0=
ZI3SaJn22pulrknpTSDFVaMTfyABInpHMJIFRoi/yFgLM7N6a7PX/UapSgRVk7ZMUS9nnwtTRkLZCzHC+PfWC5steKMf
bwaYS3OSwU+kCOuTiNAVyVqx+kifPJNZyHKlMnTwpCs591BZNwyE/dZyuDP8Ln2jWH4dVo8YRUs+LgEoyvPJ0w+EL3mjHA==
W+AhqRn4PLYjBzNLnWpCNVqx+kifPJNZyHanPHTwpCs591BZNwyE/dZyuDP8Ln2jWH4dVo8YRUs+LgEoyvPJ0w+EL3mjHA==
bJAyzPfwRFYf6FVBMPvSy6ATfyABInpHMJIFRoi/yFgLM7N6a7PX/UapSgRVk7ZMUS9nnwtTRkLZCzHC+PfWC5steKMf
A9RlWxxEw8PdJ5hAikICa6ETfyABInpHMJIFRoi/yFgLM7N6a7PX/UapSgRVk7ZMUS9nnwtTRkLZCzHC+PfWC5steKMf
0Bw9THGiQ6mc7HDm0u46CaMSfyABInpHMJIFRoi/yFgLM7N6a7PX/UapSgRVk7ZMUS9nnwtTRkLZCzHC+PfWC5steKMf
ikrcoly6awxQz+YHMsmbEKESfyABInpHMJIFRoi/yFgLM7N6a7PX/UapSgRVk7ZMUS9nnwtTRkLZCzHC+PfWC5steKMf
RedkxGkJKyTBkenlBQ/oI0F34qjfKrNgzVqOF+Q6ueYUV7yon6s/+ucrQ42ywdak6TvinCXXK19Ha3ISDWPNouTf4juPNXSjEw==
WlIH3BU6p9t97Juthd6rvmFOS7XdgKOGIK9KZleW2gtyENF3cTqp9w21fJ0Y1AdnzKQLC0W/KXdcKiN/I9Lqw+wDgSl6ox0=
ynseaTLElym3bXZTztCbTmNOS7XdgKOGIK9KZleW2gtyENF3cTqp9w21fJ0Y1AdnzKQLC0W/KXdcKiN/I9Lqw+wDgSl6ox0=
ZI3SaJn22pulrknpTSDFVaMTfyABInpHMJIFRoi/yFgLM7N6a7PX/UapSgRVk7ZMUS9nnwtTRkLZCzHC+PfWC5steKMf
bwaYS3OSwU+kCOuTiNAVyVqx+kifPJNZyHKlMnTwpCs591BZNwyE/dZyuDP8Ln2jWH4dVo8YRUs+LgEoyvPJ0w+EL3mjHA==
W+AhqRn4PLYjBzNLnWpCNVqx+kifPJNZyHanPHTwpCs591BZNwyE/dZyuDP8Ln2jWH4dVo8YRUs+LgEoyvPJ0w+EL3mjHA==
bwaYS3OSwU+kCOuTiNAVyVqx+kifPJNZyHKlMnTwpCs591BZNwyE/dZyuDP8Ln2jWH4dVo8YRUs+LgEoyvPJ0w+EL3mjHA==
bwaYS3OSwU+kCOuTiNAVyVqx+kifPJNZyHKlMnTwpCs591BZNwyE/dZyuDP8Ln2jWH4dVo8YRUs+LgEoyvPJ0w+EL3mjHA==
W+AhqRn4PLYjBzNLnWpCNVqx+kifPJNZyHanPHTwpCs591BZNwyE/dZyuDP8Ln2jWH4dVo8YRUs+LgEoyvPJ0w+EL3mjHA==
3XkKOTwA0mcTxd5WamTr55dW/wLJQ/Agt/t9Y47JX////zl11i4dZHk0Y79gFLdDgf/tP6BazycH8s77wBOdIX6jGQ==
TCvvi+iOXPqiiAmXef57o5AnVndW43+fYmhmUrrMWyCS/R/6k3pFUlrSoZzJwlJmeDlDDaFF7kxfkAu1+Hq/8BR8fGcJGwj1t6DcEeY+YL+c4mWvaJKF+080XaeOopnkqv8Rn79od1WjMA==
zMcftY09+0TbP5igVjad4DfV4vL36NM2V8nVOpp5U2epHx8aHX/Ntemwg0BOVRSlRuRRb28l1JRBTSVcOzqu3ahyWBdPYmB6teI6BHXTVswx70af6xPmwnlL0cLYN3aLe21Yoz8=
laz0V+R28SWMkugdO1wY6vaEJ1eNrSoBhh6IHc/VDwesVF1eWt65kPkuSkoYFZvhkQm2gJ9cU/lIlmdcdNDki7mXkHk3LESdVtL4E/xOvUPY3t03j/gF675OQcjK0wlzj2RvWaM8
6nkU31AULlRqvFMn65PsiDHe5PvT78cgcdnVP5ldSWWkHx8aHX/Ntemwg0BOVRSlRuRRb28l1JRBTSVcOzqu3ahyWBdPYmB6teI6BHXTVswx70af6xPmwnlL0cLYN3aLe21Yoz8=
wecBGWMD7SBAF+DDo7uoJRd+YCxRRiViWuLBrAkSMvb4qeNdYbXOPF9gK8W4qh9glOycN0kr6MW3kDwhpm6ALxxyxX8o4qULT0R9V07yOXQqb3FPf1gXZaMA
lOl7cDKSc9eNrnsN7cUCJgNa5PIeq3ADdE8tZlrmybgZBhoS2M3LiTHhBvgfpOOR6H63BDQINKPZv2BBNxS0tTb6KMu8Fm2reLZtzw+AtQMeJhEQCotZW29MH2GjBA==
cMiJqwVy1cS1kJAJoWGNUXM1mRjFp93noeDaZE02kZyGhEg/f/eJC6qevwaHPwDEy7LEWmB9AfUsh/dWcHt+oPQd7CSZlQCcgelvYpFtNtwtZjqZTUV3RhNnowY=
/JzhrbQyIIXPXHmQBCzsQjHe5PvT78cgcdnVP5ldSWW/Hx8aHX/Ntemwg0BOVRSlRuRRb28l1JRBTSVcOzqu3ahyWBdPYmB6teI6BHXTVswx70af6xPmwnlL0cLYN3aLe21Yoz8=
serEkhjV9zmUyPVQ/4vCbSqQgr5PBvfyhwt4H2+KivtkhGg5PImwchiHk4Jk0C21+J48s6qBGOQhi7p8TUeS37/72rJVk4ViLI8aW6cFbKML
PHqcKbH+hvzhPcKDZDLDY6T3A+O4gA76jV9GA1k4dyR5m7Jcdfc5W1eKItJdg10ilD+S+//VBKNj
BAUXLR35OO9/g4+dAMlyq4ghKd1icxqxfWUnvF6QTGCxiXBoGUKqRpgR5kiVqlqdJZnH8ssLo2I=
hcP/Z+me1DyGemCIlFSRqUf3DWrfNQoiDWUh8dhJ5m/UZbt0q0YdvJP4uwLyAxFiRUgkt7vW+GGqiU8ia6q4NFYKOzFl1ewUtgnZHYE0NBbcCgMS80jgLg6niIfJeFh8E4XeSC3NQtOWh8+6scsEClPQ/C5FBp/z4V9TlgHhpPzSywqOVp1zaObHqwhH3oyuGxkCKr1YruSBS5r8bYcw2l86OjK1U2VizE/620fFjKPr
I3O+H9/2YmYl8ig1D1WGqzT2+FW7pmre2fVRTaACL1wk9CtvyLQv0xp6da44uqf3TzKGC6jz5dEGo2E=
HKpuTNrGivYw7wEuB1dO2oYgOMJxdxrhIlhu8h+NTGCxiXBoGUeqRpgR5kiVqlqdJZnH8ssLo2I=
mZVuxo9FTrSxlNDzmGQSN9G70I+EsA6KxURPr7Y22NeMyQs5SvgaglyK1XcIqlWRytwMn276KQzq1+HHH5AnfaMY
qK9XhYHcBVmwk0Kzv5Df7Ef3DWrfNQoiDWUh8dhJ5m/UZbt0q0YdvJP4uwLyAxFiRUgkt7vW+GGqiU8ia6q4NFYKOzFl1ewUtgnZHYE0NBbcCgMS80jgLg6niIfJeFh8E4XeSC3NQtOWh8+6scsEClPQ/C5FBp/z4V9TlgHhpPzSywqOVp1zaObHqwhH3oyuGxkCKr1YruSBS5r8bYc22V86OjK1U2VizE/620fFjKPr
+xTMP4d9wFZ9wBV0+qIB8zT2+FW7pmre2fVRTaACL1wk9CtvyLQv0xx5da44uqf3TzKGC6jz5dEGo2E=
8bsOx824l8kwZrFQCiEiT4YgOMJxdxrhIlhu8h+NTGCxiXBoGUGpRpgR5kiVqlqdJZnH8ssLo2I=
RcA0wQgiUod9BVWCH5tawdG70I+EsA6KxURPr7Y22NeMyQs5SvgaglyK1XcIqlWXydwMn276KQzq1+HHH5AnfaMY
nB306zXSDlMcn2zjizja3Vqx+kifPJNZyHKlMnTwpCs591BZNwyE/dZyuDP8Ln2jWH4dVIkYREs+LgEoyvPJ0w+EL3mjHA==
s3ljcxnW8XZRA0bBoF/p5Xkrm5h70w5lEDAzZVj80r5kQkgjmdbaxy66U7kP8uWW82+WRXIpNPzRr3BLFlGk5TTmItS8Fm2reLZtzAmAtAMeJhEQCotZW29MH2GjBA==
G4EcXSyQZrIjRCl4SJwM+Xkrm5h70w5lEDAzZVj80r5kQkojmdbaxy+6U7kP8uWW82+WRXIpNPzRr3BLFlGk5TTmItS8Fm2reLZtzAmAtAMeJhEQCotZW29MH2GjBA==
uESKs1ILmrd/rKDxvnvtCrLacwjs7XpA3wefFunCBhaFQwBQf43joPclXwlJTs772hOhi9cSceNSg1MdM/Hk1LGHgHMWaVTNVM7yDPxOvUPY3t00ifgE675OQcjK0wlzj2RvWaM8
0PoNwkFh0tpeqj3Vqlq5NLLacwjs7XpA3wefFunCBhaFQwBQf43hoPclXwlJTs772hOhi9cSceNSg1MdMfHk1LGHgHMWaVTNVM7yDPxOvUPY3t00ifgE675OQcjK0wlzj2RvWaM8
toMfhetdqAud2XwR9Th5wWaY23SGvlzbkusFgOa+Tk2ReQ6RkNzVUDUqT1PLm7vwomFy9QXpt7yNSQrV5+/hrqhueUHEMVaniIcs+CbezDCRmTD4uRapFjiBpli1+trNBYmHYmtbozI=
HPAjJQuFiGABuzdqscUIVLLacwjs7Xsbih2IHfPTKxazVjUReICTo/clXwlKTs772hOhi9cSceNSg1MdMfDk1LGHgHMWaVTNVM7yDPxOvUPY3t00ifgE675OQcjK0wlzj2RvWaM8
2r7KvzjercUjEe4ugPoxObLacwjs7Xsbih2IHfPTKxazVjUReoCTo/clXwlLTs772hOhi9cSceNSg1MdM/Dk1LGHgHMWaVTNVM7yDPxOvUPY3t00ifgE675OQcjK0wlzj2RvWaM8
nB306zXSDlMcn2zjizja3Vqx+kifPJNZyHKlMnTwpCs591BZNwyE/dZyuDP8Ln2jWH4dVIkYREs+LgEoyvPJ0w+EL3mjHA==
s3ljcxnW8XZRA0bBoF/p5Xkrm5h70w5lEDAzZVj80r5kQkgjmdbaxy66U7kP8uWW82+WRXIpNPzRr3BLFlGk5TTmItS8Fm2reLZtzAmAtAMeJhEQCotZW29MH2GjBA==
G4EcXSyQZrIjRCl4SJwM+Xkrm5h70w5lEDAzZVj80r5kQkojmdbaxy+6U7kP8uWW82+WRXIpNPzRr3BLFlGk5TTmItS8Fm2reLZtzAmAtAMeJhEQCotZW29MH2GjBA==
uESKs1ILmrd/rKDxvnvtCrLacwjs7XpA3wefFunCBhaFQwBQf43joPclXwlJTs772hOhi9cSceNSg1MdM/Hk1LGHgHMWaVTNVM7yDPxOvUPY3t00ifgE675OQcjK0wlzj2RvWaM8
0PoNwkFh0tpeqj3Vqlq5NLLacwjs7XpA3wefFunCBhaFQwBQf43hoPclXwlJTs772hOhi9cSceNSg1MdMfHk1LGHgHMWaVTNVM7yDPxOvUPY3t00ifgE675OQcjK0wlzj2RvWaM8
toMfhetdqAud2XwR9Th5wWaY23SGvlzbkusFgOa+Tk2ReQ6RkNzVUDUqT1PLm7vwomFy9QXpt7yNSQrV5+/hrqhueUHEMVaniIcs+CbezDCRmTD4uRapFjiBpli1+trNBYmHYmtbozI=
HPAjJQuFiGABuzdqscUIVLLacwjs7Xsbih2IHfPTKxazVjUReICTo/clXwlKTs772hOhi9cSceNSg1MdMfDk1LGHgHMWaVTNVM7yDPxOvUPY3t00ifgE675OQcjK0wlzj2RvWaM8
2r7KvzjercUjEe4ugPoxObLacwjs7Xsbih2IHfPTKxazVjUReoCTo/clXwlLTs772hOhi9cSceNSg1MdM/Dk1LGHgHMWaVTNVM7yDPxOvUPY3t00ifgE675OQcjK0wlzj2RvWaM8
nB306zXSDlMcn2zjizja3Vqx+kifPJNZyHKlMnTwpCs591BZNwyE/dZyuDP8Ln2jWH4dVIkYREs+LgEoyvPJ0w+EL3mjHA==
nB306zXSDlMcn2zjizja3Vqx+kifPJNZyHKlMnTwpCs591BZNwyE/dZyuDP8Ln2jWH4dVIkYREs+LgEoyvPJ0w+EL3mjHA==
nB306zXSDlMcn2zjizja3Vqx+kifPJNZyHKlMnTwpCs591BZNwyE/dZyuDP8Ln2jWH4dVIkYREs+LgEoyvPJ0w+EL3mjHA==
/I4g0A6qQQfgpas1cJSjx9wQhTciQTjkAUsa/O2HsdnfOroyNVPlYkxPetvHxQyjaw==
FvIXEghbcz5uObu5n2PJiDT2+FW7pmre2fVRTaACL1wk9CtvyLQv0xt5da44uqf3TzKGC6jz5dEGo2E=
9+GsgJ2lO/hUfyg8GgZlU4YgOMJxdxrhIlhu8h+NTGCxiXBoGUapRpgR5kiVqlqdJZnH8ssLo2I=
735YtDSBFWrAomADGSMNTzHe5PvT78cgcdnVP5ldSWW/Hx8aHX/Ntemwg0BOVRSlRuRRb28l1JRFTytcOzqu3ahyWBdPYmB6teI6BHXTVswx70WZ6xLmwnlL0cLYN3aLe21Yoz8=
kx1NnwQVGw0X48fC4RCmo3M1mRjFp93noeDaZE02kZyGhEg/f/eJC6qevwaHPwDAybzEWmB9AfUsh/dWcHt+oPQd7CSZlQCcgeppYpBtNtwtZjqZTUV3RhNnowY=
hNYf3lhN/EEmcrFhTglrqwNa5PIeq3ADdE8tZlrmybgZBhoS2M3LiTHhBvgfpOOR6Hq1CjQINKPZv2BBNxS0tTb6KMu8Fm2reLZtzAmAtAMeJhEQCotZW29MH2GjBA==
boHbLTGvSNxT02DsmQG5kBd+YCxRRiViWuLBrAkSMvb4qeNdYbXOPF9gK8W4rh1ulOycN0kr6MW3kDwhpm6ALxxyxX8o4qUISUR8V07yOXQqb3FPf1gXZaMA
uiOQsvwAOkzUyWO8O/JkMzHe5PvT78cgcdnVP5ldSWWkHx8aHX/Ntemwg0BOVRSlRuRRb28l1JRFTytcOzqu3ahyWBdPYmB6teI6BHXTVswx70WZ6xLmwnlL0cLYN3aLe21Yoz8=
wm82jxl8MNT9cYl9Hr6P8vaEJ1eNrSoBhh6IHc/VDwesVF1eWt65kPkuSkoYFZvhkQm2gJ9cU/lIkmVSdNDki7mXkHk3LESdVtL4E/xOvUPY3t00ifgE675OQcjK0wlzj2RvWaM8
6hlbaL1Q0KYR2hfyJtbmrDfV4vL36NM2V8nVOpp5U2epHx8aHX/Ntemwg0BOVRSlRuRRb28l1JRFTytcOzqu3ahyWBdPYmB6teI6BHXTVswx70WZ6xLmwnlL0cLYN3aLe21Yoz8=
g/yK3WjwMgZ+mwm+i1M75JAnVndW43+fYmhmUrrMWyCS/R/6k3pFUlrSoZzJwlJmeDlDDaFF7kxfkAu1+H69/hR8fGcJGwj1t6DcEeY+YL+c4mWvaJKF+Ek0XKeOopnkqv8Rn79od1WjMA==
XjJvmg+VN3x+9NNOPok/Ve3Gqw31jDM+uon+BXMQWs7wtWUvJQdpky/bDlCkP+wtk6yVAxsnDAn68zVKXpu4hRL0S69oNI+T+3lVblg6xzdvMmZLSHNFEWajAQ==
oVoahkYLvOm5e38yil8Bhsi/MAxwmZ2oNBJexavzaz+nzwE7IEyqB+Ixndy7H3Uf4lW0M3sWsCPWGbyExTPmjAEPVZn7MpaCieuhQkiXJkurDWijDw==
