tdsxIcQ/mRdlq1EJQcUSjVzid3v32eYcazq096dnGFDBg1Xl7aBhiHlvdtqxSkJ+sdrZnGx7sK7T7ipJ5VS3BzzkO+s3uhlWrWqS31Nae2M8Q1EJYKkX
/ObapB3umEwNWhnZwp+xOATwdFqI439ROyx+D/BNvj01CshMVxR4SPLk0JSTkGSG1zzhemL6JezRF+0JAy1TLMSvjMY2XNI6ERlMADXd2ig6z3CNt5k29/2K9YQ1ERJaf/GNnMBT4V3h4O3wDT/i8ozqnpZFKg2EoPv8toeeXiG59IsvqDTPE7t6Fe4ZOoa3Lzony4hzhZGsqds=
J57sQ4/OPuUnFrx06224lSPsKZAV6sFUv4EoKqyNtQ5sU0rY04WOAWpj7ZVlIOk4gc8eAmkKeo6ZusGMZHu4vssOAjndlO9X1ERDW786kaYVCjoPCxqDU1RjSRloqR8=
nSWViA+hBVce3TTk02d2jmLNw/tPWLqwwF92CWuKiv1VyjIoMoTxGFyNhJJo/WO99dc4sYqNDuQhi7p8TUeR2r/627JUk4VqLY8aW6cFZqkR
GpHMKQ5I7AkdNOV6KMzPWt/4242Yog+Y1FQMv6lj2N23iAxpRuYQl1yK1XcIqlWeytwMnm77KQzi1uHHH5And6kC
OA1zUht3+s3ZdRbZ6HMhjJl+EXJLgdwNPaTZjqz2g2GVZ7SzkpHPirZJKwILYIsKPZTrpckNfl+Ax8GXdoyxO0ohz9eW3N4/SaET2GxUW3N/+0EFPmie5E+77axrdVNyWcye9eUSXEhoMI45d4J3zOAmBnl6eLS80ObtCFoTLuwxrbuXvFbt63j27YMKQDTCHueR0AJK2ZtvjJ+rqd4=
lOBhPSmJGnX0HV8W/5AzzjT2+FW7pmre2fVRTaACL1wk9CtvyLQv0xR6da45uqb3TzqHC6jz5dEMqXs=
cESp7pcvbUonLD87kR2XBYYgOMJxdxrhIlhu8h+NTGCxiXBoGUmqRpgQ5kmVqlKcJZnH8ssBqXg=
7ND5WqoF/8DpM3CsqS01d9/4242Yog+Y1FQMv6lj2N23iAxpRuYQl1yK1XcIqlWfytwMnm77KQzi1uHHH5And6kC
7ND5WqoF/8DpM3CsqS01d9/4242Yog+Y1FQMv6lj2N23iAxpRuYQl1yK1XcIqlWfytwMnm77KQzi1uHHH5And6kC
KIQLFkUKO0Z/OtY4nG2O6t/4242Yog+Y1FQMv6lj2N23iAxpRuYQl1yK1XcIqlWWydwMnm77KQzi1uHHH5And6kC
KIQLFkUKO0Z/OtY4nG2O6t/4242Yog+Y1FQMv6lj2N23iAxpRuYQl1yK1XcIqlWWydwMnm77KQzi1uHHH5And6kC
49kWf3h60WHYui2PFPT2s1qx+kifPJNZyHanPHTwpCs591BZNwyE/dZyuDP8Ln2jWH4dUokYREo+LwEowvLJ0w+EL3OpBg==
I0jXOcEKlaSllRNH6b8Maj4c9hZyjLCcqP3DsQyOvv0tV/SylRAahskgqZfn8cwQUfmwGPkxqTZ4YCY5ddrS7MXpB4IrcakI
61oJJ1ZzLwfUJqJMTSgZNz4Fhbdm5hhiED4MWyvL4NAOT3mBjHjJ3trEDWZhzSvPnMIlD+gyxR9JVJwGDgNZxKIe0f8/iDd/qQo=
Nxsi9L8vv4LG1ceKDTW9d12y0S7QctQXm2e4PG6j4S089FFSWkiV6tFhsyP8Ln2jWH4dU4kYREo+LwEowvLJ0w+EL3OpBg==
1etfXFgtJqq9jwmb03RMLysZ+xpkjLCcqP3DsQyOvv0tV/SylRAahskgqZfn8cwQUfmwGPkxqTZ4YCY5ddrS7MXpB4IrcakI
ythxwp96J3jHvzQOljFO5EUIYajdgKOGIK9KZleW2gtyENF3cTqp9w21fJ0Y1AdnzKQLC0C5KXZdKiJ/I9rrw+wDgSlwqQc=
aRVyamq/M2M9472vlV6QNVK0xy7QctQXm2e4PG6j4S089FFSWkiV6tFhsyP8Ln2jWH4dU4kYREo+LwEowvLJ0w+EL3OpBg==
oPdP7xhckP6dx7QNTylojgdH8KJYCy7Ss8xFplD6RO/7vwh0rusRdRzMQVpaQIXS8TlDazxmzXs4ho3bCZDUMt53seCCOrkLL7w/e6kO
lHTGEJqHtjzjKR/4X8xi4k57+rLRKrNgzVqOF+Q6ueYUV7yon6s/+ucrQ42ywdak6TvinCXXLllHanMSDGPNquXf4juPNX6pCQ==
tRFeF29FoBZueYS89km295mLvQ4NLLndlWI5kNmhzVqpQJeuzN9WXkN2rtPOQD0f5bo9H2FlwMXstBNf0FRnI3T53R7xmr6Ht3pfmxBTrQFkqRM=
TXa+vilC0VVFe13lWmlSfXl167/JNLNgzVqOF+Q6ueYUV7yon6s/+ucrQ42ywdak6TvinCXXLllHanMSDGPNquXf4juPNX6pCQ==
rjcLWj+twK8Ac6bTI3w84Uv8zEJofIOuqnBaDt0QbPqQpvwzi2OwKE53qelsUPnG2tw9ToGl+/fcOnWnSFo1h8nM7O6uq4m8YiaBF1+gB2epEg==
5Na4NkUOIRCMVFhTdSyijEUVaaHdgKOGIK9KZleW2gtyENF3cTqp9w21fJ0Y1AdnzKQLC0C5KXZdKiJ/I9rrw+wDgSlwqQc=
wqwKbY33dmPqB5YISgckrVkRaajdgKOGIK9KZleW2gtyENF3cTqp9w21fJ0Y1AdnzKQLC0C5KXZdKiJ/I9rrw+wDgSlwqQc=
qAuEWIl1aRF6u2UbMRZgJT8Q8xR6jLCcqP3DsQyOvv0tV/SylRAahskgqZfn8cwQUfmwGPkxqTZ4YCY5ddrS7MXpB4IrcakI
BnPODYi7nIQUDT/OWyi6LDYDzLUITBNhpsDwWOABk2W0Il6ZxctEBg2cmgJBnDkDH51stPklwOyh/WlysBz2bU32sgit9Te2M32pDA==
OCDI+yib5CISAPOTdLiFBzUDzLUITBNhpsDwWOABk2W0Il6ZxctEBg2cmgJBnDkDH51stPklwOyh/WlysBz2bU32sgit9Te2M32pDA==
s16JpNTnnl+3m176rUhDdzQDzLUITBNhpsDwWOABk2W0Il6ZxctEBg2cmgJBnDkDH51stPklwOyh/WlysBz2bU32sgit9Te2M32pDA==
tJkbr0lNINonie1FpsE1Sm+O2i7QctQXm2e4PG6j4S089FFSWkiV6tFhsyP8Ln2jWH4dU4kYREo+LwEowvLJ0w+EL3OpBg==
3Rh31EN7ge5+2iNuGH1Zj0Qs3YVtDULnKXX3oImS0qdIYl2GsO8QOOMju3pjo78dHnlyRI3jTiz5n+oZg6Iv4mC76YoBpw4rsz16qQ0=
m/s2fZAb3QiQsgXqP5adfkwKYLXdgKOGIK9KZleW2gtyENF3cTqp9w21fJ0Y1AdnzKQLC0C5KXZdKiJ/I9rrw+wDgSlwqQc=
8tdb8FTa3IrB9QyYCicD8UYFhbdm5hhiED4MWyvL4NAOT3mBjHjJ3trEDWZhzSvPnMIlD+gyxR9JVJwGDgNZxKIe0f8/iDd/qQo=
u/uoYjZtGnm2qkH0gN5rzmsIkq1m4xtiED4MWyvL4NAOT3mBjHjJ3trEDWZhzSvPnMIlD+gyxR9JVJwGDgNZxKIe0f8/iDd/qQo=
rOUL/DL4ZILPOHCJj1vo7Vgsp+xfxQViED4MWyvL4NAOT3mBjHjJ3trEDWZhzSvPnMIlD+gyxR9JVJwGDgNZxKIe0f8/iDd/qQo=
vjihi0MSoIb6Y2wgV6Z1CnUS3a4Vezhep8DwWOABk2W0Il6ZxctEBg2cmgJBnDkDH51stPklwOyh/WlysBz2bU32sgit9Te2M32pDA==
lHjSFyYSYsU/9qceOneHrBjdlrpaUQOnrWDzFFUAK3a4D+I2r9YCO1rwqWd5OqHn9dVUrUAUf7dkBJN7yDmhxsXKSq+bmjOzBCO5OXipDw==
1ohn8r1m1h6tESsG+a/oQx0izIh1Ez37KXj3oImS0qdIYl2GsO8QOOMju3pjo78dHnlyRI3jTiz5n+oZg6Iv4mC76YoBpw4rsz16qQ0=
6Gsih3f7sUBVw2xFD2e8R124xC7QctQXm2e4PG6j4S089FFSWkiV6tFhsyP8Ln2jWH4dU4kYREo+LwEowvLJ0w+EL3OpBg==
iAI5znL40UpRSggAgAPQ3hAv14lyNBDKF2L3oImS0qdIYl2GsO8QOOMju3pjo78dHnlyRI3jTiz5n+oZg6Iv4mC76YoBpw4rsz16qQ0=
PkUpzcNQCGjpb8B71SCshAl+cDhZZVgtSv3JoU4bOufa/fRWLbjochAubIvruwBgjr/ZMUwo6c7a1C02oX2LPxxyxX8o4qUPSUR8Vk7zOXQibnFPf1gXb6ka
V2woGevrMTOsUmV2kkux8lqx+kifPJNZyHKlMnTwpCs591BZNwyE/dZyuDP8Ln2jWH4dU4kYREo+LwEowvLJ0w+EL3OpBg==
sfFGe/93NBZiJOWqmVmATlqx+kifPJNZyHanPHTwpCs591BZNwyE/dZyuDP8Ln2jWH4dU4kYREo+LwEowvLJ0w+EL3OpBg==
I0jXOcEKlaSllRNH6b8Maj4c9hZyjLCcqP3DsQyOvv0tV/SylRAahskgqZfn8cwQUfmwGPkxqTZ4YCY5ddrS7MXpB4IrcakI
61oJJ1ZzLwfUJqJMTSgZNz4Fhbdm5hhiED4MWyvL4NAOT3mBjHjJ3trEDWZhzSvPnMIlD+gyxR9JVJwGDgNZxKIe0f8/iDd/qQo=
Nxsi9L8vv4LG1ceKDTW9d12y0S7QctQXm2e4PG6j4S089FFSWkiV6tFhsyP8Ln2jWH4dU4kYREo+LwEowvLJ0w+EL3OpBg==
1etfXFgtJqq9jwmb03RMLysZ+xpkjLCcqP3DsQyOvv0tV/SylRAahskgqZfn8cwQUfmwGPkxqTZ4YCY5ddrS7MXpB4IrcakI
ythxwp96J3jHvzQOljFO5EUIYajdgKOGIK9KZleW2gtyENF3cTqp9w21fJ0Y1AdnzKQLC0C5KXZdKiJ/I9rrw+wDgSlwqQc=
aRVyamq/M2M9472vlV6QNVK0xy7QctQXm2e4PG6j4S089FFSWkiV6tFhsyP8Ln2jWH4dU4kYREo+LwEowvLJ0w+EL3OpBg==
oPdP7xhckP6dx7QNTylojgdH8KJYCy7Ss8xFplD6RO/7vwh0rusRdRzMQVpaQIXS8TlDazxmzXs4ho3bCZDUMt53seCCOrkLL7w/e6kO
lHTGEJqHtjzjKR/4X8xi4k57+rLRKrNgzVqOF+Q6ueYUV7yon6s/+ucrQ42ywdak6TvinCXXLllHanMSDGPNquXf4juPNX6pCQ==
tRFeF29FoBZueYS89km295mLvQ4NLLndlWI5kNmhzVqpQJeuzN9WXkN2rtPOQD0f5bo9H2FlwMXstBNf0FRnI3T53R7xmr6Ht3pfmxBTrQFkqRM=
TXa+vilC0VVFe13lWmlSfXl167/JNLNgzVqOF+Q6ueYUV7yon6s/+ucrQ42ywdak6TvinCXXLllHanMSDGPNquXf4juPNX6pCQ==
rjcLWj+twK8Ac6bTI3w84Uv8zEJofIOuqnBaDt0QbPqQpvwzi2OwKE53qelsUPnG2tw9ToGl+/fcOnWnSFo1h8nM7O6uq4m8YiaBF1+gB2epEg==
5Na4NkUOIRCMVFhTdSyijEUVaaHdgKOGIK9KZleW2gtyENF3cTqp9w21fJ0Y1AdnzKQLC0C5KXZdKiJ/I9rrw+wDgSlwqQc=
wqwKbY33dmPqB5YISgckrVkRaajdgKOGIK9KZleW2gtyENF3cTqp9w21fJ0Y1AdnzKQLC0C5KXZdKiJ/I9rrw+wDgSlwqQc=
qAuEWIl1aRF6u2UbMRZgJT8Q8xR6jLCcqP3DsQyOvv0tV/SylRAahskgqZfn8cwQUfmwGPkxqTZ4YCY5ddrS7MXpB4IrcakI
BnPODYi7nIQUDT/OWyi6LDYDzLUITBNhpsDwWOABk2W0Il6ZxctEBg2cmgJBnDkDH51stPklwOyh/WlysBz2bU32sgit9Te2M32pDA==
OCDI+yib5CISAPOTdLiFBzUDzLUITBNhpsDwWOABk2W0Il6ZxctEBg2cmgJBnDkDH51stPklwOyh/WlysBz2bU32sgit9Te2M32pDA==
s16JpNTnnl+3m176rUhDdzQDzLUITBNhpsDwWOABk2W0Il6ZxctEBg2cmgJBnDkDH51stPklwOyh/WlysBz2bU32sgit9Te2M32pDA==
tJkbr0lNINonie1FpsE1Sm+O2i7QctQXm2e4PG6j4S089FFSWkiV6tFhsyP8Ln2jWH4dU4kYREo+LwEowvLJ0w+EL3OpBg==
3Rh31EN7ge5+2iNuGH1Zj0Qs3YVtDULnKXX3oImS0qdIYl2GsO8QOOMju3pjo78dHnlyRI3jTiz5n+oZg6Iv4mC76YoBpw4rsz16qQ0=
m/s2fZAb3QiQsgXqP5adfkwKYLXdgKOGIK9KZleW2gtyENF3cTqp9w21fJ0Y1AdnzKQLC0C5KXZdKiJ/I9rrw+wDgSlwqQc=
8tdb8FTa3IrB9QyYCicD8UYFhbdm5hhiED4MWyvL4NAOT3mBjHjJ3trEDWZhzSvPnMIlD+gyxR9JVJwGDgNZxKIe0f8/iDd/qQo=
u/uoYjZtGnm2qkH0gN5rzmsIkq1m4xtiED4MWyvL4NAOT3mBjHjJ3trEDWZhzSvPnMIlD+gyxR9JVJwGDgNZxKIe0f8/iDd/qQo=
rOUL/DL4ZILPOHCJj1vo7Vgsp+xfxQViED4MWyvL4NAOT3mBjHjJ3trEDWZhzSvPnMIlD+gyxR9JVJwGDgNZxKIe0f8/iDd/qQo=
vjihi0MSoIb6Y2wgV6Z1CnUS3a4Vezhep8DwWOABk2W0Il6ZxctEBg2cmgJBnDkDH51stPklwOyh/WlysBz2bU32sgit9Te2M32pDA==
lHjSFyYSYsU/9qceOneHrBjdlrpaUQOnrWDzFFUAK3a4D+I2r9YCO1rwqWd5OqHn9dVUrUAUf7dkBJN7yDmhxsXKSq+bmjOzBCO5OXipDw==
1ohn8r1m1h6tESsG+a/oQx0izIh1Ez37KXj3oImS0qdIYl2GsO8QOOMju3pjo78dHnlyRI3jTiz5n+oZg6Iv4mC76YoBpw4rsz16qQ0=
6Gsih3f7sUBVw2xFD2e8R124xC7QctQXm2e4PG6j4S089FFSWkiV6tFhsyP8Ln2jWH4dU4kYREo+LwEowvLJ0w+EL3OpBg==
iAI5znL40UpRSggAgAPQ3hAv14lyNBDKF2L3oImS0qdIYl2GsO8QOOMju3pjo78dHnlyRI3jTiz5n+oZg6Iv4mC76YoBpw4rsz16qQ0=
PkUpzcNQCGjpb8B71SCshAl+cDhZZVgtSv3JoU4bOufa/fRWLbjochAubIvruwBgjr/ZMUwo6c7a1C02oX2LPxxyxX8o4qUPSUR8Vk7zOXQibnFPf1gXb6ka
V2woGevrMTOsUmV2kkux8lqx+kifPJNZyHKlMnTwpCs591BZNwyE/dZyuDP8Ln2jWH4dU4kYREo+LwEowvLJ0w+EL3OpBg==
sfFGe/93NBZiJOWqmVmATlqx+kifPJNZyHanPHTwpCs591BZNwyE/dZyuDP8Ln2jWH4dU4kYREo+LwEowvLJ0w+EL3OpBg==
Omcuv33v1v0RAg5n6vMStT4c9hZyjLCcqP3DsQyOvv0tV/SylRAahskgqZfn8cwQUfmwGPkyqTZ4YCY5ddrS7MXpB4IrcakI
/A06IWF3Ab74Br12wT4DTj4Fhbdm5hhiED4MWyvL4NAOT3mBjHjJ3trEDWZhzSvPnMIlD+gyxRxJVJwGDgNZxKIe0f8/iDd/qQo=
GBBByyl2RA/oF/HQt+4tV12y0S7QctQXm2e4PG6j4S089FFSWkiV6tFhsyP8Ln2jWH4dUIkYREo+LwEowvLJ0w+EL3OpBg==
iatA4SytnLSgS94e0kmuiCsZ+xpkjLCcqP3DsQyOvv0tV/SylRAahskgqZfn8cwQUfmwGPkyqTZ4YCY5ddrS7MXpB4IrcakI
MhXfBnIDf7cI0tE1YRLGlEUIYajdgKOGIK9KZleW2gtyENF3cTqp9w21fJ0Y1AdnzKQLC0O5KXZdKiJ/I9rrw+wDgSlwqQc=
RDi4HHzM1YSYo3/e5zDduFK0xy7QctQXm2e4PG6j4S089FFSWkiV6tFhsyP8Ln2jWH4dUIkYREo+LwEowvLJ0w+EL3OpBg==
2SgEW2JZILnQAQ3NepUnzQdH8KJYCy7Ss8xFplD6RO/7vwh0rusRdRzMQVpaQIXS8TlDazxmzXs4ho3YCZDUMt53seCCOrkLL7w/e6kO
WC5gnicJ7vMDHkWz4IMnek57+rLRKrNgzVqOF+Q6ueYUV7yon6s/+ucrQ42ywdak6TvinCXXLVlHanMSDGPNquXf4juPNX6pCQ==
qKbrHJwlnvHUZizBBdcX8pmLvQ4NLLndlWI5kNmhzVqpQJeuzN9WXkN2rtPOQD0f5bo9H2FlwMXstBNf0FRnI3f53R7xmr6Ht3pfmxBTrQFkqRM=
x8SYKGsuqobTtjav9wgETXl167/JNLNgzVqOF+Q6ueYUV7yon6s/+ucrQ42ywdak6TvinCXXLVlHanMSDGPNquXf4juPNX6pCQ==
M0R3RFSL0ZUjyDP9W/c020v8zEJofIOuqnBaDt0QbPqQpvwzi2OwKE53qelsUPnG2tw9ToGl+/fcOnWnSFo1hMnM7O6uq4m8YiaBF1+gB2epEg==
DiuK4YVHyQSMClY84AJUOkUVaaHdgKOGIK9KZleW2gtyENF3cTqp9w21fJ0Y1AdnzKQLC0O5KXZdKiJ/I9rrw+wDgSlwqQc=
j1oW6NFNyVWYNbw9Pj3solkRaajdgKOGIK9KZleW2gtyENF3cTqp9w21fJ0Y1AdnzKQLC0O5KXZdKiJ/I9rrw+wDgSlwqQc=
f5AU0hbVWKAmxe9nuKrVsz8Q8xR6jLCcqP3DsQyOvv0tV/SylRAahskgqZfn8cwQUfmwGPkyqTZ4YCY5ddrS7MXpB4IrcakI
nhJP2u9Au82NlV42Hn6P+zYDzLUITBNhpsDwWOABk2W0Il6ZxctEBg2cmgJBnDkDH51stPklwOyh/mlysBz2bU32sgit9Te2M32pDA==
GstKU5jaHwySX4JQohQ0zTUDzLUITBNhpsDwWOABk2W0Il6ZxctEBg2cmgJBnDkDH51stPklwOyh/mlysBz2bU32sgit9Te2M32pDA==
m/AqLdq4yhNgJphdMssgtzQDzLUITBNhpsDwWOABk2W0Il6ZxctEBg2cmgJBnDkDH51stPklwOyh/mlysBz2bU32sgit9Te2M32pDA==
bwS4A4P4ba/ElK7OPFSWt2+O2i7QctQXm2e4PG6j4S089FFSWkiV6tFhsyP8Ln2jWH4dUIkYREo+LwEowvLJ0w+EL3OpBg==
IO0bOd/ptKwZsrOw+m9ERkQs3YVtDULnKXX3oImS0qdIYl2GsO8QOOMju3pjo78dHnlyRI3jTiz5n+kZg6Iv4mC76YoBpw4rsz16qQ0=
bRmSn5J4PDU9wqtTDHGHzkwKYLXdgKOGIK9KZleW2gtyENF3cTqp9w21fJ0Y1AdnzKQLC0O5KXZdKiJ/I9rrw+wDgSlwqQc=
LSYyWQ0aKWAf2M0yWrhjHEYFhbdm5hhiED4MWyvL4NAOT3mBjHjJ3trEDWZhzSvPnMIlD+gyxRxJVJwGDgNZxKIe0f8/iDd/qQo=
gpn9Nd2pyzzIxhdpmarCxWsIkq1m4xtiED4MWyvL4NAOT3mBjHjJ3trEDWZhzSvPnMIlD+gyxRxJVJwGDgNZxKIe0f8/iDd/qQo=
QHRz9uMRyzWLExK1E/Xqv1gsp+xfxQViED4MWyvL4NAOT3mBjHjJ3trEDWZhzSvPnMIlD+gyxRxJVJwGDgNZxKIe0f8/iDd/qQo=
b0/HhVoAdvVlUDUZD54Sc3US3a4Vezhep8DwWOABk2W0Il6ZxctEBg2cmgJBnDkDH51stPklwOyh/mlysBz2bU32sgit9Te2M32pDA==
A0ilUMIFuqK7hPR99nzRxxjdlrpaUQOnrWDzFFUAK3a4D+I2r9YCO1rwqWd5OqHn9dVUrUAUf7dkBJN7yzmhxsXKSq+bmjOzBCO5OXipDw==
PR5SKB4T+/UBNpEoggqZcx0izIh1Ez37KXj3oImS0qdIYl2GsO8QOOMju3pjo78dHnlyRI3jTiz5n+kZg6Iv4mC76YoBpw4rsz16qQ0=
0YZ79UgkMy0vXtJheKucjV24xC7QctQXm2e4PG6j4S089FFSWkiV6tFhsyP8Ln2jWH4dUIkYREo+LwEowvLJ0w+EL3OpBg==
xoCWao1bisCuYcZ/TTui1BAv14lyNBDKF2L3oImS0qdIYl2GsO8QOOMju3pjo78dHnlyRI3jTiz5n+kZg6Iv4mC76YoBpw4rsz16qQ0=
98vaxiCcvvTsucBBo5xIagl+cDhZZVgtSv3JoU4bOufa/fRWLbjochAubIvruwBgjr/ZMUwo6c7a1C02oX2LPxxyxX8o4qUMSUR8Vk7zOXQibnFPf1gXb6ka
+qNTGY8Llr5jcBjCJ5fssVqx+kifPJNZyHKlMnTwpCs591BZNwyE/dZyuDP8Ln2jWH4dUIkYREo+LwEowvLJ0w+EL3OpBg==
bPVBqro3QVntyj67Ps120lqx+kifPJNZyHanPHTwpCs591BZNwyE/dZyuDP8Ln2jWH4dUIkYREo+LwEowvLJ0w+EL3OpBg==
+qNTGY8Llr5jcBjCJ5fssVqx+kifPJNZyHKlMnTwpCs591BZNwyE/dZyuDP8Ln2jWH4dUIkYREo+LwEowvLJ0w+EL3OpBg==
kzmNVnb1Wp4kmCFEd0CDrlqx+kifPJNZyHKlMnTwpCs591BZNwyE/dZyuDP8Ln2jWH4dUYkYREo+LwEowvLJ0w+EL3OpBg==
VwuwbweYDE3X1kK3prjwcT4c9hZyjLCcqP3DsQyOvv0tV/SylRAahskgqZfn8cwQUfmwGPkzqTZ4YCY5ddrS7MXpB4IrcakI
tsDWagqBjJ2n2Kc/V4fK2D4Fhbdm5hhiED4MWyvL4NAOT3mBjHjJ3trEDWZhzSvPnMIlD+gyxR1JVJwGDgNZxKIe0f8/iDd/qQo=
xY+nSyXNn5ezYvH4aXi5Nl2y0S7QctQXm2e4PG6j4S089FFSWkiV6tFhsyP8Ln2jWH4dUYkYREo+LwEowvLJ0w+EL3OpBg==
OPktrad1UZEw6BtEOWyF7CsZ+xpkjLCcqP3DsQyOvv0tV/SylRAahskgqZfn8cwQUfmwGPkzqTZ4YCY5ddrS7MXpB4IrcakI
EgzjFeXeJzawKCtdwag+AEUIYajdgKOGIK9KZleW2gtyENF3cTqp9w21fJ0Y1AdnzKQLC0K5KXZdKiJ/I9rrw+wDgSlwqQc=
LewWGeDBjC3RSiVRMFgoY1K0xy7QctQXm2e4PG6j4S089FFSWkiV6tFhsyP8Ln2jWH4dUYkYREo+LwEowvLJ0w+EL3OpBg==
J76/1IdKHGhhXhAQligoSAdH8KJYCy7Ss8xFplD6RO/7vwh0rusRdRzMQVpaQIXS8TlDazxmzXs4ho3ZCZDUMt53seCCOrkLL7w/e6kO
PlCxif2uvHc5RbzX78JjA057+rLRKrNgzVqOF+Q6ueYUV7yon6s/+ucrQ42ywdak6TvinCXXLFlHanMSDGPNquXf4juPNX6pCQ==
zG6J2YTZKbQndr0sdUazGZmLvQ4NLLndlWI5kNmhzVqpQJeuzN9WXkN2rtPOQD0f5bo9H2FlwMXstBNf0FRnI3b53R7xmr6Ht3pfmxBTrQFkqRM=
GtCM46WvXlH+b+secFiVr3l167/JNLNgzVqOF+Q6ueYUV7yon6s/+ucrQ42ywdak6TvinCXXLFlHanMSDGPNquXf4juPNX6pCQ==
RCZSazn/RTfHvNZFDlnWKEv8zEJofIOuqnBaDt0QbPqQpvwzi2OwKE53qelsUPnG2tw9ToGl+/fcOnWnSFo1hcnM7O6uq4m8YiaBF1+gB2epEg==
ThFvowGe/zerONrMPa7agUUVaaHdgKOGIK9KZleW2gtyENF3cTqp9w21fJ0Y1AdnzKQLC0K5KXZdKiJ/I9rrw+wDgSlwqQc=
Fk24Z/HQkvfItMnbYONL7VkRaajdgKOGIK9KZleW2gtyENF3cTqp9w21fJ0Y1AdnzKQLC0K5KXZdKiJ/I9rrw+wDgSlwqQc=
AKCvKYdsacrTt0gUgqjWRj8Q8xR6jLCcqP3DsQyOvv0tV/SylRAahskgqZfn8cwQUfmwGPkzqTZ4YCY5ddrS7MXpB4IrcakI
KeHVKXidxLNMZ6ic0pkRBTYDzLUITBNhpsDwWOABk2W0Il6ZxctEBg2cmgJBnDkDH51stPklwOyh/2lysBz2bU32sgit9Te2M32pDA==
VAWc8pDbaOHRexv2kzWuWjUDzLUITBNhpsDwWOABk2W0Il6ZxctEBg2cmgJBnDkDH51stPklwOyh/2lysBz2bU32sgit9Te2M32pDA==
lSvWQOh8J+Yuv1a4hiET4zQDzLUITBNhpsDwWOABk2W0Il6ZxctEBg2cmgJBnDkDH51stPklwOyh/2lysBz2bU32sgit9Te2M32pDA==
x2NWCE1KdYHR+AwpfvMJd2+O2i7QctQXm2e4PG6j4S089FFSWkiV6tFhsyP8Ln2jWH4dUYkYREo+LwEowvLJ0w+EL3OpBg==
s9C5/vkusIgKrXLlzk7fTUQs3YVtDULnKXX3oImS0qdIYl2GsO8QOOMju3pjo78dHnlyRI3jTiz5n+gZg6Iv4mC76YoBpw4rsz16qQ0=
u3E3GNqtgsj9TZy7zATwlUwKYLXdgKOGIK9KZleW2gtyENF3cTqp9w21fJ0Y1AdnzKQLC0K5KXZdKiJ/I9rrw+wDgSlwqQc=
p5rjLwHxTZUu7670Wh60K0YFhbdm5hhiED4MWyvL4NAOT3mBjHjJ3trEDWZhzSvPnMIlD+gyxR1JVJwGDgNZxKIe0f8/iDd/qQo=
wEJ6zcx9aziIVYacE42bk2sIkq1m4xtiED4MWyvL4NAOT3mBjHjJ3trEDWZhzSvPnMIlD+gyxR1JVJwGDgNZxKIe0f8/iDd/qQo=
He8Hu8rBIvbyWwq+aEkDoVgsp+xfxQViED4MWyvL4NAOT3mBjHjJ3trEDWZhzSvPnMIlD+gyxR1JVJwGDgNZxKIe0f8/iDd/qQo=
56xwSJ1ErqO5rmlPI5tqenUS3a4Vezhep8DwWOABk2W0Il6ZxctEBg2cmgJBnDkDH51stPklwOyh/2lysBz2bU32sgit9Te2M32pDA==
QhGbDy0UhfKc0dEaEbZ7sBjdlrpaUQOnrWDzFFUAK3a4D+I2r9YCO1rwqWd5OqHn9dVUrUAUf7dkBJN7yjmhxsXKSq+bmjOzBCO5OXipDw==
G5xUUZ/mjmMu9cMxGYtoDx0izIh1Ez37KXj3oImS0qdIYl2GsO8QOOMju3pjo78dHnlyRI3jTiz5n+gZg6Iv4mC76YoBpw4rsz16qQ0=
ijYgaPfLtBbTUAoYDKhSyV24xC7QctQXm2e4PG6j4S089FFSWkiV6tFhsyP8Ln2jWH4dUYkYREo+LwEowvLJ0w+EL3OpBg==
Ufma4Q+RiHj3lIvEC0hJoxAv14lyNBDKF2L3oImS0qdIYl2GsO8QOOMju3pjo78dHnlyRI3jTiz5n+gZg6Iv4mC76YoBpw4rsz16qQ0=
K1jDLN4rFRIstC2sgn7KZwl+cDhZZVgtSv3JoU4bOufa/fRWLbjochAubIvruwBgjr/ZMUwo6c7a1C02oX2LPxxyxX8o4qUNSUR8Vk7zOXQibnFPf1gXb6ka
hLMQfkOilBeytqFSvg5Gflqx+kifPJNZyHanPHTwpCs591BZNwyE/dZyuDP8Ln2jWH4dUYkYREo+LwEowvLJ0w+EL3OpBg==
kzmNVnb1Wp4kmCFEd0CDrlqx+kifPJNZyHKlMnTwpCs591BZNwyE/dZyuDP8Ln2jWH4dUYkYREo+LwEowvLJ0w+EL3OpBg==
WXQ56mbTkVoL6EaqAesKn+Lzo8be2KvXTirJhc3cz0Xz0hh8TCRfrYzL0FAXJRBcZ6fd3tS7gsdbhet/YccJjHBCXRzA8sm1XL3WIwB7vGxecmzUOcVATGHfaVJwvHaNjZay6O2VtxZzXaks
m/+CAjOuPLT2zUEZlGfF/OLzo8be2KvXTirJhc3cz0Xz0hh8TCQnrYzL0FAXJRBcZ6fd3tS7gsdbhet/YccJmXVPUQrA8sm1XL3WIwB7vGxecmzUOcVATGHfaVJwvHaNjZay6O2VtxZzXaks
uVuPOdr82TF3P8dC2K4UodJ4EyYSiiqIaWNhRrfrZyCI6jCulVACcBnOvN/UiQNxfCNUBudFzlYMyyr7+W25+BdcfDgBCxj/luXMQeQiaqCc4mWvaJKF/Uk0XKaOo5nkov4Rn79od1+pKg==
pWpa44fe6tszxFY599YsSt7fEUthsDJ1GzjOiCu93SgjQU1Czgg9kMwBHIc0dhBZSko3JbPM3PWL3IWa6Am7+gpJx48ZQhwhWgI9BQQKxraemowo5dDx5EHLWvwtB3TZn7p7MvTTpWoNz7rbB0VGqTE=
6kcpLVkHf4DFIsu9D9UVmqpGnZPKl7poxm83amQmx3k3o7Y0IP5N7ocQeZmNOez0sdmXzvjyZA1ydFJOOTuwCB1coohsDfAHa2/91vfNzk6E9tzeRuAvBMO0M59w1MfjVvm93hEa3sdXej/bsNMNQUSpMw==
mQB2DA5/pfnNkugUHMn7NmaY23SGvhjKmfcSkeCDK2aQfTzEmOGZUD8cA1nN0t7//WE3qlf4raeYHSbZxKu/sKhueUHEMVaniIcs+CbezDCRmTD4uROpFjiAplm1+tLMBYmHYmtRqSg=
uIx9vIkRqDiGeU4x9us4nWSrd8xbr4ZU8Z41FeqmuQd4HGKV1YXAQFUmpNoIT5wCrZtFXipWG97TvYqWaHawhoIQCwy/lO9X1ERDW7o5kaYVCjoPCxqDU1RjSRloqR8=
lZNNBwQpQdqvP5a14NE5U7Lacwjs7XpPmwGVKLvKCwavelNeTY2klrk4Tl0XKN792gmmge1GR+REjnBPafTk1LGHgHMWaVTNVM7yDPxOvUPY3t0xifgE6r5PQcjC0glzj2RvU6km
MavM5PrJkjkCjpf9ZWoe7Xsrm5h70w5qVG1sWRn4xb9YL1sezZmainrxDNsfrPCa73igES4yNPzRr3BLFlGk5TTmItS8Fm2reLZtyQmAtAIeJxEQAopZW29MH2upHg==
v6rq1Wo3BFsUiWX9TmhHFRPMBUkk56I8I5H1zJGtA9iSlqW6ZFBfffnl7KiBdvAC1A/C2nnLEfbG9nd2Jw3+LpT2zD52oH+kUzSD/wCUFwNm+c3+wdpuZyf6rztgk31hVKkj
Mr7rchugGQzUGsKFGc7qTnchz4R25fGF6vQsKGogXyIw30RGpb/4n9xv+6ZyOqegw0chRFvEs4P4jqvvjbTwjZrFR7ufRyCij2CQ+e6aRGRxV6BjFnl0HZR+Unx8/l2zGI69IYno5Dr+PyF4QiKpw880T0OpNg==
Ky6FbYwQS76RAbtEAMibjr2z5pxai8FwCTA+0VhoiV8zKOMuv8RriXFEAb605OloNTFgcE9FPeKMz9ILk0F/Ygyw936U8/5sWEZZOdQ5Vr+470zA9hYMaOExkAApmymOiGhG4eWykhT1oacae1mpMA==
EnGDJQJIQ8ER3I5Xbwz/GUp6IHCJwn3YyhLOpIQfj0zcVyeiu9nyw7fZj/7gEUw9OjQantHbCJhlxhk/06x8AxoLLyYf7dY+nPbELl7AR3SLdPtP2HS/c+55RU6peraXn7r365izFXFcqSs=
yyRw/vw3zNMSfAuf2C19VHfv7ipaqOEZ1ou9/RvJMG4WaGokoE9Um87V9QrAF5kTUezmml5sBA03DhgOTz8FLyXY7fdX9ypigKh9TeMSanEHMhXl/BrOtpaK9EjN4CkkuRvyXLV3/FkXCuPSHAMdKlW/0vs/VU6pOQ==
44xpPrFgk0Q2vSuExUHhfatGnZPKl796nTotfW881lRjubAiNc0C1MQXY4uyA87Or9mXzvjyZA1ydFJOOTuwCB1Goa8rDNRTUkvn1vfNzk6E9tzeRuAvBMO0M59w1MfjVvm93hEa3sdXej/bsNMNQUSpMw==
pXVe5CCvnfn1aIT4HUyXkU47Lhj+hsTQgexoNEuNlezENFu0h1Bi9JrYqpTVyZDnokE6fV40JH0K4lf8Ek/N84zACMnx6Yq+Y31athh2QKbSULvsLxSf9wSEczuqOYGGZUrq77uaE/Okoxl5WKkv
tTx4Co/++cuIv9a5AoTAjl9Cv01iAHrehzyg3SQ9nqN8ygwQqQrq1Ik9MxlW0eC52KKvhFdbKz8rgDcVXqiEcCnZ0Zy3uJSMkX+QexZhRDV0loJEPIYNG7hmTbkJcJRSXpfxgIIa+auvHH9bqS4=
OV2/OIldLwdmDVuXnS5g7Hchz4R25fDev+47I3AxcnYHzktCrbbC+I8k8qtvPrmBoAgnAQiSwNfylPm8kaXbi5bPUpnWMXSYiXGB5PeARGRxV6BjFnl0HZR+Unx8/l2zGI69IYno5Dr+PyF4QiKpw880T0OpNg==
DascSYz0Lt/feNwaU27n7F9Cv01iAH6F0ia31j4ss6NK3zlRnU+50oM7Ck5qha//16KvhFdbKz8rgDcVXqiEbgD7iqWUpZSMkX+QexZhRDV0loJEPIYNG7hmTbkJcJRSXpfxgIIa+auvHH9bqS4=
CEx9P2CUPQtFVt1JolQfC74sbI5KS5nMzXCB1P2Rn+JQ5AL95N3Ve7ckWKTPUPiwOCFPSQpTMClY2eTk3rnIqgWISG/XB57ICs2L+bCagZWIgkI2GhIAuFlIlYTlc4YM4c8wmdvyNwIoK0FKKdfGywtNQqk1
K/t9a4UqnAx/frT6BugFNuLzo8be2KzXTirJhc3cz0Xz0hh8TCRfrYzL0FAXJRBcZ6eJz8imt49brvZjUKFak3xAUxjA8sm1XL3WIwB7vGxecmzUOcVATGHfaVJwvHaNjZay6O2VtxZzXaks
l6UhLy7/TlQx12M5uCEofuVEncJnCC4ZnXRscmgIYoc5dArykmAXR3RIDyo5VhXy9e6swdL0Z0XoFN+7mIYhfMtvfo3n6qm1kHJaNgJiGJhxuF1ErSPurFlfyBljYk9igPuJiuHnrqsTfVqpLQ==
0BRV5klCyiSIbcUqgo9o/D4c9hZyjLCcqP3DsQyOvv0tV/SylRAahskgqZfn8cwQUfmwGPk0qTZ4YCY5ddrS7MXpB4IrcakI
aAfwNqzoqsXXpGFIsEtodD4Fhbdm5hhiED4MWyvL4NAOT3mBjHjJ3trEDWZhzSvPnMIlD+gyxRpJVJwGDgNZxKIe0f8/iDd/qQo=
BEbE+FrSy1Zgf1cp5k1SwV2y0S7QctQXm2e4PG6j4S089FFSWkiV6tFhsyP8Ln2jWH4dVokYREo+LwEowvLJ0w+EL3OpBg==
zSSE77u2ddzeidNaaeuNaisZ+xpkjLCcqP3DsQyOvv0tV/SylRAahskgqZfn8cwQUfmwGPk0qTZ4YCY5ddrS7MXpB4IrcakI
qtKl+6VMMLGMUfhTpJQbyEUIYajdgKOGIK9KZleW2gtyENF3cTqp9w21fJ0Y1AdnzKQLC0W5KXZdKiJ/I9rrw+wDgSlwqQc=
kaMczIEgnouJPLLtZQ7Q+lK0xy7QctQXm2e4PG6j4S089FFSWkiV6tFhsyP8Ln2jWH4dVokYREo+LwEowvLJ0w+EL3OpBg==
6ygc7hj20RKLOfncn4djSwdH8KJYCy7Ss8xFplD6RO/7vwh0rusRdRzMQVpaQIXS8TlDazxmzXs4ho3eCZDUMt53seCCOrkLL7w/e6kO
SHzLl+JOD3J75jkPYfM+IU57+rLRKrNgzVqOF+Q6ueYUV7yon6s/+ucrQ42ywdak6TvinCXXK1lHanMSDGPNquXf4juPNX6pCQ==
0sGb6opuzlEQuhP+yGZ5IJmLvQ4NLLndlWI5kNmhzVqpQJeuzN9WXkN2rtPOQD0f5bo9H2FlwMXstBNf0FRnI3H53R7xmr6Ht3pfmxBTrQFkqRM=
/A9ii+Sq6h9JxlzQruIub3l167/JNLNgzVqOF+Q6ueYUV7yon6s/+ucrQ42ywdak6TvinCXXK1lHanMSDGPNquXf4juPNX6pCQ==
nkAlufAkVkTlwR2HyEIAgUv8zEJofIOuqnBaDt0QbPqQpvwzi2OwKE53qelsUPnG2tw9ToGl+/fcOnWnSFo1gsnM7O6uq4m8YiaBF1+gB2epEg==
+g8lCeo5XBqR1w1nRgIlRUUVaaHdgKOGIK9KZleW2gtyENF3cTqp9w21fJ0Y1AdnzKQLC0W5KXZdKiJ/I9rrw+wDgSlwqQc=
Or+OViax1Kc5JS1EmYA8OVkRaajdgKOGIK9KZleW2gtyENF3cTqp9w21fJ0Y1AdnzKQLC0W5KXZdKiJ/I9rrw+wDgSlwqQc=
TcNWvBOnCCa/iK7jZjTxAj8Q8xR6jLCcqP3DsQyOvv0tV/SylRAahskgqZfn8cwQUfmwGPk0qTZ4YCY5ddrS7MXpB4IrcakI
LQvjtqPC2X8KQmB9Zy5mJTYDzLUITBNhpsDwWOABk2W0Il6ZxctEBg2cmgJBnDkDH51stPklwOyh+GlysBz2bU32sgit9Te2M32pDA==
Fq8vXG3nBDOznx68V0bTXzUDzLUITBNhpsDwWOABk2W0Il6ZxctEBg2cmgJBnDkDH51stPklwOyh+GlysBz2bU32sgit9Te2M32pDA==
pN7GJWy42xQwf3PxrfXwNjQDzLUITBNhpsDwWOABk2W0Il6ZxctEBg2cmgJBnDkDH51stPklwOyh+GlysBz2bU32sgit9Te2M32pDA==
JicRPUidphsCq5ueqwHZfm+O2i7QctQXm2e4PG6j4S089FFSWkiV6tFhsyP8Ln2jWH4dVokYREo+LwEowvLJ0w+EL3OpBg==
yKg3+eVSfb+A5UBIN4xPT0Qs3YVtDULnKXX3oImS0qdIYl2GsO8QOOMju3pjo78dHnlyRI3jTiz5n+8Zg6Iv4mC76YoBpw4rsz16qQ0=
h2pWfea1I84HNYSMiISXhUwKYLXdgKOGIK9KZleW2gtyENF3cTqp9w21fJ0Y1AdnzKQLC0W5KXZdKiJ/I9rrw+wDgSlwqQc=
8WXx9XWM2iRhjE8I0Ed6kUYFhbdm5hhiED4MWyvL4NAOT3mBjHjJ3trEDWZhzSvPnMIlD+gyxRpJVJwGDgNZxKIe0f8/iDd/qQo=
hIx0GAFPq87E8kAT/9G2ymsIkq1m4xtiED4MWyvL4NAOT3mBjHjJ3trEDWZhzSvPnMIlD+gyxRpJVJwGDgNZxKIe0f8/iDd/qQo=
Hixs6Q4WNVYSBRmEFjyj0lgsp+xfxQViED4MWyvL4NAOT3mBjHjJ3trEDWZhzSvPnMIlD+gyxRpJVJwGDgNZxKIe0f8/iDd/qQo=
6rwluSI4IMuMRs1fIbBfzXUS3a4Vezhep8DwWOABk2W0Il6ZxctEBg2cmgJBnDkDH51stPklwOyh+GlysBz2bU32sgit9Te2M32pDA==
94BV/LqpfueiRFBRiAOFIBjdlrpaUQOnrWDzFFUAK3a4D+I2r9YCO1rwqWd5OqHn9dVUrUAUf7dkBJN7zTmhxsXKSq+bmjOzBCO5OXipDw==
kiBUJuSnh7IkWeT7o7nAFB0izIh1Ez37KXj3oImS0qdIYl2GsO8QOOMju3pjo78dHnlyRI3jTiz5n+8Zg6Iv4mC76YoBpw4rsz16qQ0=
9iRMO2bSGcBqs/E+SxOtw124xC7QctQXm2e4PG6j4S089FFSWkiV6tFhsyP8Ln2jWH4dVokYREo+LwEowvLJ0w+EL3OpBg==
eyOkGQXc179Ml30GfOGm8BAv14lyNBDKF2L3oImS0qdIYl2GsO8QOOMju3pjo78dHnlyRI3jTiz5n+8Zg6Iv4mC76YoBpw4rsz16qQ0=
SdhilSKdpnZuX9cSq3tabAl+cDhZZVgtSv3JoU4bOufa/fRWLbjochAubIvruwBgjr/ZMUwo6c7a1C02oX2LPxxyxX8o4qUKSUR8Vk7zOXQibnFPf1gXb6ka
lyoYawEnUEWIkwoAU4CvV1qx+kifPJNZyHanPHTwpCs591BZNwyE/dZyuDP8Ln2jWH4dVokYREo+LwEowvLJ0w+EL3OpBg==
Q+h3oZeObpmimzFaxYM0YVqx+kifPJNZyHKlMnTwpCs591BZNwyE/dZyuDP8Ln2jWH4dVokYREo+LwEowvLJ0w+EL3OpBg==
lyoYawEnUEWIkwoAU4CvV1qx+kifPJNZyHanPHTwpCs591BZNwyE/dZyuDP8Ln2jWH4dVokYREo+LwEowvLJ0w+EL3OpBg==
6oGMBVKrl0Np6e3xvkCz8ZdW/wLJQ/Agt/t9Y47JX////zl11i4dZHk0Y79gFLdDgfntPqFazicH+s/7wBOdIXSpAw==
p2hWyvaQ0x7fpWSzTsIkV5wFinpShUtEvq4hDSOE/4nRUkElUpK3nMVBh6C58gJnOILtBiBPQPjTQ6t6c0OPXc7Z4sQ9g75sqX/fGXOCfyLQGxkKkUdea0Mdaqkd
7CKnMVYJVTL+iZRF62t5lut/NMAPI4yNkm2Qz+2dheJm+TW80JiFfIRwC7/5FPipOCEFGhdAOx8d3//I3qXIohCVfCbhQpjYEvCEiMLf2Jibk0N6GxNUslJTmoTlc4YM4c83mdvyNwIoK0FKKdfGywtNQqk1
Ukl+NZYlvrfAojFPf1hm9J0FinpShUtEvq4hDSOE/4nRUkElUpK3nMVBh6C58gJnOILtBiBPQPjTQ6t6c0OPXc7Z4sQ9g75sqX/fGXOCfyLQGxkKkUdea0Mdaqkd
CRZOvX9bdcBF5RKfqgMFyOt/NMAPI4yNkm2Qz+2dheJm+TW80JiFfIRwC7/5FPipOCAFGhdAOx8d3//I3qXIohCVfCbhQpjYEvCEiMLf2Jibk0N6GxNUslJTmoTlc4YM4c83mdvyNwIoK0FKKdfGywtNQqk1
S7f3AsNNg9N4ROPLfVkA9Z4FinpShUtEvq4hDSOE/4nRUkElUpK3nMVBh6C58gJnOILtBiBPQPjTQ6t6c0OPXc7Z4sQ9g75sqX/fGXOCfyLQGxkKkUdea0Mdaqkd
PVD7bGPlD2M8EPDNtjEBwOt/NMAPI4yNkm2Qz+2dheJm+TW80JiFfIRwC7/5FPipOCMFGhdAOx8d3//I3qXIohCVfCbhQpjYEvCEiMLf2Jibk0N6GxNUslJTmoTlc4YM4c83mdvyNwIoK0FKKdfGywtNQqk1
inLJJQFreeOPL9H2+hGvCp8FinpShUtEvq4hDSOE/4nRUkElUpK3nMVBh6C58gJnOILtBiBPQPjTQ6t6c0OPXc7Z4sQ9g75sqX/fGXOCfyLQGxkKkUdea0Mdaqkd
u+0MVQ78tgCC+R4Hj/9FAut/NMAPI4yNkm2Qz+2dheJm+TW80JiFfIRwC7/5FPipOCIFGhdAOx8d3//I3qXIohCVfCbhQpjYEvCEiMLf2Jibk0N6GxNUslJTmoTlc4YM4c83mdvyNwIoK0FKKdfGywtNQqk1
8S6OfeV8876b+VvXxFQPVZAnVndW43+fYmhmUrrMWyCS/R/6k3pFUlrSoZzJwlJmeDlDDaFF7kxfkAu1+Hq/8BR8fGcJGwj1t6DcEeY+YL+c4mWvaJKF+0k0XKaOo5nkov4Rn79od1+pKg==
MW2/+x/x6lssDMoVpKrgSzfV4vL36NM2V8nVOpp5U2epHx8aHX/Ntemwg0BOVRSlRuRRb28l1JRBTSVcOzqu3ahyWBdPYmB6teI6BHXTVswx70aZ6xLnwnhL0crZN3aLe21SqSU=
MGTtiBQ5B7OJ+roAlozjSvaEJ1eNrSoBhh6IHc/VDwesVF1eWt65kPkuSkoYFZvhkQm2gJ9cU/lIlmdcdNDki7mXkHk3LESdVtL4E/xOvUPY3t03ifgE6r5PQcjC0glzj2RvU6km
7SoFpn+wOApAHlBSq2vLyTHe5PvT78cgcdnVP5ldSWWkHx8aHX/Ntemwg0BOVRSlRuRRb28l1JRBTSVcOzqu3ahyWBdPYmB6teI6BHXTVswx70aZ6xLnwnhL0crZN3aLe21SqSU=
Y/AZY85a1E/XVAYgIhqvjhd+YCxRRiViWuLBrAkSMvb4qeNdYbXOPF9gK8W4qh9glOycN0kr6MW3kDwhpm6ALxxyxX8o4qULSUR8Vk7zOXQibnFPf1gXb6ka
SJNIvIgw+MJT9zPwfh6LPwNa5PIeq3ADdE8tZlrmybgZBhoS2M3LiTHhBvgfpOOR6H63BDQINKPZv2BBNxS0tTb6KMu8Fm2reLZtzwmAtAIeJxEQAopZW29MH2upHg==
+Iw0LUZ5kKB24YgNcV9XWXM1mRjFp93noeDaZE02kZyGhEg/f/eJC6qevwaHPwDEy7LEWmB9AfUsh/dWcHt+oPQd7CSZlQCcgelpYpBsNt0tZjKYTUV3RhNtqRw=
z3Y0u98dLcyNv7MytqjIRzHe5PvT78cgcdnVP5ldSWW/Hx8aHX/Ntemwg0BOVRSlRuRRb28l1JRBTSVcOzqu3ahyWBdPYmB6teI6BHXTVswx70aZ6xLnwnhL0crZN3aLe21SqSU=
0QGJ7ybCsBZ6wwdF26xksiqQgr5PBvfyhwt4H2+KivtkhGg5PImwchiHk4Jk0C21+J48s6qBGOQhi7p8TUeS2b/627JUk4VqLY8aW6cFZqkR
iojezzQyujfWmzPdo4lavG+Y23SGvh/ckukSl+edK0uHbD3epZPKUCkVCk7W7Kmw5jUn6ATps626VC6UxLmxuahueUHENV+wj4cs+CbezDCRmTD4uRmoFjiAplm1+tLMBYmHYmtRqSg=
vElSuTK94gAMCGwrxf6oLB7MBUkk56M8I5H1zJHoANSZqcjpW2Z4Ptexo+jMI+ce/EOW3HXyQ//b8G52Jw3+LpD/2zl2oH+kUzSD/wCUFwNs+M3+wdpuZyf6rztgk31hVKkj
mRWdfc2P2Fo1tqQ1b3+G3m+Y23SGvh/ckukSl+edK2aQfTzEmOGZUD8cA1nN0t7//WE3qwT/uqStTxDjgaK5qahueUHENV+wj4cs+CbezDCRmTD4uRmoFjiAplm1+tLMBYmHYmtRqSg=
Egzv9xEHzuAJVlNwoppZQdrMwr7RZHz8qtc503Cs89qfaHNHj0wfGiMu1d/ZyY+yYzRLKa/uU2r31WbdFeXZ5YdSRSUs+tq/ke2kCB0AuaQJe4IchZcGWCcqk5Kso+2qxR+Cu291Xqkp
uWTATHed00y0EdWU5oH+pW+Y23SGvh/ckukSl+edK0uHbD3epZPKUCkVCk7W7Kmw5jUn6ATps626VC6U2L2xsKhueUHENV+wj4cs+CbezDCRmTD4uRmoFjiAplm1+tLMBYmHYmtRqSg=
PisBvx+uqHOtsk9vT7NFGLW1soOfC+O8z7EpJvBXFVxW+fiUtDtgLhilua/PmWjZmk6ZMRjhnbvPhUxAIRMI85/621nEWlpoXKoVF4gKFX/IvMw+7htpLOK2IWefcGdXqSI=
g+0Vf4CGfs4m6KtpzTKeY5GnnN2DswmMz3Vzi402hsCf3A12fcsijFyK1XcIqlWSytwIn277KQzi1uHHH5And6kC
5Zd0J6l9FNLDzGI5juPecUv99WDQZdQU02ehKG/R2x8dog5EH1iF4u1fiij8Ln2jWH4dV4oYQEs+LwEowvLJ0w+EL3OpBg==
fQyY/yXCBbYJjdfcT+V6Tl9KrgQnDDPEg3Kr1i1pq7R7izNevgu+i9B+Q01KzKymhOG+glpIbnR2oioAUYHHBzPf0YCvuevnvTrebB9wVXpNp7pAPIYNG7hmTboIcJBTXpfxgIIa+auvHH9bqS4=
bbC7N8Uj661G6mzew8QXqZqSkqaIJiz8rsx29zm179aAGGIEzQkICgtil9iKnJ+iZ3gNcqHQFWH22SbfBOPN54YtLglptMm/l/vrMSw4vaQJe4IchZcHWCcukpKso+2qxR+Cu291Xqkp
kLnaHVlmc8a9lsfJ4qokGAm2iFBuSYOpt3wWSIYeUryRvb87w2OpPE8Fk9tNBqbQn8wtRr2bwvzcOnWnSFo1hM/M6O+uq4m8YiaBF1+gB2epEg==
pn/SX5fx/d3JQ2W8LeZkvzi8zlLIueUDfWdJc8lKBxwJfcOr4aAkIndu75YZoJ3hfmlef+wzlae+3QZpcaTBv5/r89EESIVk0SvqvH0ngN+v3iryBHM16r0vapt3ZVapIQ==
sBqO9EeGqNUBR+8N+uOnxBNc/uEaYGje8sJq4FHhB+ezvxFgr5krRz2aHkwfUJXazQd6YDxmzXs4ho3bDpDQM953seCCOrkLL7w/e6kO
Kj485KTbluSnY5Pj8X83jt+bkC0ZIlaU1AI5lpSz79jwXVEe9MR1u5LseSxFFKSF11arTKPrDN8zEkEsyru2LUhQ9sZO9wZ3bVPrdPbHzNPX/bwo26Xr311kxjxVa8qCss8qUCBou7i16BqcT9ss87kJmjOrtDBPPSCUqmDDTiobEQ7InnmMOMEBUJDJbipeL9oG8YXCEkTVkWeKm6mp4A==
MZYW405O6IFfmoFnQpCdQTT2+FW7pmre2fVRTaACL1wk9CtvyLQv0xR6dak7uqb3TzqHC6jz5dEMqXs=
EmWd1HWXxQcnJE5r6NVZKoYgOMJxdxrhIlhu8h+NTGCxiXBoGUmqRp8S5kmVqlKcJZnH8ssBqXg=
3MIM/Y0Cd9h8PqQnaxq8atG70I+EsA6KxURPr7Y22NeMyQs5SvgaglyK1XcIqlWfytwLnG77KQzi1uHHH5And6kC
1w2AhLnTndt/EJ/P0envK9+bkC0ZIlaU1AI5lpSz79jwXVEe9MR1u5LseSxFFKSF11arTKPrDN8zEkEsyru2LUhQ9sZO9wZ3bVPrdPbHzNPX/bwo26Xr311kxjxVa8qCss8qUCBou7i16BqcT9ss87kJmjOrtDBPPSCUqmDDTiobEQ7InnmMOMEBUJDJaSleL9oG8YXCEkTVkWeKm6mp4A==
O7CTz05Vb1h18CAcbrIlejT2+FW7pmre2fVRTaACL1wk9CtvyLQv0x55dak7uqb3TzqHC6jz5dEMqXs=
eqUfwfq/oSquwLideSp++YYgOMJxdxrhIlhu8h+NTGCxiXBoGUOpRp8S5kmVqlKcJZnH8ssBqXg=
03HBO2laE6dN6HjGnesWENG70I+EsA6KxURPr7Y22NeMyQs5SvgaglyK1XcIqlWVydwLnG77KQzi1uHHH5And6kC
5CwOjK3+7XnJdTB7wQ5cWVqx+kifPJNZyHKlMnTwpCs591BZNwyE/dZyuDP8Ln2jWH4dWokYQ0g+LwEowvLJ0w+EL3OpBg==
7WaaQPBtyX0EHqM0qpf6zd7fEUthsDJ1GzjOiCu93SgjQU1Czgg9kMwBHIc0dhBZSko3JbPM3PWL3IWa6Am7+gpJx48ZQhwhWgI9BQQKxraemowo5dDx5EHLWvwtB3/Zn715MvTTpWoNz7rbB0VGqTE=
IrXVbm5r83it/adegC3di9J4EyYSiiqIaWNhRrfrZyCI6jCulVACcBnOvN/UiQNxfCNUBudFzlYMyyr7+W25+BdcfDgBCxj/luXMQeQiaqCc4mWvaJKF9kk0W6SOo5nkov4Rn79od1+pKg==
lSAwe/32PjF5S/Wlm+M81qpGnZPKl7poxm83amQmx3k3o7Y0IP5N7ocQeZmNOez0sdmXzvjyZA1ydFJOOTuwCB1coohsDfAHa2/91vfNzk6E9tzeRuAvBMO0M59w1MfjXfm92RMa3sdXej/bsNMNQUSpMw==
afHhEhA8uePMlYTNjSq0oeLzo8be2KvXTirJhc3cz0Xz0hh8TCQnrYzL0FAXJRBcZ6fd3tS7gsdbhet/YccJmXVPUQrA8sm1XL3WIwB7vGxecmzUOcVATGHUaVJ3vnaNjZay6O2VtxZzXaks
bLxt2dZUc8/jTXrKxJlwp+Lzo8be2KvXTirJhc3cz0Xz0hh8TCRfrYzL0FAXJRBcZ6fd3tS7gsdbhet/YccJjHBCXRzA8sm1XL3WIwB7vGxecmzUOcVATGHUaVJ3vnaNjZay6O2VtxZzXaks
W5CRflyYabjcDgngqb6Nb19Cv01iAH6F0ia31j4ss6NK3zlRnU+50oM7Ck5qha//16KvhFdbKz8rgDcVXqiEbgD7iqWUpZSMkX+QexZhRDV0loJEPIYNG7hmTbIJcJNQXpfxgIIa+auvHH9bqS4=
f2eYCu5lSgAN5P0XQyZrRr4sbI5KS5nMzXCB1P2Rn+JQ5AL95N3Ve7ckWKTPUPiwOCFPSQpTMClY2eTk3rnIqgWISG/XB57ICs2L+bCagZWIgkI2GhIAuFlIlYTlc4YM4c87mdv1NQIoK0FKKdfGywtNQqk1
v+gGfJjYbT67SNORfIL2S+Lzo8be2KzXTirJhc3cz0Xz0hh8TCRfrYzL0FAXJRBcZ6eJz8imt49brvZjUKFak3xAUxjA8sm1XL3WIwB7vGxecmzUOcVATGHUaVJ3vnaNjZay6O2VtxZzXaks
2x+sB4DvCK/C3OHZkTqjhXchz4R25fDev+47I3AxcnYHzktCrbbC+I8k8qtvPrmBoAgnAQiSwNfylPm8kaXbi5bPUpnWMXSYiXGB5PeARGRxV6BjFnl0HZR+Unx8/l2zGI69Kono4zj+PyF4QiKpw880T0OpNg==
7qMG/LqYjrn3ph6lhgK8wRPMBUkk56I8I5H1zJGtA9iSlqW6ZFBfffnl7KiBdvAC1A/C2nnLEfbG9nd2Jw3+LpT2zD52oH+kUzSD/wCUFwNt+c35w9puZyf6rztgk31hVKkj
ubDxtiaQg2oWQ6VbaBusgk47Lhj+hsTQgexoNEuNlezENFu0h1Bi9JrYqpTVyZDnokE6fV40JH0K4lf8Ek/N84zACMnx6Yq+Y31athh2QKbSULvsLxSf9wSEczuhOYGBZ0rq77uaE/Okoxl5WKkv
6unS4oCA3288owMrl8nDkF9Cv01iAHrehzyg3SQ9nqN8ygwQqQrq1Ik9MxlW0eC52KKvhFdbKz8rgDcVXqiEcCnZ0Zy3uJSMkX+QexZhRDV0loJEPIYNG7hmTbIJcJNQXpfxgIIa+auvHH9bqS4=
4a2aH7NSeKdmretfFk9saqtGnZPKl796nTotfW881lRjubAiNc0C1MQXY4uyA87Or9mXzvjyZA1ydFJOOTuwCB1Goa8rDNRTUkvn1vfNzk6E9tzeRuAvBMO0M59w1MfjXfm92RMa3sdXej/bsNMNQUSpMw==
p8GE+uvV3E+uQIUVu6SrC+VEncJnCC4ZnXRscmgIYoc5dArykmAXR3RIDyo5VhXy9e6swdL0Z0XoFN+7mIYhfMtvfo3n6qm1kHJaNgJiGJhxuF1ErSPurFlfwxljZU1igPuJiuHnrqsTfVqpLQ==
hYTQ3mGvyCEZOwxsIqDRpb2z5pxai8FwCTA+0VhoiV8zKOMuv8RriXFEAb605OloNTFgcE9FPeKMz9ILk0F/Ygyw936U8/5sWEZZOdQ5Vr+470zA9hYMaOExkAApkCmOj2pG4eWykhT1oacae1mpMA==
fCKhxhgyB/P7QyujNbGtFXchz4R25fGF6vQsKGogXyIw30RGpb/4n9xv+6ZyOqegw0chRFvEs4P4jqvvjbTwjZrFR7ufRyCij2CQ+e6aRGRxV6BjFnl0HZR+Unx8/l2zGI69Kono4zj+PyF4QiKpw880T0OpNg==
6AAP56oTt6LD+rZ5q/4ECnfv7ipaqOEZ1ou9/RvJMG4WaGokoE9Um87V9QrAF5kTUezmml5sBA03DhgOTz8FLyXY7fdX9ypigKh9TeMSanEHMhXl/BrOtpaK9EjN4CkkuRvyXLV391kXDeHSHAMdKlW/0vs/VU6pOQ==
5T/7UPJPO2EuSpk1oqRXXEp6IHCJwn3YyhLOpIQfj0zcVyeiu9nyw7fZj/7gEUw9OjQantHbCJhlxhk/06x8AxoLLyYf7dY+nPbELl7AR3SLdPtP2HS/c+V5RUmreraXn7r365izFXFcqSs=
yYBvekW1WAqmcOpzoJ4ND2Srd8xbr4ZU8Z41FeqmuQd4HGKV1YXAQFUmpNoIT5wCrZtFXipWG97TvYqWaHawhoIQCwy/lO9X1ERDW7E5kaEXCjoPCxqDU1RjSRloqR8=
6XQrZRe/BfYwu8onvSz+u3srm5h70w5qVG1sWRn4xb9YL1sezZmainrxDNsfrPCa73igES4yNPzRr3BLFlGk5TTmItS8Fm2reLZtwgmAswAeJxEQAopZW29MH2upHg==
Rc6BY0niZLDnt/8R2sX4RrLacwjs7XpPmwGVKLvKCwavelNeTY2klrk4Tl0XKN792gmmge1GR+REjnBPafTk1LGHgHMWaVTNVM7yDPxOvUPY3t06ifgD6L5PQcjC0glzj2RvU6km
KwH6DDIW0y7dO4rs39q25maY23SGvhjKmfcSkeCDK2aQfTzEmOGZUD8cA1nN0t7//WE3qlf4raeYHSbZxKu/sKhueUHEMVaniIcs+CbezDCRmTD4uRipFj+Cplm1+tLMBYmHYmtRqSg=
5CwOjK3+7XnJdTB7wQ5cWVqx+kifPJNZyHKlMnTwpCs591BZNwyE/dZyuDP8Ln2jWH4dWokYQ0g+LwEowvLJ0w+EL3OpBg==
bLxt2dZUc8/jTXrKxJlwp+Lzo8be2KvXTirJhc3cz0Xz0hh8TCRfrYzL0FAXJRBcZ6fd3tS7gsdbhet/YccJjHBCXRzA8sm1XL3WIwB7vGxecmzUOcVATGHUaVJ3vnaNjZay6O2VtxZzXaks
W5CRflyYabjcDgngqb6Nb19Cv01iAH6F0ia31j4ss6NK3zlRnU+50oM7Ck5qha//16KvhFdbKz8rgDcVXqiEbgD7iqWUpZSMkX+QexZhRDV0loJEPIYNG7hmTbIJcJNQXpfxgIIa+auvHH9bqS4=
f2eYCu5lSgAN5P0XQyZrRr4sbI5KS5nMzXCB1P2Rn+JQ5AL95N3Ve7ckWKTPUPiwOCFPSQpTMClY2eTk3rnIqgWISG/XB57ICs2L+bCagZWIgkI2GhIAuFlIlYTlc4YM4c87mdv1NQIoK0FKKdfGywtNQqk1
v+gGfJjYbT67SNORfIL2S+Lzo8be2KzXTirJhc3cz0Xz0hh8TCRfrYzL0FAXJRBcZ6eJz8imt49brvZjUKFak3xAUxjA8sm1XL3WIwB7vGxecmzUOcVATGHUaVJ3vnaNjZay6O2VtxZzXaks
2x+sB4DvCK/C3OHZkTqjhXchz4R25fDev+47I3AxcnYHzktCrbbC+I8k8qtvPrmBoAgnAQiSwNfylPm8kaXbi5bPUpnWMXSYiXGB5PeARGRxV6BjFnl0HZR+Unx8/l2zGI69Kono4zj+PyF4QiKpw880T0OpNg==
afHhEhA8uePMlYTNjSq0oeLzo8be2KvXTirJhc3cz0Xz0hh8TCQnrYzL0FAXJRBcZ6fd3tS7gsdbhet/YccJmXVPUQrA8sm1XL3WIwB7vGxecmzUOcVATGHUaVJ3vnaNjZay6O2VtxZzXaks
IrXVbm5r83it/adegC3di9J4EyYSiiqIaWNhRrfrZyCI6jCulVACcBnOvN/UiQNxfCNUBudFzlYMyyr7+W25+BdcfDgBCxj/luXMQeQiaqCc4mWvaJKF9kk0W6SOo5nkov4Rn79od1+pKg==
7WaaQPBtyX0EHqM0qpf6zd7fEUthsDJ1GzjOiCu93SgjQU1Czgg9kMwBHIc0dhBZSko3JbPM3PWL3IWa6Am7+gpJx48ZQhwhWgI9BQQKxraemowo5dDx5EHLWvwtB3/Zn715MvTTpWoNz7rbB0VGqTE=
lSAwe/32PjF5S/Wlm+M81qpGnZPKl7poxm83amQmx3k3o7Y0IP5N7ocQeZmNOez0sdmXzvjyZA1ydFJOOTuwCB1coohsDfAHa2/91vfNzk6E9tzeRuAvBMO0M59w1MfjXfm92RMa3sdXej/bsNMNQUSpMw==
KwH6DDIW0y7dO4rs39q25maY23SGvhjKmfcSkeCDK2aQfTzEmOGZUD8cA1nN0t7//WE3qlf4raeYHSbZxKu/sKhueUHEMVaniIcs+CbezDCRmTD4uRipFj+Cplm1+tLMBYmHYmtRqSg=
yYBvekW1WAqmcOpzoJ4ND2Srd8xbr4ZU8Z41FeqmuQd4HGKV1YXAQFUmpNoIT5wCrZtFXipWG97TvYqWaHawhoIQCwy/lO9X1ERDW7E5kaEXCjoPCxqDU1RjSRloqR8=
Rc6BY0niZLDnt/8R2sX4RrLacwjs7XpPmwGVKLvKCwavelNeTY2klrk4Tl0XKN792gmmge1GR+REjnBPafTk1LGHgHMWaVTNVM7yDPxOvUPY3t06ifgD6L5PQcjC0glzj2RvU6km
6XQrZRe/BfYwu8onvSz+u3srm5h70w5qVG1sWRn4xb9YL1sezZmainrxDNsfrPCa73igES4yNPzRr3BLFlGk5TTmItS8Fm2reLZtwgmAswAeJxEQAopZW29MH2upHg==
7qMG/LqYjrn3ph6lhgK8wRPMBUkk56I8I5H1zJGtA9iSlqW6ZFBfffnl7KiBdvAC1A/C2nnLEfbG9nd2Jw3+LpT2zD52oH+kUzSD/wCUFwNt+c35w9puZyf6rztgk31hVKkj
fCKhxhgyB/P7QyujNbGtFXchz4R25fGF6vQsKGogXyIw30RGpb/4n9xv+6ZyOqegw0chRFvEs4P4jqvvjbTwjZrFR7ufRyCij2CQ+e6aRGRxV6BjFnl0HZR+Unx8/l2zGI69Kono4zj+PyF4QiKpw880T0OpNg==
hYTQ3mGvyCEZOwxsIqDRpb2z5pxai8FwCTA+0VhoiV8zKOMuv8RriXFEAb605OloNTFgcE9FPeKMz9ILk0F/Ygyw936U8/5sWEZZOdQ5Vr+470zA9hYMaOExkAApkCmOj2pG4eWykhT1oacae1mpMA==
5T/7UPJPO2EuSpk1oqRXXEp6IHCJwn3YyhLOpIQfj0zcVyeiu9nyw7fZj/7gEUw9OjQantHbCJhlxhk/06x8AxoLLyYf7dY+nPbELl7AR3SLdPtP2HS/c+V5RUmreraXn7r365izFXFcqSs=
6AAP56oTt6LD+rZ5q/4ECnfv7ipaqOEZ1ou9/RvJMG4WaGokoE9Um87V9QrAF5kTUezmml5sBA03DhgOTz8FLyXY7fdX9ypigKh9TeMSanEHMhXl/BrOtpaK9EjN4CkkuRvyXLV391kXDeHSHAMdKlW/0vs/VU6pOQ==
4a2aH7NSeKdmretfFk9saqtGnZPKl796nTotfW881lRjubAiNc0C1MQXY4uyA87Or9mXzvjyZA1ydFJOOTuwCB1Goa8rDNRTUkvn1vfNzk6E9tzeRuAvBMO0M59w1MfjXfm92RMa3sdXej/bsNMNQUSpMw==
ubDxtiaQg2oWQ6VbaBusgk47Lhj+hsTQgexoNEuNlezENFu0h1Bi9JrYqpTVyZDnokE6fV40JH0K4lf8Ek/N84zACMnx6Yq+Y31athh2QKbSULvsLxSf9wSEczuhOYGBZ0rq77uaE/Okoxl5WKkv
6unS4oCA3288owMrl8nDkF9Cv01iAHrehzyg3SQ9nqN8ygwQqQrq1Ik9MxlW0eC52KKvhFdbKz8rgDcVXqiEcCnZ0Zy3uJSMkX+QexZhRDV0loJEPIYNG7hmTbIJcJNQXpfxgIIa+auvHH9bqS4=
p8GE+uvV3E+uQIUVu6SrC+VEncJnCC4ZnXRscmgIYoc5dArykmAXR3RIDyo5VhXy9e6swdL0Z0XoFN+7mIYhfMtvfo3n6qm1kHJaNgJiGJhxuF1ErSPurFlfwxljZU1igPuJiuHnrqsTfVqpLQ==
5CwOjK3+7XnJdTB7wQ5cWVqx+kifPJNZyHKlMnTwpCs591BZNwyE/dZyuDP8Ln2jWH4dWokYQ0g+LwEowvLJ0w+EL3OpBg==
Rc6BY0niZLDnt/8R2sX4RrLacwjs7XpPmwGVKLvKCwavelNeTY2klrk4Tl0XKN792gmmge1GR+REjnBPafTk1LGHgHMWaVTNVM7yDPxOvUPY3t06ifgD6L5PQcjC0glzj2RvU6km
6XQrZRe/BfYwu8onvSz+u3srm5h70w5qVG1sWRn4xb9YL1sezZmainrxDNsfrPCa73igES4yNPzRr3BLFlGk5TTmItS8Fm2reLZtwgmAswAeJxEQAopZW29MH2upHg==
7qMG/LqYjrn3ph6lhgK8wRPMBUkk56I8I5H1zJGtA9iSlqW6ZFBfffnl7KiBdvAC1A/C2nnLEfbG9nd2Jw3+LpT2zD52oH+kUzSD/wCUFwNt+c35w9puZyf6rztgk31hVKkj
fCKhxhgyB/P7QyujNbGtFXchz4R25fGF6vQsKGogXyIw30RGpb/4n9xv+6ZyOqegw0chRFvEs4P4jqvvjbTwjZrFR7ufRyCij2CQ+e6aRGRxV6BjFnl0HZR+Unx8/l2zGI69Kono4zj+PyF4QiKpw880T0OpNg==
hYTQ3mGvyCEZOwxsIqDRpb2z5pxai8FwCTA+0VhoiV8zKOMuv8RriXFEAb605OloNTFgcE9FPeKMz9ILk0F/Ygyw936U8/5sWEZZOdQ5Vr+470zA9hYMaOExkAApkCmOj2pG4eWykhT1oacae1mpMA==
5T/7UPJPO2EuSpk1oqRXXEp6IHCJwn3YyhLOpIQfj0zcVyeiu9nyw7fZj/7gEUw9OjQantHbCJhlxhk/06x8AxoLLyYf7dY+nPbELl7AR3SLdPtP2HS/c+V5RUmreraXn7r365izFXFcqSs=
yYBvekW1WAqmcOpzoJ4ND2Srd8xbr4ZU8Z41FeqmuQd4HGKV1YXAQFUmpNoIT5wCrZtFXipWG97TvYqWaHawhoIQCwy/lO9X1ERDW7E5kaEXCjoPCxqDU1RjSRloqR8=
6AAP56oTt6LD+rZ5q/4ECnfv7ipaqOEZ1ou9/RvJMG4WaGokoE9Um87V9QrAF5kTUezmml5sBA03DhgOTz8FLyXY7fdX9ypigKh9TeMSanEHMhXl/BrOtpaK9EjN4CkkuRvyXLV391kXDeHSHAMdKlW/0vs/VU6pOQ==
4a2aH7NSeKdmretfFk9saqtGnZPKl796nTotfW881lRjubAiNc0C1MQXY4uyA87Or9mXzvjyZA1ydFJOOTuwCB1Goa8rDNRTUkvn1vfNzk6E9tzeRuAvBMO0M59w1MfjXfm92RMa3sdXej/bsNMNQUSpMw==
ubDxtiaQg2oWQ6VbaBusgk47Lhj+hsTQgexoNEuNlezENFu0h1Bi9JrYqpTVyZDnokE6fV40JH0K4lf8Ek/N84zACMnx6Yq+Y31athh2QKbSULvsLxSf9wSEczuhOYGBZ0rq77uaE/Okoxl5WKkv
afHhEhA8uePMlYTNjSq0oeLzo8be2KvXTirJhc3cz0Xz0hh8TCQnrYzL0FAXJRBcZ6fd3tS7gsdbhet/YccJmXVPUQrA8sm1XL3WIwB7vGxecmzUOcVATGHUaVJ3vnaNjZay6O2VtxZzXaks
6unS4oCA3288owMrl8nDkF9Cv01iAHrehzyg3SQ9nqN8ygwQqQrq1Ik9MxlW0eC52KKvhFdbKz8rgDcVXqiEcCnZ0Zy3uJSMkX+QexZhRDV0loJEPIYNG7hmTbIJcJNQXpfxgIIa+auvHH9bqS4=
2x+sB4DvCK/C3OHZkTqjhXchz4R25fDev+47I3AxcnYHzktCrbbC+I8k8qtvPrmBoAgnAQiSwNfylPm8kaXbi5bPUpnWMXSYiXGB5PeARGRxV6BjFnl0HZR+Unx8/l2zGI69Kono4zj+PyF4QiKpw880T0OpNg==
W5CRflyYabjcDgngqb6Nb19Cv01iAH6F0ia31j4ss6NK3zlRnU+50oM7Ck5qha//16KvhFdbKz8rgDcVXqiEbgD7iqWUpZSMkX+QexZhRDV0loJEPIYNG7hmTbIJcJNQXpfxgIIa+auvHH9bqS4=
f2eYCu5lSgAN5P0XQyZrRr4sbI5KS5nMzXCB1P2Rn+JQ5AL95N3Ve7ckWKTPUPiwOCFPSQpTMClY2eTk3rnIqgWISG/XB57ICs2L+bCagZWIgkI2GhIAuFlIlYTlc4YM4c87mdv1NQIoK0FKKdfGywtNQqk1
v+gGfJjYbT67SNORfIL2S+Lzo8be2KzXTirJhc3cz0Xz0hh8TCRfrYzL0FAXJRBcZ6eJz8imt49brvZjUKFak3xAUxjA8sm1XL3WIwB7vGxecmzUOcVATGHUaVJ3vnaNjZay6O2VtxZzXaks
p8GE+uvV3E+uQIUVu6SrC+VEncJnCC4ZnXRscmgIYoc5dArykmAXR3RIDyo5VhXy9e6swdL0Z0XoFN+7mIYhfMtvfo3n6qm1kHJaNgJiGJhxuF1ErSPurFlfwxljZU1igPuJiuHnrqsTfVqpLQ==
bLxt2dZUc8/jTXrKxJlwp+Lzo8be2KvXTirJhc3cz0Xz0hh8TCRfrYzL0FAXJRBcZ6fd3tS7gsdbhet/YccJjHBCXRzA8sm1XL3WIwB7vGxecmzUOcVATGHUaVJ3vnaNjZay6O2VtxZzXaks
IrXVbm5r83it/adegC3di9J4EyYSiiqIaWNhRrfrZyCI6jCulVACcBnOvN/UiQNxfCNUBudFzlYMyyr7+W25+BdcfDgBCxj/luXMQeQiaqCc4mWvaJKF9kk0W6SOo5nkov4Rn79od1+pKg==
7WaaQPBtyX0EHqM0qpf6zd7fEUthsDJ1GzjOiCu93SgjQU1Czgg9kMwBHIc0dhBZSko3JbPM3PWL3IWa6Am7+gpJx48ZQhwhWgI9BQQKxraemowo5dDx5EHLWvwtB3/Zn715MvTTpWoNz7rbB0VGqTE=
lSAwe/32PjF5S/Wlm+M81qpGnZPKl7poxm83amQmx3k3o7Y0IP5N7ocQeZmNOez0sdmXzvjyZA1ydFJOOTuwCB1coohsDfAHa2/91vfNzk6E9tzeRuAvBMO0M59w1MfjXfm92RMa3sdXej/bsNMNQUSpMw==
KwH6DDIW0y7dO4rs39q25maY23SGvhjKmfcSkeCDK2aQfTzEmOGZUD8cA1nN0t7//WE3qlf4raeYHSbZxKu/sKhueUHEMVaniIcs+CbezDCRmTD4uRipFj+Cplm1+tLMBYmHYmtRqSg=
5CwOjK3+7XnJdTB7wQ5cWVqx+kifPJNZyHKlMnTwpCs591BZNwyE/dZyuDP8Ln2jWH4dWokYQ0g+LwEowvLJ0w+EL3OpBg==
5CwOjK3+7XnJdTB7wQ5cWVqx+kifPJNZyHKlMnTwpCs591BZNwyE/dZyuDP8Ln2jWH4dWokYQ0g+LwEowvLJ0w+EL3OpBg==
jSPPCft7S151fH9Z4xagCNwQhTciQTjkAUsa/O2Hv9nfPbkyNFPlak1PetvHxQapcQ==
ads4lOFAUHJb5M0d+LsyITT2+FW7pmre2fVRTaACL1wk9CtvyLQv0xV5dak7uqb3TzqHC6jz5dEMqXs=
1vf1aC6bcaSwA/Tf7R1IY4YgOMJxdxrhIlhu8h+NTGCxiXBoGUipRp8S5kmVqlKcJZnH8ssBqXg=
yXL8Op8fzdpc9E8WGvVuWTHe5PvT78cgcdnVP5ldSWW/Hx8aHX/Ntemwg0BOVRSlRuRRb28l1JRFTytcOzqu3ahyWBdPYmB6teI6BHXTVswx70uZ6xXlwnhL0crZN3aLe21SqSU=
Nqn/RobC6zkKvfgN7bWifXM1mRjFp93noeDaZE02kZyGhEg/f/eJC6qevwaHPwDAybzEWmB9AfUsh/dWcHt+oPQd7CSZlQCcgeRpYpduNt0tZjKYTUV3RhNtqRw=
VwKot5G7xf4jckurZMFUxgNa5PIeq3ADdE8tZlrmybgZBhoS2M3LiTHhBvgfpOOR6Hq1CjQINKPZv2BBNxS0tTb6KMu8Fm2reLZtwgmAswAeJxEQAopZW29MH2upHg==
8NFIP2luMH2Ck4PUCYHCzxd+YCxRRiViWuLBrAkSMvb4qeNdYbXOPF9gK8W4rh1ulOycN0kr6MW3kDwhpm6ALxxyxX8o4qUGSUR7VE7zOXQibnFPf1gXb6ka
fHT9JvS0YEJlNzWkoRXKWjHe5PvT78cgcdnVP5ldSWWkHx8aHX/Ntemwg0BOVRSlRuRRb28l1JRFTytcOzqu3ahyWBdPYmB6teI6BHXTVswx70uZ6xXlwnhL0crZN3aLe21SqSU=
hGUfdRBbup8QVGWT/KAVZ/aEJ1eNrSoBhh6IHc/VDwesVF1eWt65kPkuSkoYFZvhkQm2gJ9cU/lIkmVSdNDki7mXkHk3LESdVtL4E/xOvUPY3t06ifgD6L5PQcjC0glzj2RvU6km
M6p0E8PD/pLlrOphv4DNLjfV4vL36NM2V8nVOpp5U2epHx8aHX/Ntemwg0BOVRSlRuRRb28l1JRFTytcOzqu3ahyWBdPYmB6teI6BHXTVswx70uZ6xXlwnhL0crZN3aLe21SqSU=
dU6op89LE7FuwkyrhaEk/ZAnVndW43+fYmhmUrrMWyCS/R/6k3pFUlrSoZzJwlJmeDlDDaFF7kxfkAu1+H69/hR8fGcJGwj1t6DcEeY+YL+c4mWvaJKF9kk0W6SOo5nkov4Rn79od1+pKg==
x3010mI5K8EqvVebOFbTqu3Gqw31jDM+uon+BXMQWs7wtWUvJQdpky/bDlCkP+wtk6yVAxsnDAn68zVKXpu4hRL0S69oNI+T9XlVaVs6xjdvOmdLSHNFEWypGw==
eSJzSc7S4WtIC67M3c9Sgsi/MAxwmZ2oNBJexavzaz+nzwE7IEyqB+Ixndy7H3Uf4lW0M3sWsCPWGbyExTPmjAEPW5n7NZWCiOuhSkmXJkurDWKpFQ==
