nf7Z06IHRtMYrjLtyghNTlzid3v32eYcazq096dnGFDBg1Xl7aBhiHlvdtqxSkJ+sdrZnGx7sK7T7ipJ5VS3BzzkO+swuBlWrmqS31NSemM8Q1EJaqMN
9IrU/nhjm2Bd+9or2lJY5ATwdFqI439ROyx+D/BNvj01CshMVxR4SPLk0JSTkGSG1zzhemL6JezRF+0JAy1TLMSvjMY2XNI6ERlMADXd2ig6z3CNt5k29/2K9YQ1ERJaf/GNnMBT4V3h4O3wDT/i8ozqnpZFKg2EoPv8toeeXiG59IsvqDTPE7x4Fe4aOoa3LzImy4hzhZGmo8E=
PolEEwulk9XxgRpsbFzCniPsKZAV6sFUv4EoKqyNtQ5sU0rY04WOAWpj7ZVlIOk4gc8eAmkKeo6ZusGMZHu4vssOAjndlO9X1ERDW7g4kaYWCjoPCxKCU1RjSRliowU=
0zUi8yKz5X9pZAE2FbexYmLNw/tPWLqwwF92CWuKiv1VyjIoMoTxGFyNhJJo/WO99dc4sYqNDuQhi7p8TUeW2L/62LJUk4ViLI8aW6cFbKML
dbMlWM+eYpUhjziMYUPp2d/4242Yog+Y1FQMv6lj2N23iAxpRuYQl1yK1XcIqlWUyNwMnW77KQzq1+HHH5AnfaMY
gngrpdz3azGYjLOC8WrRV8JXOGtevncX8ZQaJuT8s0PdZfA/GlqA5PxHozgUZUpsOsuQuNjes6lNW3SKm5oSWf8ml7ui8fQ0AGxyRwTW3fPMbjzB7P4VBFD1JIV7nJUpVWv2f+5mMXRbwy5L36uEcWVd8fAuLXvmx/SVeHono2XL1MtYMoLBPiN8kyvbOgIs21VwdewU33dEhLO7ajhBBiZKqm97ktJz5KNZ+ZKj9Q==
sewC1QkQkOrI1QumA9NP6zT2+FW7pmre2fVRTaACL1wk9CtvyLQv0x54da46uqb3TzKGC6jz5dEGo2E=
Qw2fFPqaHuDBDz4TpCvWCYYgOMJxdxrhIlhu8h+NTGCxiXBoGUOoRpgT5kmVqlqdJZnH8ssLo2I=
YfOHD+iD9GwhgAagVlpIK9/4242Yog+Y1FQMv6lj2N23iAxpRuYQl1yK1XcIqlWVyNwMnW77KQzq1+HHH5AnfaMY
YfOHD+iD9GwhgAagVlpIK9/4242Yog+Y1FQMv6lj2N23iAxpRuYQl1yK1XcIqlWVyNwMnW77KQzq1+HHH5AnfaMY
YfOHD+iD9GwhgAagVlpIK9/4242Yog+Y1FQMv6lj2N23iAxpRuYQl1yK1XcIqlWVyNwMnW77KQzq1+HHH5AnfaMY
YfOHD+iD9GwhgAagVlpIK9/4242Yog+Y1FQMv6lj2N23iAxpRuYQl1yK1XcIqlWVyNwMnW77KQzq1+HHH5AnfaMY
FE0dzdlEEt5azaUA+4j+eFqx+kifPJNZyHanPHTwpCs591BZNwyE/dZyuDP8Ln2jWH4dUYgYREk+LwEoyvPJ0w+EL3mjHA==
GSONv5tdLt6RZfwuPTNP0aATfyABInpHMJIFRoi/yFgLM7N6a7PX/UapSgRVk7ZMUS9nmAtSRELYCzHC+PfWC5steKMf
DpKYB2SElUkCWpkBktmdfKETfyABInpHMJIFRoi/yFgLM7N6a7PX/UapSgRVk7ZMUS9nmAtSRELYCzHC+PfWC5steKMf
YYpUduZxWqpQASfSnb6mJKMSfyABInpHMJIFRoi/yFgLM7N6a7PX/UapSgRVk7ZMUS9nmAtSRELYCzHC+PfWC5steKMf
24bcka60vGY3d3FyTpRJzaESfyABInpHMJIFRoi/yFgLM7N6a7PX/UapSgRVk7ZMUS9nmAtSRELYCzHC+PfWC5steKMf
Bogn8xOXntKvN4Vpvxv0QUF34qjfKrNgzVqOF+Q6ueYUV7yon6s/+ucrQ42ywdak6TvinCXXKlhHanASDGPNouTf4juPNXSjEw==
xha+gUEXhfVuD/iIftScaGFOS7XdgKOGIK9KZleW2gtyENF3cTqp9w21fJ0Y1AdnzKQLC0S4KXZeKiJ/I9Lqw+wDgSl6ox0=
XrksOUQNBxlXo1OksTINg2NOS7XdgKOGIK9KZleW2gtyENF3cTqp9w21fJ0Y1AdnzKQLC0S4KXZeKiJ/I9Lqw+wDgSl6ox0=
TLyIDeTkqRpcHYPpWWbFWqMTfyABInpHMJIFRoi/yFgLM7N6a7PX/UapSgRVk7ZMUS9mmAtSRELYCzHC+PfWC5steKMf
rZkkDAfwk4tU7oi2QfmxUlqx+kifPJNZyHKlMnTwpCs591BZNwyE/dZyuDP8Ln2jWH4dV4gYREk+LwEoyvPJ0w+EL3mjHA==
BdFYaFOhZZz5FqbZjE0nd1qx+kifPJNZyHanPHTwpCs591BZNwyE/dZyuDP8Ln2jWH4dV4gYREk+LwEoyvPJ0w+EL3mjHA==
GIODDd4irwnF9xJyskjogKATfyABInpHMJIFRoi/yFgLM7N6a7PX/UapSgRVk7ZMUS9mmAtSRELYCzHC+PfWC5steKMf
OcfAabRtx+OIA+UYTdzKSKETfyABInpHMJIFRoi/yFgLM7N6a7PX/UapSgRVk7ZMUS9mmAtSRELYCzHC+PfWC5steKMf
J3/99tZQFc/ANZNcTxspvaMSfyABInpHMJIFRoi/yFgLM7N6a7PX/UapSgRVk7ZMUS9mmAtSRELYCzHC+PfWC5steKMf
Qz4asDGrOg6Zed12dLK1eKESfyABInpHMJIFRoi/yFgLM7N6a7PX/UapSgRVk7ZMUS9mmAtSRELYCzHC+PfWC5steKMf
Bogn8xOXntKvN4Vpvxv0QUF34qjfKrNgzVqOF+Q6ueYUV7yon6s/+ucrQ42ywdak6TvinCXXKlhHanASDGPNouTf4juPNXSjEw==
xha+gUEXhfVuD/iIftScaGFOS7XdgKOGIK9KZleW2gtyENF3cTqp9w21fJ0Y1AdnzKQLC0S4KXZeKiJ/I9Lqw+wDgSl6ox0=
XrksOUQNBxlXo1OksTINg2NOS7XdgKOGIK9KZleW2gtyENF3cTqp9w21fJ0Y1AdnzKQLC0S4KXZeKiJ/I9Lqw+wDgSl6ox0=
TLyIDeTkqRpcHYPpWWbFWqMTfyABInpHMJIFRoi/yFgLM7N6a7PX/UapSgRVk7ZMUS9mmAtSRELYCzHC+PfWC5steKMf
rZkkDAfwk4tU7oi2QfmxUlqx+kifPJNZyHKlMnTwpCs591BZNwyE/dZyuDP8Ln2jWH4dV4gYREk+LwEoyvPJ0w+EL3mjHA==
BdFYaFOhZZz5FqbZjE0nd1qx+kifPJNZyHanPHTwpCs591BZNwyE/dZyuDP8Ln2jWH4dV4gYREk+LwEoyvPJ0w+EL3mjHA==
GIODDd4irwnF9xJyskjogKATfyABInpHMJIFRoi/yFgLM7N6a7PX/UapSgRVk7ZMUS9mmAtSRELYCzHC+PfWC5steKMf
OcfAabRtx+OIA+UYTdzKSKETfyABInpHMJIFRoi/yFgLM7N6a7PX/UapSgRVk7ZMUS9mmAtSRELYCzHC+PfWC5steKMf
J3/99tZQFc/ANZNcTxspvaMSfyABInpHMJIFRoi/yFgLM7N6a7PX/UapSgRVk7ZMUS9mmAtSRELYCzHC+PfWC5steKMf
Qz4asDGrOg6Zed12dLK1eKESfyABInpHMJIFRoi/yFgLM7N6a7PX/UapSgRVk7ZMUS9mmAtSRELYCzHC+PfWC5steKMf
Bogn8xOXntKvN4Vpvxv0QUF34qjfKrNgzVqOF+Q6ueYUV7yon6s/+ucrQ42ywdak6TvinCXXKlhHanASDGPNouTf4juPNXSjEw==
xha+gUEXhfVuD/iIftScaGFOS7XdgKOGIK9KZleW2gtyENF3cTqp9w21fJ0Y1AdnzKQLC0S4KXZeKiJ/I9Lqw+wDgSl6ox0=
XrksOUQNBxlXo1OksTINg2NOS7XdgKOGIK9KZleW2gtyENF3cTqp9w21fJ0Y1AdnzKQLC0S4KXZeKiJ/I9Lqw+wDgSl6ox0=
TLyIDeTkqRpcHYPpWWbFWqMTfyABInpHMJIFRoi/yFgLM7N6a7PX/UapSgRVk7ZMUS9mmAtSRELYCzHC+PfWC5steKMf
rZkkDAfwk4tU7oi2QfmxUlqx+kifPJNZyHKlMnTwpCs591BZNwyE/dZyuDP8Ln2jWH4dV4gYREk+LwEoyvPJ0w+EL3mjHA==
BdFYaFOhZZz5FqbZjE0nd1qx+kifPJNZyHanPHTwpCs591BZNwyE/dZyuDP8Ln2jWH4dV4gYREk+LwEoyvPJ0w+EL3mjHA==
rZkkDAfwk4tU7oi2QfmxUlqx+kifPJNZyHKlMnTwpCs591BZNwyE/dZyuDP8Ln2jWH4dV4gYREk+LwEoyvPJ0w+EL3mjHA==
rZkkDAfwk4tU7oi2QfmxUlqx+kifPJNZyHKlMnTwpCs591BZNwyE/dZyuDP8Ln2jWH4dV4gYREk+LwEoyvPJ0w+EL3mjHA==
GIODDd4irwnF9xJyskjogKATfyABInpHMJIFRoi/yFgLM7N6a7PX/UapSgRVk7ZMUS9mmAtSRELYCzHC+PfWC5steKMf
OcfAabRtx+OIA+UYTdzKSKETfyABInpHMJIFRoi/yFgLM7N6a7PX/UapSgRVk7ZMUS9mmAtSRELYCzHC+PfWC5steKMf
J3/99tZQFc/ANZNcTxspvaMSfyABInpHMJIFRoi/yFgLM7N6a7PX/UapSgRVk7ZMUS9mmAtSRELYCzHC+PfWC5steKMf
Qz4asDGrOg6Zed12dLK1eKESfyABInpHMJIFRoi/yFgLM7N6a7PX/UapSgRVk7ZMUS9mmAtSRELYCzHC+PfWC5steKMf
Bogn8xOXntKvN4Vpvxv0QUF34qjfKrNgzVqOF+Q6ueYUV7yon6s/+ucrQ42ywdak6TvinCXXKlhHanASDGPNouTf4juPNXSjEw==
xha+gUEXhfVuD/iIftScaGFOS7XdgKOGIK9KZleW2gtyENF3cTqp9w21fJ0Y1AdnzKQLC0S4KXZeKiJ/I9Lqw+wDgSl6ox0=
XrksOUQNBxlXo1OksTINg2NOS7XdgKOGIK9KZleW2gtyENF3cTqp9w21fJ0Y1AdnzKQLC0S4KXZeKiJ/I9Lqw+wDgSl6ox0=
TLyIDeTkqRpcHYPpWWbFWqMTfyABInpHMJIFRoi/yFgLM7N6a7PX/UapSgRVk7ZMUS9mmAtSRELYCzHC+PfWC5steKMf
BdFYaFOhZZz5FqbZjE0nd1qx+kifPJNZyHanPHTwpCs591BZNwyE/dZyuDP8Ln2jWH4dV4gYREk+LwEoyvPJ0w+EL3mjHA==
rZkkDAfwk4tU7oi2QfmxUlqx+kifPJNZyHKlMnTwpCs591BZNwyE/dZyuDP8Ln2jWH4dV4gYREk+LwEoyvPJ0w+EL3mjHA==
6w5MmhjEizwgIEw9ksz4oXkrm5h70w5lEDAzZVj80r5kQkgjmdbaxy66U7kP8uWW82+WRXIpNPzRr3BLFlGk5TTmItS8Fm2reLZtzwiAtAEeJxEQCotZW29MH2GjBA==
/aqdH2z3d4st7USMAY5ci3krm5h70w5lEDAzZVj80r5kQkojmdbaxy+6U7kP8uWW82+WRXIpNPzRr3BLFlGk5TTmItS8Fm2reLZtzwiAtAEeJxEQCotZW29MH2GjBA==
4+OXihmbP75/yRNM9O1oNbLacwjs7XpA3wefFunCBhaFQwBQf43hoPclXwlJTs772hOhi9cSceNSg1MdMfHk1LGHgHMWaVTNVM7yDPxOvUPY3t03iPgE6b5PQcjK0wlzj2RvWaM8
uY57xubEnwZh/big+IIVkWaY23SGvlzbkusFgOa+Tk2ReQ6RkNzVUDUqT1PLm7vwomFy9QXpt7yNSQrV5+/hrqhueUHEMVaniIcs+CbezDCRmTD4uRWoFjiDplm1+trNBYmHYmtbozI=
FbhtMQQ+dyo0r/CrK8nwSLLacwjs7Xsbih2IHfPTKxazVjUReICTo/clXwlKTs772hOhi9cSceNSg1MdMfDk1LGHgHMWaVTNVM7yDPxOvUPY3t03iPgE6b5PQcjK0wlzj2RvWaM8
NqDlMxAwD9AbPFJ+j1CbhbLacwjs7XpA3wefFunCBhaFQwBQf43joPclXwlJTs772hOhi9cSceNSg1MdM/Hk1LGHgHMWaVTNVM7yDPxOvUPY3t03iPgE6b5PQcjK0wlzj2RvWaM8
pQImHenWMuLNsSTE/WVoW7Lacwjs7Xsbih2IHfPTKxazVjUReoCTo/clXwlLTs772hOhi9cSceNSg1MdM/Dk1LGHgHMWaVTNVM7yDPxOvUPY3t03iPgE6b5PQcjK0wlzj2RvWaM8
GIODDd4irwnF9xJyskjogKATfyABInpHMJIFRoi/yFgLM7N6a7PX/UapSgRVk7ZMUS9mmAtSRELYCzHC+PfWC5steKMf
OcfAabRtx+OIA+UYTdzKSKETfyABInpHMJIFRoi/yFgLM7N6a7PX/UapSgRVk7ZMUS9mmAtSRELYCzHC+PfWC5steKMf
J3/99tZQFc/ANZNcTxspvaMSfyABInpHMJIFRoi/yFgLM7N6a7PX/UapSgRVk7ZMUS9mmAtSRELYCzHC+PfWC5steKMf
Qz4asDGrOg6Zed12dLK1eKESfyABInpHMJIFRoi/yFgLM7N6a7PX/UapSgRVk7ZMUS9mmAtSRELYCzHC+PfWC5steKMf
Bogn8xOXntKvN4Vpvxv0QUF34qjfKrNgzVqOF+Q6ueYUV7yon6s/+ucrQ42ywdak6TvinCXXKlhHanASDGPNouTf4juPNXSjEw==
xha+gUEXhfVuD/iIftScaGFOS7XdgKOGIK9KZleW2gtyENF3cTqp9w21fJ0Y1AdnzKQLC0S4KXZeKiJ/I9Lqw+wDgSl6ox0=
XrksOUQNBxlXo1OksTINg2NOS7XdgKOGIK9KZleW2gtyENF3cTqp9w21fJ0Y1AdnzKQLC0S4KXZeKiJ/I9Lqw+wDgSl6ox0=
TLyIDeTkqRpcHYPpWWbFWqMTfyABInpHMJIFRoi/yFgLM7N6a7PX/UapSgRVk7ZMUS9mmAtSRELYCzHC+PfWC5steKMf
BdFYaFOhZZz5FqbZjE0nd1qx+kifPJNZyHanPHTwpCs591BZNwyE/dZyuDP8Ln2jWH4dV4gYREk+LwEoyvPJ0w+EL3mjHA==
P1FrMV4RWyU3ItNHjE4rP1qx+kifPJNZyHKlMnTwpCs591BZNwyE/dZyuDP8Ln2jWH4dVIgYREk+LwEoyvPJ0w+EL3mjHA==
Ra/IjTAMNGkgZsp4xHGuUFqx+kifPJNZyHanPHTwpCs591BZNwyE/dZyuDP8Ln2jWH4dVIgYREk+LwEoyvPJ0w+EL3mjHA==
jjxuvpLnWeQZxbcWNp7RTJdW/wLJQ/Agt/t9Y47JX////zl11i4dZHk0Y79gFLdDg/jtPqJazicH8s77wBOdIX6jGQ==
NYxpX+XdD5TbsuDr1KaTgZwFinpShUtEvq4hDSOE/4nRUkElUpK3nMVBh6C58gJnOILtBiBPQPjTQ6t6c0OPXc7Z4sQ9g75sqX/dGHOCfCLQGxkCkEdea0MdYKMH
clX14rodCZeh56J96a4B3+t/NMAPI4yNkm2Qz+2dheJm+TW80JiFfIRwC7/5FPipOCEFGhdAOx8d3//I3qXIohCVfCbhQpjYEvCEiMLf2Jibk0N6GxNUslJTmoTlc4YM4c81mNvyNAIoK0FCKNfGywtNSKMv
hVD81l+eY+EIRb2LoXOQIJAnVndW43+fYmhmUrrMWyCS/R/6k3pFUlrSoZzJwlJmeDlDDaFF7kxfkAu1+Hq/8BR8fGcJGwj1t6DcEeY+YL+c4mWvaJKF+Eg0XKWOo5nkqv8Rn79od1WjMA==
jbtLoMeXQzahNxYmqV/P2TfV4vL36NM2V8nVOpp5U2epHx8aHX/Ntemwg0BOVRSlRuRRb28l1JRBTSVcOzqu3ahyWBdPYmB6teI6BHXTVswx70WY6xLkwnhL0cLYN3aLe21Yoz8=
q4GZgzGzzhVSMwpj48rzzfaEJ1eNrSoBhh6IHc/VDwesVF1eWt65kPkuSkoYFZvhkQm2gJ9cU/lIlmdcdNDki7mXkHk3LESdVtL4E/xOvUPY3t00iPgE6b5PQcjK0wlzj2RvWaM8
V23EcRILsoS1zt2QCOL/fDHe5PvT78cgcdnVP5ldSWWkHx8aHX/Ntemwg0BOVRSlRuRRb28l1JRBTSVcOzqu3ahyWBdPYmB6teI6BHXTVswx70WY6xLkwnhL0cLYN3aLe21Yoz8=
LPkNhTOajeOZsoXSGZwfmxd+YCxRRiViWuLBrAkSMvb4qeNdYbXOPF9gK8W4qh9glOycN0kr6MW3kDwhpm6ALxxyxX8o4qUISER8VU7zOXQqb3FPf1gXZaMA
lwVthsFKea/FfDdGhj4P6QNa5PIeq3ADdE8tZlrmybgZBhoS2M3LiTHhBvgfpOOR6H63BDQINKPZv2BBNxS0tTb6KMu8Fm2reLZtzAiAtAEeJxEQCotZW29MH2GjBA==
XI/ejYyToTJOo40YlXv9MnM1mRjFp93noeDaZE02kZyGhEg/f/eJC6qevwaHPwDEy7LEWmB9AfUsh/dWcHt+oPQd7CSZlQCcgepoYpBvNt0tZjqZTUV3RhNnowY=
trSIL2OXhpUOw+dObrIRczHe5PvT78cgcdnVP5ldSWW/Hx8aHX/Ntemwg0BOVRSlRuRRb28l1JRBTSVcOzqu3ahyWBdPYmB6teI6BHXTVswx70WY6xLkwnhL0cLYN3aLe21Yoz8=
ZWptpA0oED1jyX9V5QWprCqQgr5PBvfyhwt4H2+KivtkhGg5PImwchiHk4Jk0C21+J48s6qBGOQhi7p8TUeQ2L/62LJUk4ViLI8aW6cFbKML
nkADrOYE6w3eNP2WlzxI5fblmiDl0ZcgtvSszAldIJRRgusKQ2cWFb2OenFdjdfOww+jbg==
cxTfjVyhTR/4tfspZ7ROyHPD4fYwMvTUXA4vo1r3sTf/0rrqvPYtC/jWresJoPfhnofRcAqrGbvv7N8Bo2Q=
UtTcSV86dRLUrrq97PkYC9xkO9p/ZxqxfWUnvF6QTGCxiXBoGUapRpsT5kmVqlqdJZnH8ssLo2I=
e0NZMfaQrgIpagdN0uVfqT6K9exgeP3BXAwqoRn8sTf/0rrqvPYtC/jWre8OoPfhnofRcAqrGbvv7N8Bo2Q=
fc7N4dPvWdx2I+UL188MCMDiz5OY9g2QgAQFvaxw0t2ZgElLD65CllyK1XcIqlWeztwPnW77KQzq1+HHH5AnfaMY
TX+fU50aOpS1mpMzgyfjVgD9/WHcJodHyCKlNCCgrSk85FpZGQTB35866jL8Ln2jWH4dU4sYRkk+LwEoyvPJ0w+EL3mjHA==
hk1dzQBx5CXgissge3MZj20a+1tZw7zI+62Q9BGG8P5hU/SinhtZyp0V58y+4MwQUfmwGPkyqzZ6YyY5ddra7cXpB4Ire6MS
B6oWtoJIw17v9pZd41XKhxl74beGF/xsmQneRKEnsagXG7ioj6A0uat/dsPpmMek6TvinCXXK1tHaHASDGPNouTf4juPNXSjEw==
za193JrqghnJaclmmLxWH1OTkbpjBRG3p2+wOxoMfyXoXKcrp5gBd17wuWxyee2zwJsP9FEUf7dkBJN7zzuhxMbKSq+bkjKzBCO5OXKjFQ==
xL6S5HSFgtyywydd164wEe3u3WxE1L/+WEYd4qmea7cxF3yUA8mg+Bly0MK5FyQONo/ZViWxF4B21KzsSf2gdBFi6uoCh5a1/a56UZ0tV64Db6MO
rvhCtAm49jAwCYFy78TzS8Diz5OY9g2QgAQFvaxw0t2ZgElLD65CllyK1XcIqlWTztwOnW77KQzq1+HHH5AnfaMY
DUVde1RrvL96P/bf3aGd1B9DbYicgffVcPwPe1/Y2Ud2EMF8ennlozj7J8QJ1AdnzKQLC0a+KXReKiJ/I9Lqw+wDgSl6ox0=
Tat2iGWeqkkBuJPB8cWLPnQHwKgVQEdqgoHxDLNRwCCpKhCaic9EFgaX2U4VqXdYRoxstPklwOyh+2tyvR/2bU32ugmt9Te2M3ejFg==
qfa/aB3BAQrkaCAu6U9JsiX49Q+yoGXExvlZG5xLYwwl9CtvyLQv0xh/daM6uqb3TzKGC6jz5dEGo2E=
YrH9LxhrL8Tw5fUZKiIYtYnG1EhDw+R4IwiAOR/X2pM1wBPEHUMe7Mm/+h6Tz9yisNt5ArAHvuvj3QCjZw==
pYOKIuY+8eSVo1Ss4YcKw3XD/eBgeP3BXAwqoRn8sTf/0rrqvPYtC/jWrekOoPnhnofRcAqrGbvv7N8Bo2Q=
7XCIt6Z4Atjl3NEsBeJ30Z66Wgv0qzvcHbTzHzDUh2OQ/v1TUhoeR5dyfltw083BDqNp
WFdIu26adHkpVwtslm/cXypSOqNa/6Ev3+qKony+3XMYTj1hiyhoef5/obhKYymDz/TPCaNs
54g/aFMghep1UVWOfIWtuWEbLKNa/6Ev3+qKony+3XMYTj1riyhoef5/obhKYymDz/TPCaNs
gQJhx9O5yK94vn+Mp1MTh566Rwv0qzvcHbTzHzDUh2OX+v1SUhoeR5dyfltw083BDqNp
G5xR2bj5IjqRTgv9nz0dJfblmiDl0ZcgtvSszAldIJRRgOoKTGcWFb2OenFdjdfOww+jbg==
fkrJWzOxbPysm0iQj9myDp66Wgv0qzvcHbTzHzDUh2OW/v1SUhoeR5dyfltw083BDqNp
qsMX7JoPbNlJTWwiw7wyJmEbLKNa/6Ev3+qKony+3XMYTj1hiyhjfv5/obhKYymDz/TPCaNs
Bs4bueK4wK0KkI45cP/YK566Rwv0qzvcHbTzHzDUh2OQ+/1ZVRoeR5dyfltw083BDqNp
9TjFppiwULsbuAxKWbPWifblmiDl0ZcgtvSszAldIJRRjesKR2AWFb2OenFdjdfOww+jbg==
v+WEMbbiSd6rkMtJ5Gfqcp66Wgv0qzvcHbTzHzDUh2OQ+v1ZVRoeR5dyfltw083BDqNp
CTIY8TnDuO15bCZM0XOIK7uyBOK2ggj6kF9GA1k4dyR5m7Jcdfc8WVeNJ9Jcg10ilD+S+//VBKNj
rQaYuxRprisEc3zrX9UEy0aH1Xogk45P5OuaNfX5twjmPOwEWfWAPMEJaYLXyLa97UY6uQ2l9+bTB6Nm
p72XhoywwI6mvb4Og5g9vcKP2A0TyuhyKgqMehTX2pM1wBPEHUMe7Mm//BmTxduisNt5ArAHvuvj3QCjZw==
Tq0cJlCuAfPPdBsF0xow0VmH1Xogk45P5OuaNfX5twjmPOwEWfWAPMEFaYLXyLa97UY6uQ2l9+bTB6Nm
tIKryqfSqOptZia0c7GgrtxkO9p/ZxqxfWUnvF6QTGCxiXBoGUSoRp4U5kmVqlqdJZnH8ssLo2I=
THKgflm3M1JlGm24RuFYyCX49Q+yoGXExvlZG5xLYwwl9CtvyLQv0xR4dag9uqb3TzKGC6jz5dEGo2E=
vgV0yEyH0c0F8SUC/317FoYP9g3VU/E2obg9P5qAXfT++WErpGtLPG00Y79gFLdDgf/tOKVazicH8s77wBOdIX6jGQ==
Du/9xIdVDyHLaAJJbaIGDEgS6LFUKHrEushq8h/rB6a3qABm4OhdcRzcSlEZDNHnv2IaejxmzXs4ho3dD5DSNt53seCKO7kLL7w/caMU
xfgu+7PzIqQNukXS906udAa531hrDtCttHRCGMoUUq7ft796x3S4OgB05e1sQPLNmZBpe8/+oubcOnWnSFo1j8/M6uquq4m8aieBF1+gB22jCA==
mNcDVdI2iaCYbJ+VSybtWqCDtwHwiDM5r53wDX8PE96uvGU4NxZhlHWPDl3tc/kmifjVTxIgBQTm+XlbfMvDzAX0S69oNI+T/35VaF06xjdvMmZLSHNFEWajAQ==
QKi+Eye9Sfjt1126pnMJsXD4I4cWo9MZ7Jg/Maud9AVzHw/GypyBAEsmrdwxT8oVoYNFXi0YcdeOsImMYnn90/BbX1ShlO9X1ERDW74+kaARCjoPCxKCU1RjSRliowU=
T7/WY+LNuKbbx47ZfdZPvoYP9ADVQuQ8vrg9P5qAXfT++WErpGtLPG00Y79gFLdDjPrtP6VazicH8s77wBOdIX6jGQ==
YsycCSeJmqmyRoozlMkLEhEHP8M+4G7P5udQUtnnZD4Wn9lGBYFXcBZELHypjWBEMXbp+iGwVsUdPvrB/d0XniN/ox4=
HGa8HQDBKIIDeeU/MKSFikcHtfAXcTiG8Zc6tx/pCqamvQp54OhdcRzcSlEZDNHnv2IaejxmzXs4ho3YD5DVNt53seCKO7kLL7w/caMU
trdG+EBAXZHHPrZ7R6qrcsDiz5OY9g2QgAQFvaxw0t2ZgElLD65CllyK1XcIqlWRy9wMmm77KQzq1+HHH5AnfaMY
uNcbyfxOrnwB/7IzMgKkvxk4973PDfxhmQneRKEnsagXG7ioj6A0uat/dsPpmMek6TvinCXXJltHancSDGPNouTf4juPNXSjEw==
5ZpwV3cJ4Pjro2JTLHmiWUph345uYBvNE0W4od3BgvQNf1XIs6MUOPMosDkv94pTRSBjRI3jTiz5n+oag6Ir4mC76YIApw4rsz1woxc=
04/T6b27IrwWvhhEeAwiEycQxrdaUAFmm4/xDLNRwCCpKhCaic9EFgaX2U4VqXdYRoxstPklwOyh/WpysBj2bU32ugmt9Te2M3ejFg==
NlxPwvlzN4x1d290xyh1LHXD/eBgeP3BXAwqoRn8sTf/0rrqvPYtC/jWrekKoPTmnofRcAqrGbvv7N8Bo2Q=
ppScY0/Ke0UeEZ3s2WgARh+6+mjRaZcaxmy8M2729m4i7VxFWg/B35866jL8Ln2jWH4dVI4YQU8+LwEoyvPJ0w+EL3mjHA==
8OmW1RioXTeC/csLcPyI2566Wgv0qzvcHbTzHzDUh2Oc+P1ZVBoeR5dyfltw083BDqNp
3F1BSrgX6Fw+a2l+RE7h3TgpOBK4OmLw7Ewbwm9vGsmNDcfkjtiM2AEh0PCJzy++7/2GkcViGqUVsefq2wOjGg==
GZJiGiDGrvIDW94mkNyegD6K9exgeP3BXAwqoRn8sTf/0rrqvPYtC/jWregOoPPnnofRcAqrGbvv7N8Bo2Q=
j7UitF+Vj8BhIf9KpA5vIMDiz5OY9g2QgAQFvaxw0t2ZgElLD65CllyK1XcIqlWSztwLm277KQzq1+HHH5AnfaMY
mNRCXZ/TCZhK0Eu+zHib54fxOQsxkZuvPBJdxLjlfiqsxkY8ZVH6VKUvnYj7U3wY61ioOTcHknOtUKuExTPmjAEPWpv7NJKCiOuhQkiXJkurDWijDw==
cw/W6fWNCmYYf4dN06DcmL/+y3BT2OvxVAIM8b+FZvk4EWyUA8mg+Bly0MK5FyQONo/ZViWxF4B21KzsSf2gdBFl6eoGgZa1/a56UZ0tV64Db6MO
3Mw8Zet6c0fFqOd1FHA2K21VtFJO3rCP7amYt0ycoLRlU/SinhtZyp0V58y+4MwQUfmwGPkzqTZ+ZSY5ddra7cXpB4Ire6MS
+mylIIiB5CDpG4PCNC9N6xFx+8I0EPXkQ8B8eyAkOM4ZKC/r4mA15Pb5aTtMC7NstXTbDzj037MKeWWIDPoWV/+yFqv4M7UxdqMR
l5CMIPgC8MkoP6Dtft5Ms6CnwG1b2vrkVkxJ7KTRJL4mCnDTFc2ou0RogIi9FyQONo/ZViWxF4B21KzsSf2gdBFk6OoGgZa1/a56UZ0tV64Db6MO
0N+nNjAtI5YSNVa18tzCwr2I5O32o8BhQy7K+L5oKQCchfSCbs6wn8152GfsDCAkxYO0cr4LWdq9xaccHnBMgPEp8MjZJKgmXrVm6dVKWn1lOUdSC2ujAg==
Rp0kPxufHi4upWChq/KwV02gLjTigK4dYzaz5KERV0qwgFG8v4BAo0Q0PMb1CAMjptCRnGp59cPou3ckmVS3BzzkO+s1uBlQqGqS31NSemM8Q1EJaqMN
NJirXjjI1B1OeD5t95QPeqqVuVoBMYSag2U9n5zwjXT7QITrmIRQHlFo55vKQC0U7vlxS1Qrm5z9tBNf0FRnI3L+3Rj0mr6Ht3JemxBTrQFuowk=
ry6QifnCc5d4EdosMFEeOFOT3PxkHhmgq2K9LAcAODPsVOR2vchLc17wuWxyee2zwJsP9FEUf7dkBJN7wD6hwMDKSq+bkjKzBCO5OXKjFQ==
3B0cDzOqlLPyFrHiTzhvuFLsJjCwkKgXdnPkrKxeUVDzwlW8v4BAo0Q0PMb1CAMjptCRnGp59cPou3ckmVS3BzzkO+swuxlXqGqS31NSemM8Q1EJaqMN
uA5T/E+tGEh1NFz68mIABB5uZCoQb25/UOXNvQdVevv2tPJQLuzSIBA9Kd+wvUBykPaRNUw44sWZmHkD7ybSLhxyxX8o4qULS0R9U07zOXQqb3FPf1gXZaMA
4Vys69qRGYiczoyLNFt2aE3wwFInDYqztnxCCM5UQqiQtbln0GXwOlA+4e1sQPLNmZBpe8/+oubcOnWnSFo1hc7M7euuq4m8aieBF1+gB22jCA==
9peh33wM/aG7MQM/r7HSY21VtFJO3rCP7amYt0ycoLRlU/SinhtZyp0V58y+4MwQUfmwGPk0rjZ5ZSY5ddra7cXpB4Ire6MS
2npNcQVxYkZwQgEx9GwJF1o47Mk0EPXkQ8B8eyAkOM4ZKC/r4mA15Pb5aTtMC7NstXTbDzj037MKfmWPDPoWV/+yFqv4M7UxdqMR
RORi2kFcOe9DsMFwnij7c8DizJCY9g2QgAQFvaxw0t2ZgElLD65CllyK1XcIqlWTy9wMm277KQzq1+HHH5AnfaMY
tFWEw6vjrCs626bjOwEp7T6K9exgeP3BXAwqoRn8sTf/0rrqvPYtC/jWrewLoPTnnofRcAqrGbvv7N8Bo2Q=
2c6eh5nh9PuLdvi9XF9mrcDiz5OY9g2QgAQFvaxw0t2ZgElLD65CllyK1XcIqlWey9wMm277KQzq1+HHH5AnfaMY
xZW3f20YVgWgZrLuQSfodIfxOQsxkZuvPBJdxLjlfiqsxkY8ZVH6VKUvnYj7U3wY61ioOTcHknOtUKuExTPmjAEPUpn7MpKCiOuhQkiXJkurDWijDw==
yJSk2sxZQm1XZGXjGgY/IL/+y3BT2OvxVAIM8b+FZvk4EWyUA8mg+Bly0MK5FyQONo/ZViWxF4B21KzsSf2gdBFm6eoAgZa1/a56UZ0tV64Db6MO
g7MTDZUDBI4K94UUZVzvUm1VtFJO3rCP7amYt0ycoLRlU/SinhtZyp0V58y+4MwQUfmwGPkzqTZ4ZSY5ddra7cXpB4Ire6MS
E7jOwEF/5kj35ncjOI1aZmXei7kODvH1jwt2WCeQmeBmjzIsOsrjOBXPgIhn0Cy5s48e49HID+Qhi7p8TUeS2b/63rJUk4ViLI8aW6cFbKML
gNUs8jm2TS4ybu3clpd+sn/4kASllj8WO87zmSZ+KTX32944vyARYO7/qoxSGlt4zf/oaF/AJLm7nyaDOfhXJJnbUtzVtxhZN0pGUvzDfSJ0fzJ7XxVkowM=
mrr44gybr+KsnBGbgkZN9G+7JZ0I4tRU9pwzGrmWvUJlAUDS34WBFxhg6cw3AMgTvJRUFi1IO9OOsImMYnn90/BbX1ShlO9X1ERDW7k4kaYQCjoPCxKCU1RjSRliowU=
r0NKM0fH+eydU/3+Z3Cv0W94w9M6nR45UHZcelb8gKJFDRwUzdjNxzy8GuRQ+eGL4GnoFjASOaHcrGpBGRzxl3+yesq8Fm2reLZtywiAtAceJxEQCotZW29MH2GjBA==
yxbxRMRrS2EsEzKYzCY67VOT3PxkHhmgq2K9LAcAODPsVOR2vchLc17wuWxyee2zwJsP9FEUf7dkBJN7yjihxsDKSq+bkjKzBCO5OXKjFQ==
sHLA2bYUbV9r9G3EIXoBYQa511knDYqztnxCCM5UQqiQtbln0GXwOlA+4e1sQPLNmZBpe8/+oubcOnWnSFo1g8jM7Ouuq4m8aieBF1+gB22jCA==
RdMceDy+rh3EeESu0wl7mEQ7cjtCYn9oS7HHoQdVevv2tPJQLuzSIBA9Kd+wvUBykPaRNUw44sWZmHkD7ybSLhxyxX8o4qUJSER8U07zOXQqb3FPf1gXZaMA
Hn+R3RJgLcuc4RzYzGZg+G+7I4EJ95YQ4J4zMa+L9A1yUwyc1J6JAFsi7cw3AMgTvJRUFi1IO9OOsImMYnn90/BbX1ShlO9X1ERDW7g/kaYQCjoPCxKCU1RjSRliowU=
Y9N4Ze3QryVujGDKx/bnKG9+39Iv31ovUnZ3bEu1z7UXQVIf1tDahH64GuRQ+eGL4GnoFjASOaHcrGpBGRzxl3+yesq8Fm2reLZtyA+AtAceJxEQCotZW29MH2GjBA==
SRUNl/fcx6RL5gfnEyNbyjYzmAHLspjx6v3QY0Enn9vOiUYibvrGUraC8FuFJQjTlKDAQG1/BOYmh9leNVk36KYc7CSZlQCcgetuYpNpNt0tZjqZTUV3RhNnowY=
xeE14NtvkrQ9Yjhal5FnnE3wwFInDYqztnxCCM5UQqiQtbln0GXwOlA+4e1sQPLNmZBpe8/+oubcOnWnSFo1jsnM4euuq4m8aieBF1+gB22jCA==
TfLsE5t8GfQaP/pFUCmNH1o47Mk0EPXkQ8B8eyAkOM4ZKC/r4mA15Pb5aTtMC7NstXTbDzj037MEeWWDDPoWV/+yFqv4M7UxdqMR
SpYPmLXvlGrldIdILTP8rCX49Q+yoGXExvlZG5xLYwwl9CtvyLQv0x14das5uqf3TzKGC6jz5dEGo2E=
x1NTthUlJEpQLbN0Lp7G7CX49Q+yoGXExvlZG5xLYwwl9CtvyLQv0xh4das5uqf3TzKGC6jz5dEGo2E=
eyEQCtiiGZRzSuAWxhziAT6K9exgeP3BXAwqoRn8sTf/0rrqvPYtC/jWre4PoPHinobRcAqrGbvv7N8Bo2Q=
OLX4XZnhxSTDZzkN9CtpviX49Q+yoGXExvlZG5xLYwwl9CtvyLQv0xh4dao5uqf3TzKGC6jz5dEGo2E=
AIECgJ0j9fyRJUT5q5twhydlPBK4OzC2sQsUym5jWcKNDcfkjtiM2AEh0PCJyS6+7PiGkMViGqUVsefq2wOjGg==
DvMSGj7hx07jmY487WBo9M/tjIXRohOQgAQFvaxw0t2ZgElLD65CllyK1XcIqlWXytwLnm76KQzq1+HHH5AnfaMY
4+iCdOp0kHS6oKi2E+351z6KpqwmMvnBXAwqoRn8sTf/0rrqvPYtC/jWre4KoPPinobRcAqrGbvv7N8Bo2Q=
3k57Es0BT+aWrjYbPRZ0Zg7qZuQJJCmupW9QyJewPLmjb24jgWi/ZLHrSjydZ6Tfzx2LcuUzFeLc78oblyV8oxs=
PYkUTv+vmh2xGqDHe1TqZq1hLD8cIioUddxNTsH3zFgbOLg5J+fisx3wWwRVk7ZMUS9mnwtVR0LZCzHC+PfWC5steKMf
tyUWT7hGIaG8udAL65/Uy2odj7Bg+GsxDyMMC3iOrpgGBjGFjGjC1ZmIWVMvlnLenMIlD+gyxR1OVJsGDgJZxKof0f8/iDd1oxA=
1+zJ5oyubMwCOK81rsi8wjhX2qsTWghmz5PvReBRwCD6albQjc9EFgaX2U4VqXdYRoxstPklwOyh+m5ytxz2bE32ugmt9Te2M3ejFg==
4SFgcs0qMr1S+kNqTHc6PAOR+9FAczrXy25YqodXLxkYBXCMko72bBW71JqOE1nSrT2HNO4oDEihkRCgabwvrs7IxkClkpo1tQEnujtzowo=
MZ8Ju6IMAMFqrJu9c4Nvq0zHiroqAgC9u2z5dQYfNnboXKd4595Lc17wuWxyee2zwJsP9FEUf7dkBJN7zz+hwMXKS6+bkjKzBCO5OXKjFQ==
1rFZ52aWaPM32FBOaWa//kWjbugJJCmupW9QyJewPLmjb24jgWi/ZLHrSjydZ6bfzxuLcuUzFeLc78oblyV8oxs=
sv/J34621w7oOFKwxLxk/8Diz5OY9g2QgAQFvaxw0t2ZgElLD65CllyK1XcIqlWSz9wNnm76KQzq1+HHH5AnfaMY
sVlXRipWab7hH+mwjH+f4yBpfGhN9N6qcX8vlJyDKyseY5R3zDZnFwiSxcSgEA1Z/LR6SRkU4Y9fSkqCfN4dE5gu/UuLCCSafp7hWEpDaSNPVA9poww=
mli5yeUYu6/jIwz+Omx4i8Din8qXsxmeyVQBvaxw0t2ZgElLD65CllyK1XcIqlWVytwMnm76KQzq1+HHH5AnfaMY
HT6fjR9gxLab7Yb8aDvhqDhXzKkPXQZhiInsDOMIz2W9JFnKjc9EFgaX2U4VqXdYRoxstPklwOyh+mpysBz2bE32ugmt9Te2M3ejFg==
Jt4Pj/3ttfImM9yeFMxfQmXexvtRW7TknB0iGmCOgvwhyW8rPIP3IQ/PgIhn0Cy5s48e49HID+Qhi7p8TUeT2b/627JVk4ViLI8aW6cFbKML
w0QhcrSCKsokTVdy+YNNJPnZ6FpMc9vPxnQuiciyymrgXMOtxYNWV0Vx/ZvKQC0U7vlxS1Qrm5z9tBNf0FRnI3f43R7xmr+Ht3JemxBTrQFuowk=
AfCEFrPLOLvsZwaUPk/u0xmpmAM3HpH9vGdDH84XXLOM8v8612O5Lkkk4e1sQPLNmZBpe8/+oubcOnWnSFo1hMjM7O6uqom8aieBF1+gB22jCA==
txMn7nD2jsxUPbLUYwWpFgD9sCfYb4cax2exOmnwqSk85FpZGQTB35866jL8Ln2jWH4dV4gYREo+LgEoyvPJ0w+EL3mjHA==
lAwY6GcEwaUGxG2b19qZZkphy5R2IRbYWhL+qJTB3/tIa1uB46cUOPMosDkv94pTRSBjRI3jTiz5n+MYg6Iv4mG76YIApw4rsz1woxc=
BhnSSRDwyvzFTtxfy2c4Jkph3Y9rJwzOWhL+qJTB3/tIa1uB46cUOPMosDkv94pTRSBjRI3jTiz5n+kfg6Iv4mG76YIApw4rsz1woxc=
g0m344elLuIJzy+iOCs+UScE3K8bXRQvzMn4RbMMz2W9JFnKjc9EFgaX2U4VqXdYRoxstPklwOyh/G5ysBz2bE32ugmt9Te2M3ejFg==
giMo67CaxqZfaA1EilVqikjY98EPcGDU12lWt9QJOBlLWH/J1cD5dhW71JqOE1nSrT2HNO4oDEihkRCgaboursjIxkClkpo1tQEnujtzowo=
+lD9jznaGU+BUpVfMoOMDm0Yh7d8sWhrGCNfVnfL6dYJHDGFjGjC1ZmIWVMvlnLenMIlD+gyxRtLVJ8GDgJZxKof0f8/iDd1oxA=
bnMuEtJu2TB4RSnlw8npKCcE3K8bXRQvzMn4RbMMz2W9JFnKjc9EFgaX2U4VqXdYRoxstPklwOyh+2tysxz2bE32ugmt9Te2M3ejFg==
RaNc83RowJSF7QhvMwsQLUphm8hxNRbKDkL6qJTB3/tIa1uB46cUOPMosDkv94pTRSBjRI3jTiz5n+Mbg6Ev4mG76YIApw4rsz1woxc=
eoioGNCmmWbaLjBSxtf9CIfxJBwylJ+1OFFTiLnlfiq20gIoLFGnW+A7k8GrV3wY61ioOTcHknOtUKuExTPmjAEPU5r7MZeCieuhQkiXJkurDWijDw==
A/Lmj8dsy8hujtsZxnLmxWC9lga46SgcPozrhSw5b2jlzYp64ipOaODp84tUU09h1//oaF/AJLm7nyaDOfhXJJnbUtzVtxxaN0lDUv3DfSJ0fzJ7XxVkowM=
pZ5bmTml+VhFLhBQVgTfy0phm8hxNRbKDkL6qJTB3/tIa1uB46cUOPMosDkv94pTRSBjRI3jTiz5n+wYg6Ev4mG76YIApw4rsz1woxc=
gX7viJ87WvA/P8IzbAVTaofxJBwylJ+1OFFTiLnlfiq20gIoLFGnW+A7k8GrV3wY61ioOTcHknOtUKuExTPmjAEPUp/7MZeCieuhQkiXJkurDWijDw==
ZEUV+33Hews0Zg6T2qnCUEjY98EPcGDU12lWt9QJOBlLWH/J1cD5dhW71JqOE1nSrT2HNO4oDEihkRCgabkursvIxkClkpo1tQEnujtzowo=
869cdcldd+2Av5PDMEi4mEph3Y9rJwzOWhL+qJTB3/tIa1uB46cUOPMosDkv94pTRSBjRI3jTiz5n+geg6Ev4mG76YIApw4rsz1woxc=
E+u0aAktp8aFtv/hxyIinicSx7IdRwIvzMn4RbMMz2W9JFnKjc9EFgaX2U4VqXdYRoxstPklwOyh/25ysxz2bE32ugmt9Te2M3ejFg==
+ndkNbcop0vC3bbLSuFtj0phm8hnLgvMFFT6qJTB3/tIa1uB46cUOPMosDkv94pTRSBjRI3jTiz5n+8eg6Ev4mG76YIApw4rsz1woxc=
rXofKWF1BTfZriRy5s8MS2C2jB24qi1UJoDvnSw5b2jz1pd8+DxOaODp84tUU09h1//oaF/AJLm7nyaDOfhXJJnbUtzVtxleN0lDUv3DfSJ0fzJ7XxVkowM=
xASumV4KrIpgJEgCpmPzGEQ7eDFZf2hsFOXGqlETc7awuOhaKK/OfxgzP4a3uwlmieyRNUw44sWZmHkD7ybSLhxyxX8o4qUHTkR/Vk7yOXQqb3FPf1gXZaMA
tDv/eaCr9DzW/Syn+gkdYmmInj7D/g2CkuYCgeG4exmMdyHFlNKUVyIcGVmfmKC6/Hxw9RKhuKG7EB/Rxai5jqUzdELeO1nq3fVnrH7AzDCRmTD4uRKrFjqApli1+trNBYmHYmtbozI=
nR0siSUX89Xwe4TSefU4Zz1K7XGPXV1cW07aK0GzXsqy5QbWk9SY/FFlEkVRmM2qqYTGQPCIXpVNc+ovcZHpg9aQYbwaeQXjmHuHhOnUJ6dsJOvLIrsJNP2qQ7/D0soDjINhaVqjPQ==
pywJq+2cCAEIbtULrazntEphm8hnLgvMFFT6qJTB3/tIa1uB46cUOPMosDkv94pTRSBjRI3jTiz5n+gbg6Av4mG76YIApw4rsz1woxc=
g9sfEGQMm370cgmdh/8RukQ7eDFZf2hsFOXGqlETc7awuOhaKK/OfxgzP4a3uwlmieyRNUw44sWZmHkD7ybSLhxyxX8o4qUGS0R+Vk7yOXQqb3FPf1gXZaMA
APOkzMEteUWTBvL/ry+bQkjY98EPcGDCzHRQrcIJOBlLWH/J1cD5dhW71JqOE1nSrT2HNO4oDEihkRCgabkvrsrIxkClkpo1tQEnujtzowo=
bAFncl2dXiuwlPiqQChm+1Jx9r6GWrpo0AmDS+Qzv+FHH7ioj6A0uat/dsPpmMek6TvinCXXLV9HaHMSDWPNouTf4juPNXSjEw==
XzLRpKuOiL19vDv/5XOpI+YoJypVIXMbMJsDQdv3zFgbOLg5J+fisx3wWwRVk7ZMUS9gnwtQR0LZCzHC+PfWC5steKMf
K2Ix8Asn8KHK46ItejT1DnXD/eBgeP3BXAwqoRn8sTf/0rrqvPYtC/jWresLoPjinobRcAqrGbvv7N8Bo2Q=
yPz2WxYOKEpzYBb0j9xghB+6+mjRaZcaxmy8M2729m4i7VxFWg/B35866jL8Ln2jWH4dUIsYSEo+LgEoyvPJ0w+EL3mjHA==
n21MuQTGJIy+2/CZVaeOU9xkO9p/ZxqxfWUnvF6QTGCxiXBoGUCrRp0R5kiVqlqdJZnH8ssLo2I=
wYJ6548SpTbmd9ti92XjwMDiz5OY9g2QgAQFvaxw0t2ZgElLD65CllyK1XcIqlWQy9wJn276KQzq1+HHH5AnfaMY
L97np6Q415Q4K4Q97Ocq0YfxOQsxkZuvPBJdxLjlfiqsxkY8ZVH6VKUvnYj7U3wY61ioOTcHknOtUKuExTPmjAEPVZr7N5aCieuhQkiXJkurDWijDw==
IYDaofrYlXcEz8weJj9ZDr/+y3BT2OvxVAIM8b+FZvk4EWyUA8mg+Bly0MK5FyQONo/ZViWxF4B21KzsSf2gdBFj6uoFhZa0/a56UZ0tV64Db6MO
riwzUJnV1bqYDizL7Evdam1VtFJO3rCP7amYt0ycoLRlU/SinhtZyp0V58y+4MwQUfmwGPk3qjZ9YSY4ddra7cXpB4Ire6MS
xpLjaw0LOT+Y2pq3JplPp2Xei7kODvH1jwt2WCeQmeBmjzIsOsrjOBXPgIhn0Cy5s48e49HID+Qhi7p8TUeX2b//2rJVk4ViLI8aW6cFbKML
1b38xXxcSInakp6UYak4AL/r1X4UxO3/UEod4qnRJL4mCnDTFc2ou0RogIi9FyQONo/ZViWxF4B21KzsSf2gdBFn6eoFhZa0/a56UZ0tV64Db6MO
BcqERw8CV3W9mIXITznCVFOT3PxkHhmgq2K9LAcAODPsVOR2vchLc17wuWxyee2zwJsP9FEUf7dkBJN7yjmhw8TKS6+bkjKzBCO5OXKjFQ==
bq8+8zOFprGy+VZKOFs0k1LsJjCwkKgXdnPkrKxeUVDzwlW8v4BAo0Q0PMb1CAMjptCRnGp59cPou3ckmVS3BzzkO+s0uRlTrGqT31NSemM8Q1EJaqMN
IUvjm0dRq2k0GhVJcKsJ4b/Gpx7t3DIovJCkD2JDEISwvm04JxIhhHPADFvwZOhuiaifSxIgBQTm+XlbfMvDzAX0S69oNI+T/39Va1g6xzdvMmZLSHNFEWajAQ==
ThjRevCfwJq60zDrPuYhy1OT3PxkHhmgq2K9LAcAODPsVOR2vchLc17wuWxyee2zwJsP9FEUf7dkBJN7zT+hw8TKS6+bkjKzBCO5OXKjFQ==
yOO5mZM/D7lQqXdylJU0v03wwFInDYqztnxCCM5UQqiQtbln0GXwOlA+4e1sQPLNmZBpe8/+oubcOnWnSFo1gc/M6e+uqom8aieBF1+gB22jCA==
5YOF2bkJGG3HXO/7FLC5u21VtFJO3rCP7amYt0ycoLRlU/SinhtZyp0V58y+4MwQUfmwGPk4rzZ9YSY4ddra7cXpB4Ire6MS
jx7r3/7QBL8TaL5pGh5+I2Xei7kODvH1jwt2WCeQmeBmjzIsOsrjOBXPgIhn0Cy5s48e49HID+Qhi7p8TUee37//2rJVk4ViLI8aW6cFbKML
MPzrQ/r8hTbr0PQgs6THen/4kASllj8WO87zmSZ+KTX32944vyARYO7/qoxSGlt4zf/oaF/AJLm7nyaDOfhXJJnbUtzVtx1eN09CUv3DfSJ0fzJ7XxVkowM=
uwi5pKKO8ZNN6xs6dTJAwW94w9M6nR45UHZcelb8gKJFDRwUzdjNxzy8GuRQ+eGL4GnoFjASOaHcrGpBGRzxl3+yesq8Fm2reLZtzg6AsQMeJhEQCotZW29MH2GjBA==
P77EHeSSDfWWrkBeYIr/mFOT3PxkHhmgq2K9LAcAODPsVOR2vchLc17wuWxyee2zwJsP9FEUf7dkBJN7zT6hw8TKS6+bkjKzBCO5OXKjFQ==
ctX+4vKGvyweSCdijPWpNjYzmAHLspjx6v3QY0Enn9vOiUYibvrGUraC8FuFJQjTlKDAQG1/BOYmh9leNVk36KYc7CSZlQCcgeRuYpVtNtwtZjqZTUV3RhNnowY=
yMXR/cK0NFUKuDyGLGyVW03wwFInDYqztnxCCM5UQqiQtbln0GXwOlA+4e1sQPLNmZBpe8/+oubcOnWnSFo1hsvM6O+uqom8aieBF1+gB22jCA==
S0lgcKh0rs/rXdkPmoh9NFo47Mk0EPXkQ8B8eyAkOM4ZKC/r4mA15Pb5aTtMC7NstXTbDzj037MMe2WKCPoXV/+yFqv4M7UxdqMR
oXaloeM2Vbgc9u+iK/AwPnXD/eBgeP3BXAwqoRn8sTf/0rrqvPYtC/jWrewLoPDjnobRcAqrGbvv7N8Bo2Q=
YnmevbqbKlg/PpkFzAfyYNxkO9p/ZxqxfWUnvF6QTGCxiXBoGUSoRpwR5kiVqlqdJZnH8ssLo2I=
ZAWZBChHbl7RVbH/xdNLwMDiz5OY9g2QgAQFvaxw0t2ZgElLD65CllyK1XcIqlWRyNwIn276KQzq1+HHH5AnfaMY
xgPYUhsMFsTfgUG4KiRlJSBpfGhN9N6qcX8vlJyDKyseY5R3zDZnFwiSxcSgEA1Z/LR6SRkU4Y9fSkqCfN4dE5gu/UCOCCCbfp7hWEpDaSNPVA9poww=
GXxEzcG7Co7jfMnZ4XQn5sDin8qXsxmeyVQBvaxw0t2ZgElLD65CllyK1XcIqlWQztwIn276KQzq1+HHH5AnfaMY
2M0yGcFNVzNgGsgM1InAdzhXzKkPXQZhiInsDOMIz2W9JFnKjc9EFgaX2U4VqXdYRoxstPklwOyh9G5ytB32bE32ugmt9Te2M3ejFg==
CNQv0TEplL1HogqqDfBzj/nZ6FpMc9vPxnQuiciyymrgXMOtxYNWV0Vx/ZvKQC0U7vlxS1Qrm5z9tBNf0FRnI3H73Rnwmr+Ht3JemxBTrQFuowk=
rXLXpyg6Vv+srUveP/A00xmpmAM3HpH9vGdDH84XXLOM8v8612O5Lkkk4e1sQPLNmZBpe8/+oubcOnWnSFo1g8vM6++uqom8aieBF1+gB22jCA==
2saLCq6CpGzR00mmReMinQD9sCfYb4cax2exOmnwqSk85FpZGQTB35866jL8Ln2jWH4dV4sYQ0s+LgEoyvPJ0w+EL3mjHA==
M2h8ykAyxDW/F6U+BqOecEph3Y9rJwzOWhL+qJTB3/tIa1uB46cUOPMosDkv94pTRSBjRI3jTiz5n+Ibg6Uu4mG76YIApw4rsz1woxc=
tCZy7mkc/nwwGmYerPqYzycSx7IdRwIvzMn4RbMMz2W9JFnKjc9EFgaX2U4VqXdYRoxstPklwOyh/Gpytx32bE32ugmt9Te2M3ejFg==
9SY3cPD5Axx2x3ljuvdHEEphm8hnLgvMFFT6qJTB3/tIa1uB46cUOPMosDkv94pTRSBjRI3jTiz5n+oag6Uu4mG76YIApw4rsz1woxc=
sw7izWl4xKWPm5DstY8A4kjY98EPcGDCzHRQrcIJOBlLWH/J1cD5dhW71JqOE1nSrT2HNO4oDEihkRCgab4qrs/JxkClkpo1tQEnujtzowo=
+c9/Vgk10PmosWAS3sNXswD9sCfYb4cax2exOmnwqSk85FpZGQTB35866jL8Ln2jWH4dVIoYQ0s+LgEoyvPJ0w+EL3mjHA==
8elDsfeIa06DKMc0bRpCgCcE3K8bXRQvzMn4RbMMz2W9JFnKjc9EFgaX2U4VqXdYRoxstPklwOyh9Wpytx32bE32ugmt9Te2M3ejFg==
xXZuh7AGkkSvltFCe83Cckphm8hxNRbKDkL6qJTB3/tIa1uB46cUOPMosDkv94pTRSBjRI3jTiz5n+Iag6Uu4mG76YIApw4rsz1woxc=
1I14nazQTEW3aTgD+TBo2ofxJBwylJ+1OFFTiLnlfiq20gIoLFGnW+A7k8GrV3wY61ioOTcHknOtUKuExTPmjAEPUpn7NZaCieuhQkiXJkurDWijDw==
2QUdkkoF6QeyCCgjcEYW1WC9lga46SgcPozrhSw5b2jlzYp64ipOaODp84tUU09h1//oaF/AJLm7nyaDOfhXJJnbUtzVtxpZN01CUv3DfSJ0fzJ7XxVkowM=
feDUUt2si7pvnm2IiWuLUUphm8hxNRbKDkL6qJTB3/tIa1uB46cUOPMosDkv94pTRSBjRI3jTiz5n+geg6Uu4mG76YIApw4rsz1woxc=
c9tzpu4w8v+AiKJNRbKSiEjY98EPcGDU12lWt9QJOBlLWH/J1cD5dhW71JqOE1nSrT2HNO4oDEihkRCgab4urs/JxkClkpo1tQEnujtzowo=
IIMFUTBL8BDaYspZm5elFQD9sCfYb4cax2exOmnwqSk85FpZGQTB35866jL8Ln2jWH4dW44YQ0s+LgEoyvPJ0w+EL3mjHA==
HtLb9zYg/VPzriudxemM8Eph3Y9rJwzOWhL+qJTB3/tIa1uB46cUOPMosDkv94pTRSBjRI3jTiz5n+8bg6Qu4mG76YIApw4rsz1woxc=
wKhiV4iadcOFbMEHauCAfCcSx7IdRwIvzMn4RbMMz2W9JFnKjc9EFgaX2U4VqXdYRoxstPklwOyh+Wtyth32bE32ugmt9Te2M3ejFg==
99khoJvYGNHS5MTv0mKTrkphm8hnLgvMFFT6qJTB3/tIa1uB46cUOPMosDkv94pTRSBjRI3jTiz5n+4bg6Qu4mG76YIApw4rsz1woxc=
XNMnHA0igaP3R50rpAmo8kQ7eDFZf2hsFOXGqlETc7awuOhaKK/OfxgzP4a3uwlmieyRNUw44sWZmHkD7ybSLhxyxX8o4qUJS0R6V07yOXQqb3FPf1gXZaMA
uIMdmrk3z02XgPER5faRpvKm/JeSmvPVCjvHiN7JikjYww89ZGsRsYzelFMqYAlNZ7SA3tSggMFK7fhlc6xPhX1EWSrNr8S2RrfZblUJ9zgGbGzUOcVATGHYalJ2vXaMjZa66e2VtxZzV6M2
SDJlXWmT9c+tzV9BSLVTjkjY98EPcGDCzHRQrcIJOBlLWH/J1cD5dhW71JqOE1nSrT2HNO4oDEihkRCgab4ors7JxkClkpo1tQEnujtzowo=
aH98HDMWc/M+SCvgZxMcMQD9sCfYb4cax2exOmnwqSk85FpZGQTB35866jL8Ln2jWH4dVIgYQks+LgEoyvPJ0w+EL3mjHA==
qw/ccHTsK3KCM44CA5IBP1Jx9r6GWrpo0AmDS+Qzv+FHH7ioj6A0uat/dsPpmMek6TvinCXXLl9HbHISDWPNouTf4juPNXSjEw==
160BD3QoGZxcbcs1UKPAGsDin8qXsxmeyVQBvaxw0t2ZgElLD65CllyK1XcIqlWXz9wKn276KQzq1+HHH5AnfaMY
0ZL1yoclTReLtHa6LZ3E8ThXzKkPXQZhiInsDOMIz2W9JFnKjc9EFgaX2U4VqXdYRoxstPklwOyh/29yth32bE32ugmt9Te2M3ejFg==
GhVgrUtkoaXgHINU2ukwHmrexvtRW7TknB0iGmCOgvwhyW8rPIP3IQ/PgIhn0Cy5s48e49HID+Qhi7p8TUeR37/82rJVk4ViLI8aW6cFbKML
VUJIXPERZE7ZzHB2k0RthgD9sCfYb4cax2exOmnwqSk85FpZGQTB35866jL8Ln2jWH4dVY8YQks+LgEoyvPJ0w+EL3mjHA==
hteFVYW2rjAdU/lwY5QXkycE3K8bXRQvzMn4RbMMz2W9JFnKjc9EFgaX2U4VqXdYRoxstPklwOyh/mtysR32bE32ugmt9Te2M3ejFg==
1Wxn/DEkGOHiTjw06EIyoUphm8hxNRbKDkL6qJTB3/tIa1uB46cUOPMosDkv94pTRSBjRI3jTiz5n+wbg6Mu4mG76YIApw4rsz1woxc=
U+ysBIm9pHJn9dNbedSBfVt+ZTJRbStpXOPBu0IEc7awrvNHLrXYfxgzP4a3uwlmieyRNUw44sWZmHkD7ybSLhxyxX8o4qUOSkR9V07yOXQqb3FPf1gXZaMA
Pz+EK9m67Bk+QU5L8NXUhUjY98EPcGDU12lWt9QJOBlLWH/J1cD5dhW71JqOE1nSrT2HNO4oDEihkRCgabwqrsnJxkClkpo1tQEnujtzowo=
C+nihCyePVYRj5x6HbHzElJx9r6GWrpo0AmDS+Qzv+FHH7ioj6A0uat/dsPpmMek6TvinCXXKlpHa3ISDWPNouTf4juPNXSjEw==
lw2xB1GNFNnaQvMxn6zlG+YoJypVIXMbMJsDQdv3zFgbOLg5J+fisx3wWwRVk7ZMUS9mmgtTRkLZCzHC+PfWC5steKMf
jO4DWxB8MlvUEJlLSr9vN3XD/eBgeP3BXAwqoRn8sTf/0rrqvPYtC/jWreMKoPXjnobRcAqrGbvv7N8Bo2Q=
+vvbHt3Fju3Z2bgY18bkP9+u0ILRpQ2QgFdF+rJ51MHai0lLD65CllyK1XcIqlWSydwNn276KQzq1+HHH5AnfaMY
IQsCS52EmOxWYVMo9EmZ6kf3DWrfNQoiDWUh8dhJ5m/UZbt0q0YdvJP4uwLyAxFiRUgkt7vW+GGqiU8ia6q4NFYKOzFl1ewUtgnZHYE0NBbcCgMS80jgLg6niIfJeFh8E4XeSC3NQtOWh8+6scsEClPQ/C5FBp/z4V9TlgHhpPzSywqOVp1zaObHqwhH3oyuGxkCKr1YruSBS5r8bYcz2F87OjK1U2VizE/620fFjKPr
gJBSuuonhJ8healDU+s1UjT2+FW7pmre2fVRTaACL1wk9CtvyLQv0xh4da84uqf3TzKGC6jz5dEGo2E=
fxLiYJ9lK9+NqLXAf0UCHIYgOMJxdxrhIlhu8h+NTGCxiXBoGUWoRpkR5kiVqlqdJZnH8ssLo2I=
035I9f0OZFH8WGGWk1gudtG70I+EsA6KxURPr7Y22NeMyQs5SvgaglyK1XcIqlWTyNwNn276KQzq1+HHH5AnfaMY
YNKMAhcup2eNbwtltUiEaVqx+kifPJNZyHKlMnTwpCs591BZNwyE/dZyuDP8Ln2jWH4dUo8YRUs+LgEoyvPJ0w+EL3mjHA==
scv0hR1YefxbzPPp+Gkq4Hkrm5h70w5lEDAzZVj80r5kQkgjmdbaxy66U7kP8uWW82+WRXIpNPzRr3BLFlGk5TTmItS8Fm2reLZtyg+AtQMeJhEQCotZW29MH2GjBA==
orw6lK2z2VWkWTiv6amYn3krm5h70w5lEDAzZVj80r5kQkojmdbaxy+6U7kP8uWW82+WRXIpNPzRr3BLFlGk5TTmItS8Fm2reLZtyg+AtQMeJhEQCotZW29MH2GjBA==
e96UgZBdTctWjdI9EDufWWaY23SGvlzbkusFgOa+Tk2ReQ6RkNzVUDUqT1PLm7vwomFy9QXpt7yNSQrV5+/hrqhueUHEMVaniIcs+CbezDCRmTD4uRCvFjmBpli1+trNBYmHYmtbozI=
9AJ+juEahCE0Ctn1rchD1bLacwjs7XpA3wefFunCBhaFQwBQf43joPclXwlJTs772hOhi9cSceNSg1MdM/Hk1LGHgHMWaVTNVM7yDPxOvUPY3t0yj/gF675OQcjK0wlzj2RvWaM8
iw4YVB6J3CXd89uAUfVUp7Lacwjs7Xsbih2IHfPTKxazVjUReoCTo/clXwlLTs772hOhi9cSceNSg1MdM/Dk1LGHgHMWaVTNVM7yDPxOvUPY3t0yj/gF675OQcjK0wlzj2RvWaM8
GkcT3ms32+MhI3ZMfRKIRLLacwjs7XpA3wefFunCBhaFQwBQf43hoPclXwlJTs772hOhi9cSceNSg1MdMfHk1LGHgHMWaVTNVM7yDPxOvUPY3t0yj/gF675OQcjK0wlzj2RvWaM8
8hDyUpaDIzVfatyk8eI3wLLacwjs7Xsbih2IHfPTKxazVjUReICTo/clXwlKTs772hOhi9cSceNSg1MdMfDk1LGHgHMWaVTNVM7yDPxOvUPY3t0yj/gF675OQcjK0wlzj2RvWaM8
YNKMAhcup2eNbwtltUiEaVqx+kifPJNZyHKlMnTwpCs591BZNwyE/dZyuDP8Ln2jWH4dUo8YRUs+LgEoyvPJ0w+EL3mjHA==
scv0hR1YefxbzPPp+Gkq4Hkrm5h70w5lEDAzZVj80r5kQkgjmdbaxy66U7kP8uWW82+WRXIpNPzRr3BLFlGk5TTmItS8Fm2reLZtyg+AtQMeJhEQCotZW29MH2GjBA==
orw6lK2z2VWkWTiv6amYn3krm5h70w5lEDAzZVj80r5kQkojmdbaxy+6U7kP8uWW82+WRXIpNPzRr3BLFlGk5TTmItS8Fm2reLZtyg+AtQMeJhEQCotZW29MH2GjBA==
9AJ+juEahCE0Ctn1rchD1bLacwjs7XpA3wefFunCBhaFQwBQf43joPclXwlJTs772hOhi9cSceNSg1MdM/Hk1LGHgHMWaVTNVM7yDPxOvUPY3t0yj/gF675OQcjK0wlzj2RvWaM8
GkcT3ms32+MhI3ZMfRKIRLLacwjs7XpA3wefFunCBhaFQwBQf43hoPclXwlJTs772hOhi9cSceNSg1MdMfHk1LGHgHMWaVTNVM7yDPxOvUPY3t0yj/gF675OQcjK0wlzj2RvWaM8
e96UgZBdTctWjdI9EDufWWaY23SGvlzbkusFgOa+Tk2ReQ6RkNzVUDUqT1PLm7vwomFy9QXpt7yNSQrV5+/hrqhueUHEMVaniIcs+CbezDCRmTD4uRCvFjmBpli1+trNBYmHYmtbozI=
8hDyUpaDIzVfatyk8eI3wLLacwjs7Xsbih2IHfPTKxazVjUReICTo/clXwlKTs772hOhi9cSceNSg1MdMfDk1LGHgHMWaVTNVM7yDPxOvUPY3t0yj/gF675OQcjK0wlzj2RvWaM8
iw4YVB6J3CXd89uAUfVUp7Lacwjs7Xsbih2IHfPTKxazVjUReoCTo/clXwlLTs772hOhi9cSceNSg1MdM/Dk1LGHgHMWaVTNVM7yDPxOvUPY3t0yj/gF675OQcjK0wlzj2RvWaM8
YNKMAhcup2eNbwtltUiEaVqx+kifPJNZyHKlMnTwpCs591BZNwyE/dZyuDP8Ln2jWH4dUo8YRUs+LgEoyvPJ0w+EL3mjHA==
scv0hR1YefxbzPPp+Gkq4Hkrm5h70w5lEDAzZVj80r5kQkgjmdbaxy66U7kP8uWW82+WRXIpNPzRr3BLFlGk5TTmItS8Fm2reLZtyg+AtQMeJhEQCotZW29MH2GjBA==
orw6lK2z2VWkWTiv6amYn3krm5h70w5lEDAzZVj80r5kQkojmdbaxy+6U7kP8uWW82+WRXIpNPzRr3BLFlGk5TTmItS8Fm2reLZtyg+AtQMeJhEQCotZW29MH2GjBA==
9AJ+juEahCE0Ctn1rchD1bLacwjs7XpA3wefFunCBhaFQwBQf43joPclXwlJTs772hOhi9cSceNSg1MdM/Hk1LGHgHMWaVTNVM7yDPxOvUPY3t0yj/gF675OQcjK0wlzj2RvWaM8
GkcT3ms32+MhI3ZMfRKIRLLacwjs7XpA3wefFunCBhaFQwBQf43hoPclXwlJTs772hOhi9cSceNSg1MdMfHk1LGHgHMWaVTNVM7yDPxOvUPY3t0yj/gF675OQcjK0wlzj2RvWaM8
e96UgZBdTctWjdI9EDufWWaY23SGvlzbkusFgOa+Tk2ReQ6RkNzVUDUqT1PLm7vwomFy9QXpt7yNSQrV5+/hrqhueUHEMVaniIcs+CbezDCRmTD4uRCvFjmBpli1+trNBYmHYmtbozI=
8hDyUpaDIzVfatyk8eI3wLLacwjs7Xsbih2IHfPTKxazVjUReICTo/clXwlKTs772hOhi9cSceNSg1MdMfDk1LGHgHMWaVTNVM7yDPxOvUPY3t0yj/gF675OQcjK0wlzj2RvWaM8
iw4YVB6J3CXd89uAUfVUp7Lacwjs7Xsbih2IHfPTKxazVjUReoCTo/clXwlLTs772hOhi9cSceNSg1MdM/Dk1LGHgHMWaVTNVM7yDPxOvUPY3t0yj/gF675OQcjK0wlzj2RvWaM8
YNKMAhcup2eNbwtltUiEaVqx+kifPJNZyHKlMnTwpCs591BZNwyE/dZyuDP8Ln2jWH4dUo8YRUs+LgEoyvPJ0w+EL3mjHA==
YNKMAhcup2eNbwtltUiEaVqx+kifPJNZyHKlMnTwpCs591BZNwyE/dZyuDP8Ln2jWH4dUo8YRUs+LgEoyvPJ0w+EL3mjHA==
SCLZ4K+kgrb3KTw4D+GMMdwQhTciQTjkAUsa/O2Ht9/fO7oyNVPlYkxPetvHxQyjaw==
YfMIbyfxbgbWBrEHBVxL7DT2+FW7pmre2fVRTaACL1wk9CtvyLQv0x1/da84uqf3TzKGC6jz5dEGo2E=
CStdBBx3kncj/N4QQm4/HoYgOMJxdxrhIlhu8h+NTGCxiXBoGUCvRpkR5kiVqlqdJZnH8ssLo2I=
s6NKyuZ7UPzQ/+t2hqohTDHe5PvT78cgcdnVP5ldSWW/Hx8aHX/Ntemwg0BOVRSlRuRRb28l1JRFTytcOzqu3ahyWBdPYmB6teI6BHXTVswx70Of6xPmwnlL0cLYN3aLe21Yoz8=
xF2iG4YADJU/WVSBVstk2nM1mRjFp93noeDaZE02kZyGhEg/f/eJC6qevwaHPwDAybzEWmB9AfUsh/dWcHt+oPQd7CSZlQCcgexvYpFtNtwtZjqZTUV3RhNnowY=
wOcn5lnJv9gSl38T3Xo6zQNa5PIeq3ADdE8tZlrmybgZBhoS2M3LiTHhBvgfpOOR6Hq1CjQINKPZv2BBNxS0tTb6KMu8Fm2reLZtyg+AtQMeJhEQCotZW29MH2GjBA==
O0tquc/J+qNMNOXBh0/8TRd+YCxRRiViWuLBrAkSMvb4qeNdYbXOPF9gK8W4rh1ulOycN0kr6MW3kDwhpm6ALxxyxX8o4qUPT0R9V07yOXQqb3FPf1gXZaMA
yuGDAsistPm3qxmPCWbZCjHe5PvT78cgcdnVP5ldSWWkHx8aHX/Ntemwg0BOVRSlRuRRb28l1JRFTytcOzqu3ahyWBdPYmB6teI6BHXTVswx70Kf6xPmwnlL0cLYN3aLe21Yoz8=
bdU94H2u24SWPpsW8/kKMvaEJ1eNrSoBhh6IHc/VDwesVF1eWt65kPkuSkoYFZvhkQm2gJ9cU/lIkmVSdNDki7mXkHk3LESdVtL4E/xOvUPY3t0zj/gF675OQcjK0wlzj2RvWaM8
1nU8XxNq0QLlWT2hgYmQ2DfV4vL36NM2V8nVOpp5U2epHx8aHX/Ntemwg0BOVRSlRuRRb28l1JRFTytcOzqu3ahyWBdPYmB6teI6BHXTVswx70Kf6xPmwnlL0cLYN3aLe21Yoz8=
xT/J+VuuJ5QLAf7JRj0B+5AnVndW43+fYmhmUrrMWyCS/R/6k3pFUlrSoZzJwlJmeDlDDaFF7kxfkAu1+H69/hR8fGcJGwj1t6DcEeY+YL+c4mWvaJKF/080XaeOopnkqv8Rn79od1WjMA==
UZ9GniS+jcwfgt8aEbBJIe3Gqw31jDM+uon+BXMQWs7wtWUvJQdpky/bDlCkP+wtk6yVAxsnDAn68zVKXpu4hRL0S69oNI+T/H9Vb1g6xzdvMmZLSHNFEWajAQ==
x8tBiz5neN3C3shRSVv8Gci/MAxwmZ2oNBJexavzaz+nzwE7IEyqB+Ixndy7H3Uf4lW0M3sWsCPWGbyExTPmjAEPUp/7M5aCieuhQkiXJkurDWijDw==
