Wr7hvv9ggwJeLSI/8Y//+Vzid3v32eYcazq096dnGFDBg1Xl7aBhiHlvdtqxSkJ+sdrZnGx7sK7T7ipJ5VS3BzzkO+s0vxlWrWqS31NXe2M8Q1EJaqMN
QCc5RF9Bhn5XKOOiyqdYfATwdFqI439ROyx+D/BNvj01CshMVxR4SPLk0JSTkGSG1zzhemL6JezRF+0JAy1TLMSvjMY2XNI6ERlMADXd2ig6z3CNt5k29/2K9YQ1ERJaf/GNnMBT4V3h4O3wDT/i8ozqnpZFKg2EoPv8toeeXiG59IsvqDTPE7h/Fe4ZOoa3Lzcny4hzhZGmo8E=
whNnXpjOvV4xx2Sq8rSQwiPsKZAV6sFUv4EoKqyNtQ5sU0rY04WOAWpj7ZVlIOk4gc8eAmkKeo6ZusGMZHu4vssOAjndlO9X1ERDW7w/kaYVCjoPCxeDU1RjSRliowU=
JjcRxHzIRpOVYaWxtDY3EmLNw/tPWLqwwF92CWuKiv1VyjIoMoTxGFyNhJJo/WO99dc4sYqNDuQhi7p8TUeS37/627JUk4VnLY8aW6cFbKML
bM8HRGpNoLNCyftEH5QAF9/4242Yog+Y1FQMv6lj2N23iAxpRuYQl1yK1XcIqlWRz9wMnm77KQzv1uHHH5AnfaMY
UHraNXlJfSptNr1ylawz7ANZ6+8IK2/7g9Zh53PSF7ygtiZJ+ohULBDWTVhaQ47c8T1bZzxmzXs4ho3SD5DUMt53seCPOrkLL7w/caMU
w02RcXbLGrR5RgmqCk+l/KMTfyABInpHMJIFRoi/yFgLM7N6a7PX/UapSgRVk7ZMUS9rnwtSR0LYCzHH+ffWC5steKMf
2sb6oSTC50vqDoKto82iBBFOX7bdgKOGIK9KZleW2gtyENF3cTqp9w21fJ0Y1AdnzKQLC0m/KXZdKiJ/I9frw+wDgSl6ox0=
6GFTsCx8FMZaWsBGVIX1RhJOX7bdgKOGIK9KZleW2gtyENF3cTqp9w21fJ0Y1AdnzKQLC0m/KXZdKiJ/I9frw+wDgSl6ox0=
ex0PtpUERUtI84mo9fWhMhZ8+7TKOrNgzVqOF+Q6ueYUV7yon6s/+ucrQ42ywdak6TvinCXXJ19HanMSDGPNp+Xf4juPNXSjEw==
7uww7V1Y7w3I2PVbvDs7Qlqx+kifPJNZyHanPHTwpCs591BZNwyE/dZyuDP8Ln2jWH4dWo8YREo+LwEoz/LJ0w+EL3mjHA==
66rDWWhPs9e440S4RY4aq1qx+kifPJNZyHKlMnTwpCs591BZNwyE/dZyuDP8Ln2jWH4dWo8YREo+LwEoz/LJ0w+EL3mjHA==
y6aSJrKLT1aCSaNFC7hMopdW/wLJQ/Agt/t9Y47JX////zl11i4dZHk0Y79gFLdDjf/tPqFazicH98/7wBOdIX6jGQ==
WG+aMUQRIfVdYfgVDE7W4JwFinpShUtEvq4hDSOE/4nRUkElUpK3nMVBh6C58gJnOILtBiBPQPjTQ6t6c0OPXc7Z4sQ9g75sqX/SH3OCfyLQGxkHkUdea0MdYKMH
IYtQmi05udLC5jnzqAFi1ut/NMAPI4yNkm2Qz+2dheJm+TW80JiFfIRwC7/5FPipOCEFGhdAOx8d3//I3qXIohCVfCbhQpjYEvCEiMLf2Jibk0N6GxNUslJTmoTlc4YM4c86n9vyNwIoK0FHKdfGywtNSKMv
9bVGBu6uhxcrNxrbsD55o5AnVndW43+fYmhmUrrMWyCS/R/6k3pFUlrSoZzJwlJmeDlDDaFF7kxfkAu1+Hq/8BR8fGcJGwj1t6DcEeY+YL+c4mWvaJKF9080XKaOo5nkr/4Rn79od1WjMA==
TefWq5moyGPs69X38EKUrTfV4vL36NM2V8nVOpp5U2epHx8aHX/Ntemwg0BOVRSlRuRRb28l1JRBTSVcOzqu3ahyWBdPYmB6teI6BHXTVswx70qf6xLnwnhL0cfZN3aLe21Yoz8=
IGSHaJoOwSOk3wqSp5/bT/aEJ1eNrSoBhh6IHc/VDwesVF1eWt65kPkuSkoYFZvhkQm2gJ9cU/lIlmdcdNDki7mXkHk3LESdVtL4E/xOvUPY3t07j/gE6r5PQcjP0glzj2RvWaM8
Tyn/lazQJeGn6aAdwZ6D/THe5PvT78cgcdnVP5ldSWWkHx8aHX/Ntemwg0BOVRSlRuRRb28l1JRBTSVcOzqu3ahyWBdPYmB6teI6BHXTVswx70qf6xLnwnhL0cfZN3aLe21Yoz8=
G9CSbPNjrzgPq/zydCn1uBd+YCxRRiViWuLBrAkSMvb4qeNdYbXOPF9gK8W4qh9glOycN0kr6MW3kDwhpm6ALxxyxX8o4qUHT0R8Vk7zOXQvbnFPf1gXZaMA
/NjFjw7ii59vm3MRgFBJeANa5PIeq3ADdE8tZlrmybgZBhoS2M3LiTHhBvgfpOOR6H63BDQINKPZv2BBNxS0tTb6KMu8Fm2reLZtww+AtAIeJxEQD4pZW29MH2GjBA==
3TEbbPpT/h48BMiPFmUHQXM1mRjFp93noeDaZE02kZyGhEg/f/eJC6qevwaHPwDEy7LEWmB9AfUsh/dWcHt+oPQd7CSZlQCcgeVvYpBsNt0tZj+YTUV3RhNnowY=
VaBDxL5IkCdiBmipfXTKITHe5PvT78cgcdnVP5ldSWW/Hx8aHX/Ntemwg0BOVRSlRuRRb28l1JRBTSVcOzqu3ahyWBdPYmB6teI6BHXTVswx70qf6xLnwnhL0cfZN3aLe21Yoz8=
wOfkIk5FGvO79ZIONPvBqCqQgr5PBvfyhwt4H2+KivtkhGg5PImwchiHk4Jk0C21+J48s6qBGOQhi7p8TUee37/627JUk4VnLY8aW6cFbKML
SrIkwy8fPUOb6LBVfrt19/blmiDl0ZcgtvSszAldIJRRjeoKQ2QWFb2Of3BdjdfOww+jbg==
R/aUC9FNJ73LQZrvlGmuBNxkO9p/ZxqxfWUnvF6QTGCxiXBoGUGpRpsQ5kmVql+cJZnH8ssLo2I=
OtKY3vnTeLfTXbc9FEDduSdlLhO5JDC2sQsUym5jWcKNDcfkjtiM2AEh0PCJwCm+6/iGkcViH6QVsefq2wOjGg==
VonawM2RqBp/2uVM5e72S5nByUhDw+R4IwiAOR/X2pM1wBPEHUMe7Mm/+hiTwd+isNt5B7EHvuvj3QCjZw==
cF/21QZoraeD3i8uRh9j+93c3g0Tn6NmKg6cehTX2pM1wBPEHUMe7Mm/+BiTwd+isNt5B7EHvuvj3QCjZw==
OXoP2GUvFPJDCFHy/vzRx9xkO9p/ZxqxfWUnvF6QTGCxiXBoGUWuRpsQ5kmVql+cJZnH8ssLo2I=
hlimrAMNjdzbovB2PtEMJ0BIeskx53vN+v5QUtnnZD4Wn9lGBYFXcBZELHypjWBEMXzu+iO0VsUdPv/A/d0XniN/ox4=
ipYKa/UY23E/nXY9k+48oCZNiKpi9QpiGidNFWPL/sRATDWFjGjC1ZmIWVMvlnLenMIlD+gyxR1LVJ4GDgNZxK8e0f8/iDd1oxA=
VY6JJbR556PWSqCOfrz5A5NAnXZWg2oX8PBoHDGD+pLTSFoRUo67hs5Qh6qgs0wvOJz5SCMDRPjDSKA5Pxe6E5WA88Q9g75sqX/fGnOAfyLQGxkHkUdea0MdYKMH
b6yJf0IjrzAq56YRL4t06Dm2nQqbqLEWemteZ8QIVBwNe87i56B2cX5m79YaiNvqfGsYf+w0lejPqzBIN/DcucOvzqNhKJ9k0SvqvH0ngdmv2CvyBHM1570vapt3ZVyjOw==
CLTh7cNjk4WVx1wx/hPgCyZNiKpi9QpiGidNFWPL/sRATDWFjGjC1ZmIWVMvlnLenMIlD+gyxRZIVJ4GDgNZxK8e0f8/iDd1oxA=
oMH/EqwMKv2tXrq19k65k1LsLTaxkL9ScDa15qdCGEr5zhyE7YpKp14nOpjzWEknptCRnGp59cPou3ckmVS3BzzkO+s1vxlUrWqS31NXe2M8Q1EJaqMN
gBowoc9zo3cWZWKqEIqHZD8nIiFc+tWvfmwiy4nRMDYSabI+2nt1CRPXxtigEA1Z/LR6SRkU4Y9fSkqCfN4dE5gu/UGOCCaafp/hWE9CaSNPVA9poww=
djCe5R28UA4Rxyj2WN8DI7Pq4MjWRPLo3rElE6MDShVczr2LrihqPymluLKCzVqKmk+dLQPTzqyA5EUdLBAS/ZmgiSuPDgJ2XKoVF4gKFXHOvM4+7htpLO+2IWefcGddozg=
HG//ERUrBS09NihKOe0pLzm2nQqbqLEWemteZ8QIVBwNe87i56B2cX5m79YaiNvqfGsYf+w0lejPqzBIN/DcucOvzqNhKJ9k0SvqvH0nhtuv1yvyBHM1570vapt3ZVyjOw==
IsalkVWZEpAzjJLlPX1oBGf1iwSd5KwFYXpLNItaBxAJPtbu46phcn5m79YaiNvqfGsYf+w0lejPqzBIN/DcucOvzqNhKJ9k0SvqvH0nh9mv1yvyBHM1570vapt3ZVyjOw==
buJ/UpE0n8C6M8Hyv/K6yCZNiKpi9QpiGidNFWPL/sRATDWFjGjC1ZmIWVMvlnLenMIlD+gyxRZPVJEGDgNZxK8e0f8/iDd1oxA=
9U01GCUSsWzpak+5MaPRJWXehq4TCvHyzgY/Fmqoy+psiyg/PJTlaF/LgIhn0Cy5s48e49HID+Qhi7p8TUeV3r/327JUk4VnLY8aW6cFbKML
nnzZwRV7CyKz8fGffID471LsLTaxkL9ScDa15qdCGEr5zhyE7YpKp14nOpjzWEknptCRnGp59cPou3ckmVS3BzzkO+sxuxlarWqS31NXe2M8Q1EJaqMN
oQ/qAdCXBqa/rrlYPlUjVCBocHJQ/pC3cmgo3IrRMDYSabI+2nt1CRPXxtigEA1Z/LR6SRkU4Y9fSkqCfN4dE5gu/UOLCCiafp/hWE9CaSNPVA9poww=
XW2k1w5ouSl85K9IQl6yMpjkcVk7kZu3NAcZ07qwfiSt8w8qKEPkT+AsgYj7U3wY61ioOTcHknOtUKuExTPmjAEPUpj7PpeCiOuhR0mXJkurDWijDw==
mQOICFrdVbBsMXZgp+0O3bKWtwhYN46PhXQv3Mi8y1+pSo7vgpdWQFc4rZ/KQC0U7vlxS1Qrm5z9tBNf0FRnI3L43RLxmr6Ht3dfmxBTrQFuowk=
hVYgL59wMzcPS28PrwBwRq6n3HhR0fbmXl0Zo6SYavMeWHrZEde7vRpu0MK5FyQONo/ZViWxF4B21KzsSf2gdBFg7+oMhJa1/a5/UJ0tV64Db6MO
fQ4INeoTpz71dkO29r3T+NeyMxA91oq+LxIV0ur+Yyam4A8qKEPkT+AsgYj7U3wY61ioOTcHknOtUKuExTPmjAEPU577PpeCiOuhR0mXJkurDWijDw==
VE3Svl9oe++f06N96azXwq6n3HhR0fbmXl0Zo76CYuIYWHrZEde7vRpu0MK5FyQONo/ZViWxF4B21KzsSf2gdBFi6+oFhZa1/a5/UJ0tV64Db6MO
9VfCeuwFjoXC1yX0e0aSVOfF7eb54tFwDD3K/rxuek+G1rLeUJy6lcljy2GyCnBuwYO0cr4LWdq9xaccHnBMgPEp8MjZI6omXbFm6dVKX3xlOUdSC2ujAg==
MXGJ3UybG07mG8w8sS0fppnByUhDw+R4IwiAOR/X2pM1wBPEHUMe7Mm/+xmTx96isNt5B7EHvuvj3QCjZw==
W6BML3Nwjhkk8nXEVkkx8N3c3g0Tn6NmKg6cehTX2pM1wBPEHUMe7Mm/+BmTx96isNt5B7EHvuvj3QCjZw==
u9T9IDksMpGSDFr1qYekyefF6e/l5spmDCzL+bNoZwbS2ffMftqxl8sg3mqoET44msSqe7gXGtG9xaccHnBMgPEp8MjZJasmXLFm6dVKX3xlOUdSC2ujAg==
wcmI1wcCRJewGIGjKqzb9dxkO9p/ZxqxfWUnvF6QTGCxiXBoGUiqRpwR5kmVql+cJZnH8ssLo2I=
RVRJI5cwFiIvB8TwV+RHg0A4+chVE7nwUMFpeycwe4wEeGXv4mA15Pb5aTtMC7NstXTbDzj037MOeWWKCPoWV/+3F6v4M7UxdqMR
1y05oYPDsCo602q74FB0rFoi8dlTE7nwUMFpeycwe4wEeGXv4mA15Pb5aTtMC7NstXTbDzj037MNeGWKCPoWV/+3F6v4M7UxdqMR
YWO3t8mlyYLF1j+ZUhfhUNeyMxA91oq+LxIV0ur+Yyam4A8qKEPkT+AsgYj7U3wY61ioOTcHknOtUKuExTPmjAEPUp/7NpaCiOuhR0mXJkurDWijDw==
rQ96yNkXxXL2ZXnc/imKg66n3HhR0fbmXl0Zo6SYavMeWHrZEde7vRpu0MK5FyQONo/ZViWxF4B21KzsSf2gdBFs7+oEhZa1/a5/UJ0tV64Db6MO
/0kH+ZVNon1eHzdy4AQnV4u7SQRBsG+6RppOJ7mJK43Ol9xIMQE2tv6tmdMeUiKy+Gh66fGH+226HlAyGUfk3la/2WZFYdfQ1iQsnOkt4CTxVOva59XWZV3e/6A9fZd+Y1+jPg==
p82addZFHNFJ2XdpCeyTapnByUhDw+R4IwiAOR/X2pM1wBPEHUMe7Mm//huTxd6isNt5B7EHvuvj3QCjZw==
1U0GYEwSk0RBMfx1HGoUUufF6e/l5spmDCzL+bNoZwbS2ffMftqxl8sg3mqoET44msSqe7gXGtG9xaccHnBMgPEp8MjZKKsmX7Fm6dVKX3xlOUdSC2ujAg==
ABaGPIXvr846QeN3ar9OtN2lNRYs1pu/KB0Tz6OwdmulyEkhKkGnWus2msatCDsG4l60ejwHknOtUKuExTPmjAEPUZr7M5aCiOuhR0mXJkurDWijDw==
vsiXuNTaTcKOczNOWm/aUe/k0XsU2PvlW0wH6uqNJ/A2HnHbE5SutgB1npTiUDoHMJOaXSWxF4B21KzsSf2gdBFm6OoBhZa1/a5/UJ0tV64Db6MO
QAIvCuoxAqetwT8kNB/YL7WXvFodJ56RhX813MDzw2TvQYztwYJdWkx2+8SNXiQS8rp6S1Qrm5z9tBNf0FRnI3P73R7wmr6Ht3dfmxBTrQFuowk=
AXc5imv7y8sgmJsQRzTiS3N0dmJa/JCmc28n2peYfiNfapp40Xl3Sgbc3MPuRlYe4r18VVof4Y9fSkqCfN4dE5gu/UKOCCSbfp/hWE9CaSNPVA9poww=
pmJaBqGuyJ/O/JOWEi9s79xkO9p/ZxqxfWUnvF6QTGCxiXBoGUWuRpgR5kmVql+cJZnH8ssLo2I=
3MTA9YHcto/5zf1OYb/NuyX49Q+yoGXExvlZG5xLYwwl9CtvyLQv0xt+da44uqb3TzeHC6jz5dEGo2E=
i+lTEUelIcPPOwzMXb9eRR9DfJaUg/rVc/BMaFfY2Ud2EMF8ennlozj7J8QJ1AdnzKQLC0G7KXVcKiJ/I9frw+wDgSl6ox0=
WtPwxSh4w8YGJbBhWmcjXRk4v/vSCvpjlAndSOI0uagXG7ioj6A0uat/dsPpmMek6TvinCXXL1pHaXISDGPNp+Xf4juPNXSjEw==
0e9QE/G3iqHgqZIkFCLAFUgS4q9cLS6G/9Fw71OjF7ykuQZ04OhdcRzcSlEZDNHnv2IaejxmzXs4ho3fCpDXM953seCPOrkLL7w/caMU
8UB1ar1+KHOlAI2xc7AO+WXegqJBEPrkikhnW3qaguMsmTUoOoTxaF/LgIhn0Cy5s48e49HID+Qhi7p8TUeQ2r/42rJUk4VnLY8aW6cFbKML
BlXf488b7gg59uhk+o1nwiZNkrBm/WYxDC9PGHCO/dhATDWFjGjC1ZmIWVMvlnLenMIlD+gyxRhPVJ4HDgNZxK8e0f8/iDd1oxA=
luPeUp4/kXqslOM9O14i3/nZvAgZJ4WckmJ8iM+6yCD6XIbtj4QTQ0s4rZ/KQC0U7vlxS1Qrm5z9tBNf0FRnI3z/3Rzwmr6Ht3dfmxBTrQFuowk=
dI8X+y2Ee+FGqBqWcIrKOmCWqi2CjAhZNpzrjyd4ODK2zI1y+nQQfOz5vYwRR0Eoh/voaF/AJLm7nyaDOfhXJJnbUtzVtxZeN0hCUvzDfSd1fzJ7XxVkowM=
0aTP66F4Cgugk/4bO/bRIUBIPI086mjGpO8EAt3nZD4Wn9lGBYFXcBZELHypjWBEMXLr+i21VsUdPv/A/d0XniN/ox4=
OLvHpeWpZPQDdtu0mc4iNBk497XDHbMskBbNTO96vPxHH7ioj6A0uat/dsPpmMek6TvinCXXJ1tHZ3ISDGPNp+Xf4juPNXSjEw==
GzByzULUUve5OKSjkOuTM2b721bKpvBGOiYOIdYZRFdeK4y4o+czMG8o/9UbrdusOGYVbOdqhLyfrzBIN/DcucOvzqNhKJ9k0SvqvH0ngNqv1yryBHM1570vapt3ZVyjOw==
lqWh+Xx9PcnD2eNv2U++dUaz8i6cL5hUwGz4OXTwqSk85FpZGQTB35866jL8Ln2jWH4dUogYSUs+LwEoz/LJ0w+EL3mjHA==
tr0br9zZ+2oINvys6rTVwVQKcIDdzP7KY/RBJlKMiUN2EMF8ennlozj7J8QJ1AdnzKQLC0m/KXtcKiJ/I9frw+wDgSl6ox0=
n8uu5oqYbhzBOv20pAAR9M/tjITRohOQgAQFvaxw0t2ZgElLD65CllyK1XcIqlWWy9wAn277KQzv1uHHH5AnfaMY
Fhl0fJ432fvYkyKsbW5h525uM09wxP6GUzo7zJaDOXIMfpZ93Hc0FwiSloTmWglZ/LR6SRkU4Y9fSkqCfN4dE5gu/UKKCCibfp/hWE9CaSNPVA9poww=
KZrZHMTf96Hx+ox70kxF5T6KpqwmMvnBXAwqoRn8sTf/0rrqvPYtC/jWreoKoPjjnofRcA+qGbvv7N8Bo2Q=
xYDgVLHTVpMzLQrcXjDX8qNubyhVdjQUddxNTsH3zFgbOLg5J+fisx3wWwRVk7ZMUS9lmgteRkLYCzHH+ffWC5steKMf
G/q7o7oUfe2+ujpB03Kel25uM09wxP6GUzo7zJaDOXIMfpZ93Hc0FwiSloTmWglZ/LR6SRkU4Y9fSkqCfN4dE5gu/UqKCCibfp/hWE9CaSNPVA9poww=
7kS8ACuj5Ww/cZT4USVnvkWjbugJJCmupW9QyJewPLmjb24jgWi/ZLHrSjydZ6Lfzx+JcuQzFefd78oblyV8oxs=
NxvgC4+Cd6pUDoVyvo3DVFdVNpofGJGXLjDpTEJ53ZMQ2/+UwZTPFzTE45veP7Hj94qaz2sXoxO04+nZAqNl
fsQ+MzMaZS32iH80VWz6r3IZ8h9YwfKf7bPZtQCO8P5hU/SinhtZyp0V58y+4MwQUfmwGPk5rzZ9YiY5ddrf7MXpB4Ire6MS
CDz0zkM99+LyOcBTHHz+R1dVNpofGJGXLjDpTEJ53ZMQ2/+UwZTPFzTE45vaOrHi94qaz2sXoxO04+nZAqNl
YQGL0P7/dpozgLbbE5fkt0gS9a5QPW/UttFt41f6Ea7huwR04OhdcRzcSlEZDNHnv2IaejxmzXs4ho3cCpDQMN53seCPOrkLL7w/caMU
7wVy9ckwLGoqCR/b69SYGIfxJRU8l5C+fR8fyL7xaSK2z0onMVfrHeQ+lYj7U3wY61ioOTcHknOtUKuExTPmjAEPWpr7NpWCiOuhR0mXJkurDWijDw==
3FuIlv4D6zB+r66NH02255NAnX9RgWkBtOEtFTSH+J6FT0cIBoGxgt5/wqe5p0N9PI7tSCMDRPjDSKA5Pxe6E5WA88Q9g75sqX/YGXOGfSLQGxkHkUdea0MdYKMH
156q2hcja9uCre1nTAxUPtH2SQ9NsGm8RppHILuKPcnf0tVNNQM64PmwgIcLQi6z0S138OWIqWmoClAyGUfk3la/2WZFYdfQ1iQsnOkt4CTxU+na5NbWZV3e/6A9fZd+Y1+jPg==
H+tn75/kRWiTEzGBzdd/jAeZWBNlpfc8I4/v/df5Cp2TlYr7RmY7M/n4uP2PeuAD/EeH232FAvLTuB1/egD9NJ75gWsE6yv8TTSD/wCUFwNt+c36w9puZyf3rztgk31hXqM5
wsGsGijN0JbU5+iZa72tLQv9oy7GcoIXxGy8MSCgrSk85FpZGQTB35866jL8Ln2jWH4dW4kYQ0g+LwEoz/LJ0w+EL3mjHA==
RAOK4Xzo9pouW3kNpkLdGidlelW0OXn5tQsUym5jWcKNDcfkjtiM2AEh0PCJySi+7/qGkcViH6QVsefq2wOjGg==
z7hYMSNX7YA1aH1D32VFoYZI/AKcBqo2vPFyO5qAXfT++WErpGtLPG00Y79gFLdDjfjtOaNazicH98/7wBOdIX6jGQ==
FOshzLG9j7Ba5YI2aSTwqa0vNigabnpefJoKQcT3zFgbOLg5J+fisx3wWwRVk7ZMUS9qmAtVRULYCzHH+ffWC5steKMf
YknhSukK+TUyTdjESBGDJAD9/WfYaZgXgiuwM2nvqSk85FpZGQTB35866jL8Ln2jWH4dUo8YQ0g+LwEoz/LJ0w+EL3mjHA==
uiVi/zqNeh8jCisnoDy3XThXxboZRgsvgYn4Q6wBiim8LVnVjc9EFgaX2U4VqXdYRoxstPklwOyh/29ytx72bU32vwit9Te2M3ejFg==
l8t4Xv0lXO7ZCfgX5ZmjFg499c97X/zzWMh0cnRmcoYEMSrr4mA15Pb5aTtMC7NstXTbDzj037MJf2WJC/oWV/+3F6v4M7UxdqMR
uhBRmu9pfLmAImutKwhgcwD9/WfYaZgXgiuwM2nvqSk85FpZGQTB35866jL8Ln2jWH4dVo4YQ0g+LwEoz/LJ0w+EL3mjHA==
TSsxv7zUNjkkNpt8MK14cIfxLhY3gp+4NAUexKLkfyriz0YoKk6qHqw6msG0V3wY61ioOTcHknOtUKuExTPmjAEPVZ77NZWCiOuhR0mXJkurDWijDw==
Q/DLkng69wLia1Cw5r/LA5NAnX9RgWkBtOEmFj+S95jMVUYEGpSniop/zqiivgJ+dIriAWwHRPjDSKA5Pxe6E5WA88Q9g75sqX/THnOFfSLQGxkHkUdea0MdYKMH
fEhz4gfdEq7F2kbZcxSeLzYihxjLst3xr+HWflA03JGTiUwjbuzGX6GZ+FOMcUqZ3L3ZRW1/BOYmh9leNVk36KYc7CSZlQCcgeVuYpduNt0tZj+YTUV3RhNnowY=
kqTBGb4g3NCcaKVRaUoKy81G6wucBqo2vPFyO5qAXfT++WErpGtLPG00Y79gFLdDgvvtOKNazicH98/7wBOdIX6jGQ==
s59YQphK+X6CiM8PfcrBVgv9oy7GcoIXxGy8MSCgrSk85FpZGQTB35866jL8Ln2jWH4dVo4YQkg+LwEoz/LJ0w+EL3mjHA==
tKi3Ll2+KF3vx8ymY7RKRyZNkrFg4TgsHjhYWzKH6N8JAzGFjGjC1ZmIWVMvlnLenMIlD+gyxRtOVJoEDgNZxK8e0f8/iDd1oxA=
soxdnwHKmnTUa+K/Q3RU5wOR+9FfPSCH1m9Ys9RKPgJMVTqF1Mn5aRW71JqOE1nSrT2HNO4oDEihkRCgab8urs7KxkGlkp80tQEnujtzowo=
mIUYE3HE7yv56B3eH9abplHqyxdzW9OzsDVCGcAJSLSeoKgzki+4J0k74e1sQPLNmZBpe8/+oubcOnWnSFo1hsvM7eyuq4m8byaBF1+gB22jCA==
QtE5wJ25R1Up1p8a3tudt5us2cPS/xiXyUsBvaxw0t2ZgElLD65CllyK1XcIqlWTy9wNnG77KQzv1uHHH5AnfaMY
0gXXGtSv2W7TX60CzALF9h+6+mjRaZcaxmy8M2729m4i7VxFWg/B35866jL8Ln2jWH4dVYsYRUg+LwEoz/LJ0w+EL3mjHA==
BGQ97XC3TgRbczs0pwh7RN+XD0GFwP5nrQMoy31RdE8cUoXfqALlLEpkvzTOU/lUL44xr//41wWjYA==
WVeA0XA3fYuexHOlLeTSfMYhfYoiKW3BbA01qziRTGCxiXBoGUOqRpsS5kmVql+cJZnH8ssLo2I=
ZlttOo/lIy2bwZjiB0PV2B8DtMN3QLX+EcFyczAEe49HeC619ilwuLTNEiokGaQKtHTbDzj037MPeGWNC/oWV/+3F6v4M7UxdqMR
zAIxOsXnaV++bi1fYf8EPon/eUtwwMbqc0VAk+r/aTirwg8hLE/ufKUz2YiwCWhRrgTqDUwW+mG6NqqExTPmjAEPUpv7MJWCiOuhR0mXJkurDWijDw==
/fyJsxE0cN/9rRCxemoNTg+ewy7QctQXm2e4PG6j4S089FFSWkiV6tFhsyP8Ln2jWH4dW4gYRkg+LwEoz/LJ0w+EL3mjHA==
UDL042LbYQLyDUSvW1aHmk09y4BfsXEuGi5DFjGezuFAVXmBjHjJ3trEDXVuyTHPnMIlD+gyxRdIVJ4EDgNZxK8e0f8/iDd1oxA=
5XOUte0mAaKdl9/1tFPEci0OrizDEEBNXVXMIVu3O9Cu7TSVwrq8sltnV1RdgdyhrpHNTamqQ5UBU695O6/JjoudYqYUf1+x6jDT3PfUJ6dsJOvLJL8JNP+qQr/D18sDjINhaVqjPQ==
AAHWKxYwXB5GwVZ2wr86S/fX4UhWddPMyCVszpy8x37gTMPghYhXcgJ0o5bFWjhav8ZjOSYxke7/tBNf0FRnI3P+3RLzmr6Ht3dfmxBTrQFuowk=
89VSYXXVibJN6zmg3U6/qByf0mhunc0euaXtReSRph+APewEWfWAPMEKb4LUz7a97UY/uA2l9+bTB6Nm
PVa+TJE6tafeozJelZnks9xc8gzdUeI38vZ/eovJGKu8zRo6zHpcWmw0Y79gFLdDg//tOqJazicH98/7wBOdIX6jGQ==
it+UG3RAk06ujqLvQyf9uxMJcc09+2zcqe4CBJfpazYXk5pNBYFXcBZELHypjWBEMXzr+ie3VsUdPv/A/d0XniN/ox4=
D0hEM5lvY35GNQb7K2tcpzEoI3Vc88Kmf24OzZCTPzgWStN73HdyFQTG28SgEA1Z/LR6SRkU4Y9fSkqCfN4dE5gu/UqLCCOZfp/hWE9CaSNPVA9poww=
nUFZF9Q5qTyYb1h1DOpMkEWjbugJJCmupW9QyJewPLmjb24jgWi/ZLHrSjydZ67bzx2IcuQzFefd78oblyV8oxs=
HDeV88k/qFS8IioIYdMFXTAoI3Vc88Kmf24OzZCTPzgWStN73HdyFQTG28SgEA1Z/LR6SRkU4Y9fSkqCfN4dE5gu/UuLCCOZfp/hWE9CaSNPVA9poww=
yozfw4HMu8PAQ8vWyx5HgXwrPFzyfnb8tQsUym5jWcKNDcfkjtiM2AEh0PCJySq+7/uGkcViH6QVsefq2wOjGg==
piRwaYMPfFbt6myvFmtp0g0GNpkfTNPaaTfuTls61pMQ2/+UwZTPFzTE45vYOrHh9oqaz2sXoxO04+nZAqNl
iohMVHCfP5IFZH7jQ7uXJQ2ayGwg28RO6eTMPvX5twjmPOwEWfWAPMEPaoLXz7a97UY/uA2l9+bTB6Nm
xGLnn9qJGG0j82SGMMBCuhMJcc09+2zcqe4CBJfpazYXk5pNBYFXcBZELHypjWBEMXfq+ie3VsUdPv/A/d0XniN/ox4=
4JzVyrAU4lSJeNgtg89vDA8BbYQi7H3d5vlQUtnnZD4Wn9lGBYFXcBZELHypjWBEMXfq+ie3VsUdPv/A/d0XniN/ox4=
agKlQ2QTmipcGuXLhNqSgxsGeoRzoHvN/f4fA93nZD4Wn9lGBYFXcBZELHypjWBEMXfq+ie3VsUdPv/A/d0XniN/ox4=
xGLnn9qJGG0j82SGMMBCuhMJcc09+2zcqe4CBJfpazYXk5pNBYFXcBZELHypjWBEMXfq+ie3VsUdPv/A/d0XniN/ox4=
vHh7JYU9wsEuXo9tEw96k3XD/eBgeP3BXAwqoRn8sTf/0rrqvPYtC/jWre0JoPPhnofRcA+qGbvv7N8Bo2Q=
dDJ8pJF7c46gCjBXw7m9Iff0yj9R2er8VEEAo7bRJ/A2HnHbE5SutgB1npTiUDoHMJOaXSWxF4B21KzsSf2gdBFn6OoHh5a1/a5/UJ0tV64Db6MO
jFsey0mDji1vkIiGtB/eRvUoOSEaYXcaO5YKRt2oi0YSPqR6LOfisx3wWwRVk7ZMUS9qmAtVRELYCzHH+ffWC5steKMf
PQfryDQO+wL+CHezONqzK9xkO9p/ZxqxfWUnvF6QTGCxiXBoGUSqRp4T5kmVql+cJZnH8ssLo2I=
lIuPGo0wGcjjCCF1C37ItAv9oy7GcoIXxGy8MSCgrSk85FpZGQTB35866jL8Ln2jWH4dVYoYQkk+LwEoz/LJ0w+EL3mjHA==
6zpIYFUNs0Z3jHEFIDQtdidlelW0OXn5tQsUym5jWcKNDcfkjtiM2AEh0PCJwSq+7vuGkcViH6QVsefq2wOjGg==
gWf9rAftRlRRJNsY8K2+kgD9/WfYaZgXgiuwM2nvqSk85FpZGQTB35866jL8Ln2jWH4dUYkYQkk+LwEoz/LJ0w+EL3mjHA==
sz5KyKBD/xVBDd+Qjt3IWIfxLhY3gp+4NAUexKLkfyriz0YoKk6qHqw6msG0V3wY61ioOTcHknOtUKuExTPmjAEPVZn7NJSCiOuhR0mXJkurDWijDw==
SeetEig27xjvGd/kJuoT5JNAnX9Rhm4BtOEmFj+S95jMVUYEGpSniop/zqiivgJ+dIriAWwHRPjDSKA5Pxe6E5WA88Q9g75sqX/ZGHOEfCLQGxkHkUdea0MdYKMH
NVgUtTmkWoZXSl0xBhvYjjYihxjMtd3xr+HWflA03JGTiUwjbuzGX6GZ+FOMcUqZ3L3ZRW1/BOYmh9leNVk36KYc7CSZlQCcge9oYpZvNt0tZj+YTUV3RhNnowY=
HK9lYKVbXsMSriEbQUNJqZus2cPS/xiXyUsBvaxw0t2ZgElLD65CllyK1XcIqlWVz9wKnW77KQzv1uHHH5AnfaMY
BguDXt93xAzfH4CBjquOvTgpOBK4OmLw7Ewbwm9vGsmNDcfkjtiM2AEh0PCJzi++7vuGkcViH6QVsefq2wOjGg==
TkWZNOamc/ypRYzwU13LIldVNpofGJGXLjDpTEJ53ZMQ2/+UwZTPFzTE45vQP7Hg9oqaz2sXoxO04+nZAqNl
69TFd+DVd/GAzYmuVE+0NUgS9a5QPW/UttFt41f6Ea7huwR04OhdcRzcSlEZDNHnv2IaejxmzXs4ho3ZDpDSMd53seCPOrkLL7w/caMU
UBQFv02LUolIxi2zgVsag4fxJRU8l5C+fR8fyL7xaSK2z0onMVfrHeQ+lYj7U3wY61ioOTcHknOtUKuExTPmjAEPVZv7M5SCiOuhR0mXJkurDWijDw==
VWr9v4Vjsauj7lrb0C4+u5NAnX9RgWkBtOEtFTSH+J6FT0cIBoGxgt5/wqe5p0N9PI7tSCMDRPjDSKA5Pxe6E5WA88Q9g75sqX/SG3ODfCLQGxkHkUdea0MdYKMH
/DfMyMbBGGp7bqcN4g2zztH2SQ9NsGm8RppHILuKPcnf0tVNNQM64PmwgIcLQi6z0S138OWIqWmoClAyGUfk3la/2WZFYdfQ1iQsnOkt4CTxVura4dfWZV3e/6A9fZd+Y1+jPg==
RhdqhlTZ+2G/JMD9YpsqQDjBjSPKsgnDleQZgK6+Z0yDfi3V19bVQS0XChzR1OCr83Z+7xnpt7y9XFnVwK7w3qEzdELeO1nq3fVnrH7AzDCRmTD4uRSqFjmDplm1+t/MBYmHYmtbozI=
v69JC/rokpXvCu4LMAuZkaCn13ZT0vOwWUAA96uSbuMxHXfABdjpuQh60MK5FyQONo/ZViWxF4B21KzsSf2gdBFg6eoBh5a1/a5/UJ0tV64Db6MO
1dOQVjePXuZHkkkYZpX+ryl2nwHftd7w66/XfkM609iJiEA/e/rOC6GV90iVMEnR2LKQCml/BOYmh9leNVk36KYc7CSZlQCcgeppYpFvNt0tZj+YTUV3RhNnowY=
FHljbBoMCHfwY2AFu//7+BjcUR1mqvx5d5f26dD6C9nWl4H9R287M/n4uP2PeuAD/EeH232FAvLTuB1/egD9NJ75gWsE6yv8TTSD/wCUFwNs+c3/wtpuZyf3rztgk31hXqM5
bwz8muDjD+wZ2pXPxjcQhLOl79rcSL68z68zF7ZGHxVXwL+Iq35tIjDxt7iG3XXPl1aJIlHX3LiA5EUdLBAS/ZmgiSuPDgJ2XKoVF4gKFXDIvM097htpLO+2IWefcGddozg=
KhLnfqJkhedwhJ5NYeXfxtzcluqTKSO5/sk34D+0vcecTTJSmU1cFwtp1cfZl5OocjlNMrLXFmftz2+NAPbZqPdbGCgv4NS5y7/WQ0lYp6QJe4IchZcHWCcrkJKso+2nxR+Cu291VKMz
DAKZVsATGl4UyW7ZO7Q5mnbNhi7H/AmPm+QUiuLqf1WXeS7Uk5PXSisWAxzR1OCr83Z+7xnpt7y9XFnVwK7w3qEzdELeO1nq3fVnrH7AzDCRmTD4uRioFjmDplm1+t/MBYmHYmtbozI=
JqtgKO0GjeyfRJfCl7kt7EtIL4Qk/ynG4OdQUtnnZD4Wn9lGBYFXcBZELHypjWBEMXzv+iG3VsUdPv/A/d0XniN/ox4=
pLuFCKP97IGsjvM+IDp+TDYihxjMtd3xr+HWflA03JGTiUwjbuzGX6GZ+FOMcUqZ3L3ZRW1/BOYmh9leNVk36KYc7CSZlQCcgeRuYpFvNt0tZj+YTUV3RhNnowY=
9BQOreWx1vReI4kU1XKbAs1G6wucBqo2vPFyO5qAXfT++WErpGtLPG00Y79gFLdDgfvtPqJazicH98/7wBOdIX6jGQ==
BqiB1uSvoDcR8ntSf+6/mHXD/eBgeP3BXAwqoRn8sTf/0rrqvPYtC/jWre8LoPThnofRcA+qGbvv7N8Bo2Q=
YYYZnIP7faFs6HaUsM5BOx+6+mjRaZcaxmy8M2729m4i7VxFWg/B35866jL8Ln2jWH4dWosYREk+LwEoz/LJ0w+EL3mjHA==
2J2wzKb2zCs2refnP7nPCPfX4UhWddPMyCVszpy8x37gTMPghYhXcgJ0o5bFWjhav8ZjOSYxke7/tBNf0FRnI33/3R7ymr6Ht3dfmxBTrQFuowk=
7bVmsnQKb3WWkuEMG1du3ighLBO9FDCv/Q8U2mVoGo7ZKYiz2tiM2AEh0PCJwSq+5PuGkcViH6QVsefq2wOjGg==
hR3uQ9IKoHOiaNSJD0UChdxkO9p/ZxqxfWUnvF6QTGCxiXBoGUGuRpkU5kmVql+cJZnH8ssLo2I=
BJ6tNQSwyhMhsgnqe0jgaidlPBK4OzC2sQsUym5jWcKNDcfkjtiM2AEh0PCJzS6+6fyGkcViH6QVsefq2wOjGg==
QZa23NSJvPlWi2pHLEA7NEBIZ9ExqWzG4OdQUtnnZD4Wn9lGBYFXcBZELHypjWBEMXPu+iGwVsUdPv/A/d0XniN/ox4=
Pxr9Ktq75QzAagY3KDnCTk9IZ9ExqWzG4OdQUtnnZD4Wn9lGBYFXcBZELHypjWBEMXzu+iGwVsUdPv/A/d0XniN/ox4=
FhRzc3z+EE28tGmj+krNE/rp1nEUyergQ1oGo76DaOcsFn7GBJnq8Qx1mY29FyQONo/ZViWxF4B21KzsSf2gdBFk6+oAgJa1/a5/UJ0tV64Db6MO
fRN+dYseACM4KuVbqhmb8qOXtxRYN56NiHh8iM681H7nTpH6zMYaVkxx4pvKQC0U7vlxS1Qrm5z9tBNf0FRnI3X73R71mr6Ht3dfmxBTrQFuowk=
0z/iPocFzRdOSNSLcABzmBlb96BQLS7ausFs6x/hCu/i8wB7qadZcRzcSlEZDNHnv2IaejxmzXs4ho3aC5DUNt53seCPOrkLL7w/caMU
/U1pHR+sr6dXkGcL/4mqlyZNkrFg4TgsHjhYWzKH6N8JAzGFjGjC1ZmIWVMvlnLenMIlD+gyxRlLVJwCDgNZxK8e0f8/iDd1oxA=
/oWAKrRoS/UO02eSoOudGCdlelW0OXn5tQsUym5jWcKNDcfkjtiM2AEh0PCJyiq+6PyGkcViH6QVsefq2wOjGg==
HyIs7ANIwTDARE27SFU9tWXehr4RHeHuzhwkFH6ahe5znmZucIL+IRDPgIhn0Cy5s48e49HID+Qhi7p8TUeT27/537JUk4VnLY8aW6cFbKML
tyFpWWsBbS8dX00Jb0nHWiZNkrFg4TgsHjhYWzKH6N8JAzGFjGjC1ZmIWVMvlnLenMIlD+gyxRdLVJ8CDgNZxK8e0f8/iDd1oxA=
8jRzplfspJBSvUjfhk1NfM1G6wucBqo2vPFyO5qAXfT++WErpGtLPG00Y79gFLdDh/rtPaVazicH98/7wBOdIX6jGQ==
VsMmvJhdiCmNAj/bUFA+RHXD/eBgeP3BXAwqoRn8sTf/0rrqvPYtC/jWresLoPDnnofRcA+qGbvv7N8Bo2Q=
dburAciJC5+liB+pqVFO5B+6+mjRaZcaxmy8M2729m4i7VxFWg/B35866jL8Ln2jWH4dVIsYQE8+LwEoz/LJ0w+EL3mjHA==
Dc1aU6pmd3S6EZcfYrh92dxkO9p/ZxqxfWUnvF6QTGCxiXBoGUCpRp4V5kmVql+cJZnH8ssLo2I=
s4P+RQKQOcRwYhNWsPXn7iZNkrBm/WYxDC9PGHCO/dhATDWFjGjC1ZmIWVMvlnLenMIlD+gyxRhJVJoDDgNZxK8e0f8/iDd1oxA=
5n2t2OdsoHNf5xSb8EMDovnZvAgZJ4WckmJ8iM+6yCD6XIbtj4QTQ0s4rZ/KQC0U7vlxS1Qrm5z9tBNf0FRnI3z53Rj0mr6Ht3dfmxBTrQFuowk=
q+adFRh37V1wB94lzm95ikQ7WBdpRU5JGfXarkMYMuHq/fJAJq2GIQw/L8iw/h1owLyVNUw44sWZmHkD7ybSLhxyxX8o4qUNSER6U07zOXQvbnFPf1gXZaMA
HJeNsn04ydwW+7l+BG6A42CWqi2CjAhZNpzrjyd4ODK2zI1y+nQQfOz5vYwRR0Eoh/voaF/AJLm7nyaDOfhXJJnbUtzVtxtYN0xGUvzDfSd1fzJ7XxVkowM=
MQEINf9JT5fLJRaB2oePkEBIPI086mjGpO8EAt3nZD4Wn9lGBYFXcBZELHypjWBEMXXv+iaxVsUdPv/A/d0XniN/ox4=
JIuG2x1fFuYH+/XjbNLlVBk497XDHbMskBbNTO96vPxHH7ioj6A0uat/dsPpmMek6TvinCXXJ19HbHYSDGPNp+Xf4juPNXSjEw==
cbabrbMDmDLmdOebmXUX4BjcBF8x/qAyYtaosoSpXJ3G19yvBjApc6Gg/byVffEJuQzawn/EDb7W7E17egD9NJ75gWsE6yv8TTSD/wCUFwNj+83/xNpuZyf3rztgk31hXqM5
aHdplIJYRckTbX6+cQlGNay1rY6KFfypjvFoQ+URWwUXne3J9Gwtemi09qKBzH+K3AuQIBDYkL3UtEEdLBAS/ZmgiSuPDgJ2XKoVF4gKFXHLvM077htpLO+2IWefcGddozg=
m5HhYLHTNloSgvbtTo+6IhFx4MV5QbntEYwycjckNc4OLDXr4mA15Pb5aTtMC7NstXTbDzj037MJemWPDPoWV/+3F6v4M7UxdqMR
mpOCf24uU1/w5j61CpimaVOThrtrUQS9pXH1JVVMdjr7VOl2qsxRc17wuWxyee2zwJsP9FEUf7dkBJN7zjqhx8DKSq+blzOzBCO5OXKjFQ==
J7BG+DvtDY5JAcYK+955xFdL9aAZPWfarcBzphynCKygtEhxtLhZcRzcSlEZDNHnv2IaejxmzXs4ho3SCpDVN953seCPOrkLL7w/caMU
HdUSrpZYAzT1+d4iVv8hoFQKcIDdzP7KY/RBJlKMiUN2EMF8ennlozj7J8QJ1AdnzKQLC0K5KXdYKiJ/I9frw+wDgSl6ox0=
xFxJH77meLLQit31y8y4BXXD/eBgeP3BXAwqoRn8sTf/0rrqvPYtC/jWre4JoPXnnofRcA+qGbvv7N8Bo2Q=
9Ej7/iWuSaPD0CEmU3IFIB+6+mjRaZcaxmy8M2729m4i7VxFWg/B35866jL8Ln2jWH4dVogYRU8+LwEoz/LJ0w+EL3mjHA==
XZU1QRO+UQ9c4RFV/37uZtxkO9p/ZxqxfWUnvF6QTGCxiXBoGUCuRpUV5kmVql+cJZnH8ssLo2I=
UWpv+ljHGy0RD5xv99leGVZIZ9ExqWzG4OdQUtnnZD4Wn9lGBYFXcBZELHypjWBEMXDu+i2xVsUdPv/A/d0XniN/ox4=
YN4Y45zC7QE+uZEyEUSG2U9IZ9ExqWzG4OdQUtnnZD4Wn9lGBYFXcBZELHypjWBEMXPu+i2xVsUdPv/A/d0XniN/ox4=
RobbtQRrK/MjiaQFdoizGSdlelW0OXn5tQsUym5jWcKNDcfkjtiM2AEh0PCJwS6+5f2GkcViH6QVsefq2wOjGg==
vmaAMgA7UzWPxNy6FaBg7SZNkrFg4TgsHjhYWzKH6N8JAzGFjGjC1ZmIWVMvlnLenMIlD+gyxRpLVJADDgNZxK8e0f8/iDd1oxA=
HKYEcK8l4e6NWuuIYihw4WXehr4RHeHuzhwkFH6ahe5znmZucIL+IRDPgIhn0Cy5s48e49HID+Qhi7p8TUeR27/23rJUk4VnLY8aW6cFbKML
d7lIZMHD5AtkloBJMNwztJi0LhYw1oquLQUFzurkeCSy0kEuN1aqHqw6msG0V3wY61ioOTcHknOtUKuExTPmjAEPW5v7PpKCiOuhR0mXJkurDWijDw==
H6ukRRUh5KnbBiXanbsIXM1G6wucBqo2vPFyO5qAXfT++WErpGtLPG00Y79gFLdDhfrtMqRazicH98/7wBOdIX6jGQ==
qyfbnUqBFNv5gB/ATwLIGHXD/eBgeP3BXAwqoRn8sTf/0rrqvPYtC/jWreoKoPjnnofRcA+qGbvv7N8Bo2Q=
n8AeVNZwz6dlog5GFBUXpx+6+mjRaZcaxmy8M2729m4i7VxFWg/B35866jL8Ln2jWH4dUYoYSE8+LwEoz/LJ0w+EL3mjHA==
nqr3L0QgpIQGWvEUu+Hc3txkO9p/ZxqxfWUnvF6QTGCxiXBoGUSpRp0Q5kiVql+cJZnH8ssLo2I=
20uR7xxFilDqPcvpNbgT9FdVNpofGJGXLjDpTEJ53ZMQ2/+UwZTPFzTE45vRObHj9Yqbz2sXoxO04+nZAqNl
ZblrukPXbKYF//j1CIeZoEp57bTKWf1m3hXCDeA2uagXG7ioj6A0uat/dsPpmMek6TvinCXXLFhHb3MSDWPNp+Xf4juPNXSjEw==
yfd/gyLNlDj1EaymESPqakhx6bTKWf9u2hXCDeA2uagXG7ioj6A0uat/dsPpmMek6TvinCXXJlhHb3MSDWPNp+Xf4juPNXSjEw==
P514RSsOoSgvybs2o7tnzcYhfYohKW3BbA02qziRTGCxiXBoGUmuRpwQ5kiVql+cJZnH8ssLo2I=
uPu0TLB1NOIzREGdkQycUgvTx2Zoi80DuaXtReSRph+APewEWfWAPMENa4LXzLa87UY/uA2l9+bTB6Nm
6Rt+YNMShojJnj7wyZjW0w3T1mdvm80DuaXtReSRph+APewEWfWAPMEEaYLXzLa87UY/uA2l9+bTB6Nm
jzE2TSShOaOVQ8yxj12HYFdVdNIZUdTQJjqnEwBNpoJ4yujywJTPFzTE45vROLHh9Yqbz2sXoxO04+nZAqNl
KA8QKOgNq4N6Gsj2a5uvCy1N1uN25T1iGiRFFzGNpNYJCXKNhiadl63zSDs+gRTfnMIlD+gyxRlOVJsGDgJZxK8e0f8/iDd1oxA=
jLnjTY8GpCDzWe6TOdU/9UBIPI0152DEpOwZF57vbnBJ3e09FOlGZ3BFLHypjWBEMX3u+ie0VsQdPv/A/d0XniN/ox4=
kq6UoyPweMZwA/FxRhhIm0gS77NWOX3Zvtd3phynAaGotkhyqa0aeRaSFRMtd8CPrnV8ezxmzXs4ho3bC5DSMt52seCPOrkLL7w/caMU
c5MKNqZDrSpgkNVz/wfByofxNAwugou0fQUCzrrjZCqw1Q9sbEfkVOlyk8G+FHQSpQfqDUwW+mK6NqqExTPmjAEPW5v7NJeCieuhR0mXJkurDWijDw==
QLgTKf/D3aQcLCGilRgaRQW/MXW2jKwGcTzn8bBeSFf+wgqx7cwOo148M8bhEQxgrtrfwyhNjtKAqmBCmFS3BzzkO+s4uxlQrWqT31NXe2M8Q1EJaqMN
QQU5qvX9k6M62Dzd1UvCUFQKcIDdzP7DbvxDJlGRnAB+Go8jOE2eslDqMKII1AdnzKQLC0K5KXBdKiN/I9frw+wDgSl6ox0=
1Y98njvREUtm1uzoWg6YMYurxIbR9VSeyUFCtaY+jZ+t+1gjHrkkl1yK1XcIqlWSydwKnm76KQzv1uHHH5AnfaMY
3O6T9oZgp1fAbbs9FmygDZ4ZtAMITa6SYCqAArhUl8ecZFsrV7k5kA3qc5+zV5sjnMPxyQqjbQ==
6ktoPzU+LDwhScuwqLlrpTkKj6Vh/ihvGCRFFX/b/5EXAHSRxS2dl63zSDs+gRTfnMIlD+gyxRdJVJoGDgJZxK8e0f8/iDd1oxA=
a9V7tkYJqt1uE/fmHJIm5Yn/eUtwwMbqc0VAk+r/aTirwg8hLE/ufKUz2YiwCWhRrgfqDUwW+mK6NqqExTPmjAEPVpr7M5eCieuhR0mXJkurDWijDw==
8tIzF1AbexFqHQwryjmNfQZ37ajPGrNh0BfKbKE79ahcQazhyv92jdBuHtL+/sak6TvinCXXLllHa3MSDWPNp+Xf4juPNXSjEw==
MnnnxjWMNK4Z15+lpwyqBV2dxuckR0jl5jegZ1UBNjv8dKc345hKLUq5/DMwTZaiqIoYklAUf7dkBJN7wDmhxsXKS6+blzOzBCO5OXKjFQ==
Xl+cZ4QczGXduJqyrFUumxFNMdfT2e+XLqEfORaflAdhWYQjOE2eslDqMKII1AdnzKQLC0K/KXZdKiN/I9frw+wDgSl6ox0=
NkpRQau0vDLE4QLUMb1bpRFNMdfT2e+XLqEfORaflAdhWYQjOE2eslDqMKII1AdnzKQLC0e+KXZdKiN/I9frw+wDgSl6ox0=
Fal5MDmaAbcNJXja0Bg3CnMe0b5aRQJrgI2yW6VPiWG4IhCaic9EFgaX2U4VqXdYRoxstPklwOyh+mtyshz2bE32vwit9Te2M3ejFg==
ZypafXjwabbJNb+6babWcHXD/eBgeP3BXAwqoRn8sTf/0rrqvPYtC/jWreILoPbinobRcA+qGbvv7N8Bo2Q=
QZx3Pr7t3n0Bdp8mwtxV04sBqlySE7ti/KwuJN2OVfPhumorpGtLPG00Y79gFLdDg/rtPKFazycH98/7wBOdIX6jGQ==
BWjdm50fgDYSu8R9D3FdbYsBqlySE7ti/KwuJN2OVfPhumorpGtLPG00Y79gFLdDhPvtM6FazycH98/7wBOdIX6jGQ==
zEEhSq8aB3PHsRAwH4CJARFNMdfT2e+XLqEfORaflAdhWYQjOE2eslDqMKII1AdnzKQLC0a7KXtdKiN/I9frw+wDgSl6ox0=
lz+BzuqLuFm+IVEmA9A5Mh+6+mjRaZcaxmy8M2729m4i7VxFWg/B35866jL8Ln2jWH4dVo4YSUo+LgEoz/LJ0w+EL3mjHA==
N0O2yuvBhKwPfD6FNk4AltxkO9p/ZxqxfWUnvF6QTGCxiXBoGUSqRp0R5kiVql+cJZnH8ssLo2I=
yrTWoIs2rAG2okJ1LkNfF9HqiyLcuHYpvJi0BHEXQI2qom0gaQB/mGLMCh70bKsslPjVTxIgBQTm+XlbfMvDzAX0S69oNI+T+3lVa1g6xzdvN2dLSHNFEWajAQ==
dAdDE2dJ3ul+oim5JN2+SxFNMdfT2e+XLqEfORaflAdhWYQjOE2eslDqMKII1AdnzKQLC0S4KXNcKiN/I9frw+wDgSl6ox0=
B7Zcd+fqg3EwQhEJye9QIxFNMdfT2e+XLqEfORaflAdhWYQjOE2eslDqMKII1AdnzKQLC0W+KXNcKiN/I9frw+wDgSl6ox0=
0j71VTS4N9cMN+ul0JMAK3XD/eBgeP3BXAwqoRn8sTf/0rrqvPYtC/jWre4KoPPjnobRcA+qGbvv7N8Bo2Q=
aWq29oeGKADFi6r8y0q8F9MZ+FpWOt6DCDuXZLlUl8ecZFsrV7o5kQzqc5+zV5sjnMPxyQqjbQ==
VbxigKY66r6gaXL5gVZn59xkO9p/ZxqxfWUnvF6QTGCxiXBoGUKqRp4R5kiVql+cJZnH8ssLo2I=
G9FRk0s5Vg4tG4eGA42UXc7tjITRohOQgAQFvaxw0t2ZgElLD65CllyK1XcIqlWTytwKn276KQzv1uHHH5AnfaMY
z46RI1A1F7ZZhCBZ+kQ3HE5OSk982ZCzYnU53tSCLTocbpI+z380CA+SloTmWglZ/LR6SRkU4Y9fSkqCfN4dE5gu/USJCCKbfp7hWE9CaSNPVA9poww=
DDn86vQiHB/a2wQtIYRi5S6xwzqFkAI8Fs76niZrK2zly5t49ThDf+C6sYMRFAFuzf/oaF/AJLm7nyaDOfhXJJnbUtzVtxdZN0xCUv3DfSd1fzJ7XxVkowM=
hwRPWv449bqOLNGueussihFNMdfT2e+XLqEfORaflAdhWYQjOE2eslDqMKII1AdnzKQLC0e4KXBcKiN/I9frw+wDgSl6ox0=
LYiJb9c3dYaPzcr1fLPH9hFNMdfT2e+XLqEfORaflAdhWYQjOE2eslDqMKII1AdnzKQLC0m/KXBcKiN/I9frw+wDgSl6ox0=
ySYCdKgOhKwndiM0TdcBBEWjbugJJCmupW9QyJewPLmjb24jgWi/ZLHrSjydZ6LezxyKcuUzFefd78oblyV8oxs=
Duu/gEF/4r4pPPRezx058nXD/eBgeP3BXAwqoRn8sTf/0rrqvPYtC/jWre8OoPLjnobRcA+qGbvv7N8Bo2Q=
dR0RWWVpJ85OizAeDKGGM9pkKtt4dxqxfWUnvF6QTGCxiXBoGUauRp4R5kiVql+cJZnH8ssLo2I=
XHTZiwO79Wsmj2yFHZFYWdxkO9p/ZxqxfWUnvF6QTGCxiXBoGUGpRpkR5kiVql+cJZnH8ssLo2I=
sQKdv1A72bVBvOL8LZVu9s7tjITRohOQgAQFvaxw0t2ZgElLD65CllyK1XcIqlWTydwNn276KQzv1uHHH5AnfaMY
6C9he/DFlWTE3zysCaiE+T6KpqwmMvnBXAwqoRn8sTf/0rrqvPYtC/jWrewJoPXjnobRcA+qGbvv7N8Bo2Q=
xNjtieuGEQ/Qaa1UAr4ididlKVzyfnb8tQsUym5jWcKNDcfkjtiM2AEh0PCJyyi+6fmGkMViH6QVsefq2wOjGg==
tSO/UtTUihH0GqGzCodL1g7qZuQJJCmupW9QyJewPLmjb24jgWi/ZLHrSjydZ6HYzxuKcuUzFefd78oblyV8oxs=
ehX6gXJJaA3hVkMKlz+roUgS67RWO2marNZm5VzvRL+o+kY8pqJZcRzcSlEZDNHnv2IaejxmzXs4ho3bD5DVM952seCPOrkLL7w/caMU
YLl7QFQjzJ0gwfHkccyRqIfxDjAHuLuffQEFzrj3JzixxEwsJAL6VKV83c6xV3wY61ioOTcHknOtUKuExTPmjAEPVJ/7M5aCieuhR0mXJkurDWijDw==
mJB3aisrdZRTh8bpH5kuPW5uM09wxP6GUzo7zJaDOXIMfpZ93Hc0FwiSloTmWglZ/LR6SRkU4Y9fSkqCfN4dE5gu/UOOCCWbfp7hWE9CaSNPVA9poww=
w2W2XumSE0GRazCvR5fhRkWjbugJJCmupW9QyJewPLmjb24jgWi/ZLHrSjydZ6/bzxqKcuUzFefd78oblyV8oxs=
uTgC4h+XFy1QGvngnio/viZNkrBm/WYxDC9PGHCO/dhATDWFjGjC1ZmIWVMvlnLenMIlD+gyxR9KVJwHDgJZxK8e0f8/iDd1oxA=
zsIsEA9RnVIOZeuY1eFpNvnZvAgZJ4WckmJ8iM+6yCD6XIbtj4QTQ0s4rZ/KQC0U7vlxS1Qrm5z9tBNf0FRnI3b63R7wmr+Ht3dfmxBTrQFuowk=
661WFUdNn2G7V9AjamezvkQ7WBdpRU5JGfXarkMYMuHq/fJAJq2GIQw/L8iw/h1owLyVNUw44sWZmHkD7ybSLhxyxX8o4qUISkR8V07yOXQvbnFPf1gXZaMA
mgsFwwp7KLBfp/gTXwTJAmCWqi2CjAhZNpzrjyd4ODK2zI1y+nQQfOz5vYwRR0Eoh/voaF/AJLm7nyaDOfhXJJnbUtzVtxdaN0pCUv3DfSd1fzJ7XxVkowM=
IUxxYWAvW8rEWoTREKznt0BIPI086mjGpO8EAt3nZD4Wn9lGBYFXcBZELHypjWBEMXTr+iO1VsQdPv/A/d0XniN/ox4=
qKoFBdvwZWB+9LI+SuWnKxk497XDHbMskBbNTO96vPxHH7ioj6A0uat/dsPpmMek6TvinCXXKVtHaXISDWPNp+Xf4juPNXSjEw==
pra9ifP3hSE8Cnj+EVWeuRjcBF8x/qAyYtaosoSpXJ3G19yvBjApc6Gg/byVffEJuQzawn/EDb7W7E17egD9NJ75gWsE6yv8TTSD/wCUFwNs+s39wNpvZyf3rztgk31hXqM5
lwth8J/MWrcz0BoxmEdnRKy1rY6KFfypjvFoQ+URWwUXne3J9Gwtemi09qKBzH+K3AuQIBDYkL3UtEEdLBAS/ZmgiSuPDgJ2XKoVF4gKFXbJvM8/7hppLO+2IWefcGddozg=
cWKIOPn9z56zoDOmP3QBFwwv2cF2KQ/ZH0H37NTekfxDIlic46cUOPMosDkv94pTRSBjRI3jTiz5n+4Zg6Eu4mG76YcBpw4rsz1woxc=
X59tBElRq7jnftYXqkYwjRFx4MV5QbntEYwycjckNc4OLDXr4mA15Pb5aTtMC7NstXTbDzj037MEeWWNCPoXV/+3F6v4M7UxdqMR
sp16cHzvHq4+1GgdOtfd3hFNMdfT2e+XLqEfORaflAdhWYQjOE2eslDqMKII1AdnzKQLC0C/KXVcKiN/I9frw+wDgSl6ox0=
H3UXGrVE9issLxBCe4fohi0OrizDEEBNXVXMIVu3O9Cu7TSVwrq8sltnV1RdgdyhrpHNTamqQ5UBU695O6/JjoudYqYQdki26jDT3PfUJ6dsJOvLILkJNPyqQ7/D18sDjINhaVqjPQ==
pyscc1JceEJwpsIx840kd83s/Ehaj+B4MwOLelOD/txilBPEHUMe7Mm/+hmTwN6isdt5B7EHvuvj3QCjZw==
L23jLQz6IU6gMNLrL3q+4VQKcIDdzP7KY/RBJlKMiUN2EMF8ennlozj7J8QJ1AdnzKQLC0O+KXRcKiN/I9frw+wDgSl6ox0=
y9LeAeMXF+LYE6/g4xePJ3XD/eBgeP3BXAwqoRn8sTf/0rrqvPYtC/jWregOoPbjnobRcA+qGbvv7N8Bo2Q=
rPtmxtTCnUUSfcqN6vrepIsBqlySE7ti/KwuJN2OVfPhumorpGtLPG00Y79gFLdDgfvtM6BazycH98/7wBOdIX6jGQ==
bA4YqEa/AC7fta7PsO0TqWjQy/lPX6ywwFxmSS6GiPxoiWYjMIr0CVyOysFpzTD6uI8e49HID+Qhi7p8TUeT2b/32rJVk4VnLY8aW6cFbKML
5Fimnzj7Ft2hPCqLffyQFhx/rZ46BeSsH5srLHQrMo4OGWaqqCk7+eq6YjtMC7NstXTbDzj037MNeGWDCPoXV/+3F6v4M7UxdqMR
I7Sup3vwLvPyaOaWvuUC9TkKj6Vh/ihvGCRFFX/b/5EXAHSRxS2dl63zSDs+gRTfnMIlD+gyxRxPVJAHDgJZxK8e0f8/iDd1oxA=
aFiF3AC+hXMYPYLM+h4Jrw3T1mdvm80DuaXtReSRph+APewEWfWAPMEJboLczba87UY/uA2l9+bTB6Nm
2LAGMJeOLDOBZShJymCxAy1N1uN25T1iGiRFFzGNpNYJCXKNhiadl63zSDs+gRTfnMIlD+gyxRdOVJAHDgJZxK8e0f8/iDd1oxA=
Xs1/RaPt16RTvuPAi3Trgmh0YCFN6MCtfjo/y5aBLTEef4c+nD9xCQjemMrpVUpR9volCy1v8OdOXSyDfN4dE5gu/UaLCCGYfp7hWE9CaSNPVA9poww=
WUHXGBm7jIF9Kvipda7q+Bx/rZ46BeSsH5srLHQrMo4OGWaqqCk7+eq6YjtMC7NstXTbDzj037MKf2WLC/oXV/+3F6v4M7UxdqMR
+HpNUH2pnkhZ7dcoMdyTjkja/4oeMSjrjW5VousLLANZGVqDi+SwP12w1JrAE07a+wHOeL4pDEihkRCgab4rrsjIxkGlkpI0tQEnujt5qRA=
a25VKsNhGBXEnNIXHbPeUTT2+FW7pmre2fVRTaACL1wk9CtvyLQv0xt7da45uqb3TzqHC6jz5dEMqXs=
S9wPGiVbJigfbdDdoVJQdYYgOMJxdxrhIlhu8h+NTGCxiXBoGUarRpgQ5kmVqlKcJZnH8ssBqXg=
+lO2BFgiFHdr9tO5tz2NNtG70I+EsA6KxURPr7Y22NeMyQs5SvgaglyK1XcIqlWQy9wMnm77KQzi1uHHH5And6kC
Jfgm0DcWB6tV5jNoe/g1zVqx+kifPJNZyHKlMnTwpCs591BZNwyE/dZyuDP8Ln2jWH4dU4oYREo+LwEowvLJ0w+EL3OpBg==
92E3mCkw/v/sjmw9l1+doNwQhTciQTjkAUsa/O2HttrfOrsyNFPlak1PetvHxQapcQ==
YYVbyAuYwqS06UnVZwELcTT2+FW7pmre2fVRTaACL1wk9CtvyLQv0xx6da45uqb3TzqHC6jz5dEMqXs=
AhUy1aI7ytSqoiERnF7zLYYgOMJxdxrhIlhu8h+NTGCxiXBoGUGqRpgQ5kmVqlKcJZnH8ssBqXg=
fXlzI/EemBoRY6iRbUZ12jHe5PvT78cgcdnVP5ldSWW/Hx8aHX/Ntemwg0BOVRSlRuRRb28l1JRFTytcOzqu3ahyWBdPYmB6teI6BHXTVswx70Ka6xLnwnhL0crZN3aLe21SqSU=
G/PjFnqLOOePYHF43zAym3M1mRjFp93noeDaZE02kZyGhEg/f/eJC6qevwaHPwDAybzEWmB9AfUsh/dWcHt+oPQd7CSZlQCcge1qYpBsNt0tZjKYTUV3RhNtqRw=
EU0+0pgy31xr87dbu2QERwNa5PIeq3ADdE8tZlrmybgZBhoS2M3LiTHhBvgfpOOR6Hq1CjQINKPZv2BBNxS0tTb6KMu8Fm2reLZtywqAtAIeJxEQAopZW29MH2upHg==
UDK5YMJ8a8NwrzS699ohEhd+YCxRRiViWuLBrAkSMvb4qeNdYbXOPF9gK8W4rh1ulOycN0kr6MW3kDwhpm6ALxxyxX8o4qUPSkR8Vk7zOXQibnFPf1gXb6ka
GSy8y6ysi59z1WTnK4Uv0DHe5PvT78cgcdnVP5ldSWWkHx8aHX/Ntemwg0BOVRSlRuRRb28l1JRFTytcOzqu3ahyWBdPYmB6teI6BHXTVswx70Ka6xLnwnhL0crZN3aLe21SqSU=
hXdAXeJLqqnHWD61z+1WpvaEJ1eNrSoBhh6IHc/VDwesVF1eWt65kPkuSkoYFZvhkQm2gJ9cU/lIkmVSdNDki7mXkHk3LESdVtL4E/xOvUPY3t0zivgE6r5PQcjC0glzj2RvU6km
f96TawLwp+NKkT5qqs5QRzfV4vL36NM2V8nVOpp5U2epHx8aHX/Ntemwg0BOVRSlRuRRb28l1JRFTytcOzqu3ahyWBdPYmB6teI6BHXTVswx70Ka6xLnwnhL0crZN3aLe21SqSU=
iDFeQcRmiBPME5q+MoEA95AnVndW43+fYmhmUrrMWyCS/R/6k3pFUlrSoZzJwlJmeDlDDaFF7kxfkAu1+H69/hR8fGcJGwj1t6DcEeY+YL+c4mWvaJKF/0o0XKaOo5nkov4Rn79od1+pKg==
1guUFZSsEVLbw5lCojOQy+3Gqw31jDM+uon+BXMQWs7wtWUvJQdpky/bDlCkP+wtk6yVAxsnDAn68zVKXpu4hRL0S69oNI+T/HpVblk6xjdvOmdLSHNFEWypGw==
4XRrKq1UA0w/LSTAkT6CKci/MAxwmZ2oNBJexavzaz+nzwE7IEyqB+Ixndy7H3Uf4lW0M3sWsCPWGbyExTPmjAEPUpr7MpeCiOuhSkmXJkurDWKpFQ==
