LE/FK17jiXgMDIpYskzlyVzid3v32eYcazq096dnGFDBg1Xl7aBhiHlvdtqxSkJ+sdrZnGx7sK7T7ipJ5VS3BzzkO+s2uhlWrGqS31NSemM8Q1EJaqMN
pnmzuwPCyesoYFisF5HIkATwdFqI439ROyx+D/BNvj01CshMVxR4SPLk0JSTkGSG1zzhemL6JezRF+0JAy1TLMSvjMY2XNI6ERlMADXd2ig6z3CNt5k29/2K9YQ1ERJaf/GNnMBT4V3h4O3wDT/i8ozqnpZFKg2EoPv8toeeXiG59IsvqDTPE7p6Fe4YOoa3LzImy4hzhZGmo8E=
pBZ9KFZqMCTfj4yuYTVXxCPsKZAV6sFUv4EoKqyNtQ5sU0rY04WOAWpj7ZVlIOk4gc8eAmkKeo6ZusGMZHu4vssOAjndlO9X1ERDW746kaYUCjoPCxKCU1RjSRliowU=
31XweieTwHlaKhMvxOe472LNw/tPWLqwwF92CWuKiv1VyjIoMoTxGFyNhJJo/WO99dc4sYqNDuQhi7p8TUeQ2r/62rJUk4ViLI8aW6cFbKML
+1YZXLvcaccPeUbnTFLyz9/4242Yog+Y1FQMv6lj2N23iAxpRuYQl1yK1XcIqlWfytwMn277KQzq1+HHH5AnfaMY
c5/SW058j9Jor7a0YsFfZsJXOGtevncX8ZQaJuT8s0PdZfA/GlqA5PxHozgUZUpsOsuQuNjes6lNW3SKm5oSWf8ml7ui8fQ0AGxyRwTW3fPMbjzB7P4VBFD1JIV7nJUpVWv2f+5mMXRbwy5L36uEcWVd8fAuLXvmx/SVeHono2XL1MtYMoLBPiN8kyvbOgIs21VwdewU33dEhLO7YDpBBiRKqm97ktJz5KNZ+ZKj9Q==
MK6NACU1VFtjalw3HgVUNTT2+FW7pmre2fVRTaACL1wk9CtvyLQv0xR6da44uqb3TzKGC6jz5dEGo2E=
XGZ4ylL4GPfr6ABEt92ZzYYgOMJxdxrhIlhu8h+NTGCxiXBoGUmqRpgR5kmVqlqdJZnH8ssLo2I=
+1YZXLvcaccPeUbnTFLyz9/4242Yog+Y1FQMv6lj2N23iAxpRuYQl1yK1XcIqlWfytwMn277KQzq1+HHH5AnfaMY
+1YZXLvcaccPeUbnTFLyz9/4242Yog+Y1FQMv6lj2N23iAxpRuYQl1yK1XcIqlWfytwMn277KQzq1+HHH5AnfaMY
+1YZXLvcaccPeUbnTFLyz9/4242Yog+Y1FQMv6lj2N23iAxpRuYQl1yK1XcIqlWfytwMn277KQzq1+HHH5AnfaMY
+1YZXLvcaccPeUbnTFLyz9/4242Yog+Y1FQMv6lj2N23iAxpRuYQl1yK1XcIqlWfytwMn277KQzq1+HHH5AnfaMY
oHIUlqZGnWndPfr0FrK60Vqx+kifPJNZyHanPHTwpCs591BZNwyE/dZyuDP8Ln2jWH4dUokYREs+LwEoyvPJ0w+EL3mjHA==
/fbtetD3mQfct3Bu5gzZYqATfyABInpHMJIFRoi/yFgLM7N6a7PX/UapSgRVk7ZMUS9jmQtSRkLYCzHC+PfWC5steKMf
WU6mXr+bj6yQNmTFL5ng1qETfyABInpHMJIFRoi/yFgLM7N6a7PX/UapSgRVk7ZMUS9jmQtSRkLYCzHC+PfWC5steKMf
LcuWOmvoTrh1lf4ns+ItRqMSfyABInpHMJIFRoi/yFgLM7N6a7PX/UapSgRVk7ZMUS9jmQtSRkLYCzHC+PfWC5steKMf
nSIE7UxrQEhuq8wF/g5ouKESfyABInpHMJIFRoi/yFgLM7N6a7PX/UapSgRVk7ZMUS9jmQtSRkLYCzHC+PfWC5steKMf
g/NZW6biWzkLAdw1wKRarEF34qjfKrNgzVqOF+Q6ueYUV7yon6s/+ucrQ42ywdak6TvinCXXLllHanISDGPNouTf4juPNXSjEw==
kbKCOQHYlHqTXsbT4neVHmFOS7XdgKOGIK9KZleW2gtyENF3cTqp9w21fJ0Y1AdnzKQLC0C5KXZcKiJ/I9Lqw+wDgSl6ox0=
0FZPPdyxeOLba5oXwEPIi2NOS7XdgKOGIK9KZleW2gtyENF3cTqp9w21fJ0Y1AdnzKQLC0C5KXZcKiJ/I9Lqw+wDgSl6ox0=
T/lPwtx0ZznOWsn0yfZDLqMTfyABInpHMJIFRoi/yFgLM7N6a7PX/UapSgRVk7ZMUS9imQtSRkLYCzHC+PfWC5steKMf
GB0aex+2IUslz0Y3npsM21qx+kifPJNZyHKlMnTwpCs591BZNwyE/dZyuDP8Ln2jWH4dU4kYREs+LwEoyvPJ0w+EL3mjHA==
OsVnjd8CGByN4zXIGhr35lqx+kifPJNZyHanPHTwpCs591BZNwyE/dZyuDP8Ln2jWH4dU4kYREs+LwEoyvPJ0w+EL3mjHA==
JlPzC4wPShB2E5KW9ihlqaATfyABInpHMJIFRoi/yFgLM7N6a7PX/UapSgRVk7ZMUS9imQtSRkLYCzHC+PfWC5steKMf
azp3VSfRmvAV9WaAA3T/Q6ETfyABInpHMJIFRoi/yFgLM7N6a7PX/UapSgRVk7ZMUS9imQtSRkLYCzHC+PfWC5steKMf
n4yawDLyiU5/zVnCsQs8HKMSfyABInpHMJIFRoi/yFgLM7N6a7PX/UapSgRVk7ZMUS9imQtSRkLYCzHC+PfWC5steKMf
Ij7jr27OnnuMf52M6F6baaESfyABInpHMJIFRoi/yFgLM7N6a7PX/UapSgRVk7ZMUS9imQtSRkLYCzHC+PfWC5steKMf
g/NZW6biWzkLAdw1wKRarEF34qjfKrNgzVqOF+Q6ueYUV7yon6s/+ucrQ42ywdak6TvinCXXLllHanISDGPNouTf4juPNXSjEw==
kbKCOQHYlHqTXsbT4neVHmFOS7XdgKOGIK9KZleW2gtyENF3cTqp9w21fJ0Y1AdnzKQLC0C5KXZcKiJ/I9Lqw+wDgSl6ox0=
0FZPPdyxeOLba5oXwEPIi2NOS7XdgKOGIK9KZleW2gtyENF3cTqp9w21fJ0Y1AdnzKQLC0C5KXZcKiJ/I9Lqw+wDgSl6ox0=
T/lPwtx0ZznOWsn0yfZDLqMTfyABInpHMJIFRoi/yFgLM7N6a7PX/UapSgRVk7ZMUS9imQtSRkLYCzHC+PfWC5steKMf
GB0aex+2IUslz0Y3npsM21qx+kifPJNZyHKlMnTwpCs591BZNwyE/dZyuDP8Ln2jWH4dU4kYREs+LwEoyvPJ0w+EL3mjHA==
OsVnjd8CGByN4zXIGhr35lqx+kifPJNZyHanPHTwpCs591BZNwyE/dZyuDP8Ln2jWH4dU4kYREs+LwEoyvPJ0w+EL3mjHA==
JlPzC4wPShB2E5KW9ihlqaATfyABInpHMJIFRoi/yFgLM7N6a7PX/UapSgRVk7ZMUS9imQtSRkLYCzHC+PfWC5steKMf
azp3VSfRmvAV9WaAA3T/Q6ETfyABInpHMJIFRoi/yFgLM7N6a7PX/UapSgRVk7ZMUS9imQtSRkLYCzHC+PfWC5steKMf
n4yawDLyiU5/zVnCsQs8HKMSfyABInpHMJIFRoi/yFgLM7N6a7PX/UapSgRVk7ZMUS9imQtSRkLYCzHC+PfWC5steKMf
Ij7jr27OnnuMf52M6F6baaESfyABInpHMJIFRoi/yFgLM7N6a7PX/UapSgRVk7ZMUS9imQtSRkLYCzHC+PfWC5steKMf
g/NZW6biWzkLAdw1wKRarEF34qjfKrNgzVqOF+Q6ueYUV7yon6s/+ucrQ42ywdak6TvinCXXLllHanISDGPNouTf4juPNXSjEw==
kbKCOQHYlHqTXsbT4neVHmFOS7XdgKOGIK9KZleW2gtyENF3cTqp9w21fJ0Y1AdnzKQLC0C5KXZcKiJ/I9Lqw+wDgSl6ox0=
0FZPPdyxeOLba5oXwEPIi2NOS7XdgKOGIK9KZleW2gtyENF3cTqp9w21fJ0Y1AdnzKQLC0C5KXZcKiJ/I9Lqw+wDgSl6ox0=
T/lPwtx0ZznOWsn0yfZDLqMTfyABInpHMJIFRoi/yFgLM7N6a7PX/UapSgRVk7ZMUS9imQtSRkLYCzHC+PfWC5steKMf
GB0aex+2IUslz0Y3npsM21qx+kifPJNZyHKlMnTwpCs591BZNwyE/dZyuDP8Ln2jWH4dU4kYREs+LwEoyvPJ0w+EL3mjHA==
OsVnjd8CGByN4zXIGhr35lqx+kifPJNZyHanPHTwpCs591BZNwyE/dZyuDP8Ln2jWH4dU4kYREs+LwEoyvPJ0w+EL3mjHA==
GB0aex+2IUslz0Y3npsM21qx+kifPJNZyHKlMnTwpCs591BZNwyE/dZyuDP8Ln2jWH4dU4kYREs+LwEoyvPJ0w+EL3mjHA==
GB0aex+2IUslz0Y3npsM21qx+kifPJNZyHKlMnTwpCs591BZNwyE/dZyuDP8Ln2jWH4dU4kYREs+LwEoyvPJ0w+EL3mjHA==
JlPzC4wPShB2E5KW9ihlqaATfyABInpHMJIFRoi/yFgLM7N6a7PX/UapSgRVk7ZMUS9imQtSRkLYCzHC+PfWC5steKMf
azp3VSfRmvAV9WaAA3T/Q6ETfyABInpHMJIFRoi/yFgLM7N6a7PX/UapSgRVk7ZMUS9imQtSRkLYCzHC+PfWC5steKMf
n4yawDLyiU5/zVnCsQs8HKMSfyABInpHMJIFRoi/yFgLM7N6a7PX/UapSgRVk7ZMUS9imQtSRkLYCzHC+PfWC5steKMf
Ij7jr27OnnuMf52M6F6baaESfyABInpHMJIFRoi/yFgLM7N6a7PX/UapSgRVk7ZMUS9imQtSRkLYCzHC+PfWC5steKMf
g/NZW6biWzkLAdw1wKRarEF34qjfKrNgzVqOF+Q6ueYUV7yon6s/+ucrQ42ywdak6TvinCXXLllHanISDGPNouTf4juPNXSjEw==
kbKCOQHYlHqTXsbT4neVHmFOS7XdgKOGIK9KZleW2gtyENF3cTqp9w21fJ0Y1AdnzKQLC0C5KXZcKiJ/I9Lqw+wDgSl6ox0=
0FZPPdyxeOLba5oXwEPIi2NOS7XdgKOGIK9KZleW2gtyENF3cTqp9w21fJ0Y1AdnzKQLC0C5KXZcKiJ/I9Lqw+wDgSl6ox0=
T/lPwtx0ZznOWsn0yfZDLqMTfyABInpHMJIFRoi/yFgLM7N6a7PX/UapSgRVk7ZMUS9imQtSRkLYCzHC+PfWC5steKMf
OsVnjd8CGByN4zXIGhr35lqx+kifPJNZyHanPHTwpCs591BZNwyE/dZyuDP8Ln2jWH4dU4kYREs+LwEoyvPJ0w+EL3mjHA==
s1gg6BVhDhbzz9eLf8ZW7Fqx+kifPJNZyHKlMnTwpCs591BZNwyE/dZyuDP8Ln2jWH4dUIkYREs+LwEoyvPJ0w+EL3mjHA==
pe6B2oivLD31qHe2wkKXFXkrm5h70w5lEDAzZVj80r5kQkgjmdbaxy66U7kP8uWW82+WRXIpNPzRr3BLFlGk5TTmItS8Fm2reLZtyAmAtAMeJxEQCotZW29MH2GjBA==
o/yMlwBdtKaMN5rCUhj2VXkrm5h70w5lEDAzZVj80r5kQkojmdbaxy+6U7kP8uWW82+WRXIpNPzRr3BLFlGk5TTmItS8Fm2reLZtyAmAtAMeJxEQCotZW29MH2GjBA==
cbUIRQY0UAjl5UajVKHuGrLacwjs7XpA3wefFunCBhaFQwBQf43joPclXwlJTs772hOhi9cSceNSg1MdM/Hk1LGHgHMWaVTNVM7yDPxOvUPY3t0wifgE675PQcjK0wlzj2RvWaM8
/ovp4t5/jg+O6WK5HGcPnbLacwjs7XpA3wefFunCBhaFQwBQf43hoPclXwlJTs772hOhi9cSceNSg1MdMfHk1LGHgHMWaVTNVM7yDPxOvUPY3t0wifgE675PQcjK0wlzj2RvWaM8
DK7iK1MpfmW52E4FW5R0/GaY23SGvlzbkusFgOa+Tk2ReQ6RkNzVUDUqT1PLm7vwomFy9QXpt7yNSQrV5+/hrqhueUHEMVaniIcs+CbezDCRmTD4uRKpFjiBplm1+trNBYmHYmtbozI=
vgnysy2ykZlxBHFEQcx8V7Lacwjs7Xsbih2IHfPTKxazVjUReICTo/clXwlKTs772hOhi9cSceNSg1MdMfDk1LGHgHMWaVTNVM7yDPxOvUPY3t0wifgE675PQcjK0wlzj2RvWaM8
srbQ6r7cYrPex8rmYuShh7Lacwjs7Xsbih2IHfPTKxazVjUReoCTo/clXwlLTs772hOhi9cSceNSg1MdM/Dk1LGHgHMWaVTNVM7yDPxOvUPY3t0wifgE675PQcjK0wlzj2RvWaM8
34sWDhep7IxDEmttiy5R1KATfyABInpHMJIFRoi/yFgLM7N6a7PX/UapSgRVk7ZMUS9hmQtSRkLYCzHC+PfWC5steKMf
7r7pmoLWUDHDaxyG3FCcwKETfyABInpHMJIFRoi/yFgLM7N6a7PX/UapSgRVk7ZMUS9hmQtSRkLYCzHC+PfWC5steKMf
CfUwp0TxqihFTHpfq0TdF6MSfyABInpHMJIFRoi/yFgLM7N6a7PX/UapSgRVk7ZMUS9hmQtSRkLYCzHC+PfWC5steKMf
MK/l/L/0sziajzT2/dnivKESfyABInpHMJIFRoi/yFgLM7N6a7PX/UapSgRVk7ZMUS9hmQtSRkLYCzHC+PfWC5steKMf
4O1esDSMh86T8oC1P2zJdUF34qjfKrNgzVqOF+Q6ueYUV7yon6s/+ucrQ42ywdak6TvinCXXLVlHanISDGPNouTf4juPNXSjEw==
AjpMG5KgCyMAD+crMAG2t2FOS7XdgKOGIK9KZleW2gtyENF3cTqp9w21fJ0Y1AdnzKQLC0O5KXZcKiJ/I9Lqw+wDgSl6ox0=
+/Hc+BT5/tsSnhiF1mfPxmNOS7XdgKOGIK9KZleW2gtyENF3cTqp9w21fJ0Y1AdnzKQLC0O5KXZcKiJ/I9Lqw+wDgSl6ox0=
Qc961FmjuOc58g7hDuE/xaMTfyABInpHMJIFRoi/yFgLM7N6a7PX/UapSgRVk7ZMUS9hmQtSRkLYCzHC+PfWC5steKMf
rKkpTeouD+GGITkaMlLRalqx+kifPJNZyHanPHTwpCs591BZNwyE/dZyuDP8Ln2jWH4dUIkYREs+LwEoyvPJ0w+EL3mjHA==
s1gg6BVhDhbzz9eLf8ZW7Fqx+kifPJNZyHKlMnTwpCs591BZNwyE/dZyuDP8Ln2jWH4dUIkYREs+LwEoyvPJ0w+EL3mjHA==
rKkpTeouD+GGITkaMlLRalqx+kifPJNZyHanPHTwpCs591BZNwyE/dZyuDP8Ln2jWH4dUIkYREs+LwEoyvPJ0w+EL3mjHA==
c814asbTuUPkVIXmO41NFZdW/wLJQ/Agt/t9Y47JX////zl11i4dZHk0Y79gFLdDh/ntPqBazicH8s77wBOdIX6jGQ==
wet00SpnJk9G6Ijr2Z5Y0pwFinpShUtEvq4hDSOE/4nRUkElUpK3nMVBh6C58gJnOILtBiBPQPjTQ6t6c0OPXc7Z4sQ9g75sqX/ZGXOCfiLQGxkCkEdea0MdYKMH
/c7K2W5FB0YxeM9DAfXT3et/NMAPI4yNkm2Qz+2dheJm+TW80JiFfIRwC7/5FPipOCEFGhdAOx8d3//I3qXIohCVfCbhQpjYEvCEiMLf2Jibk0N6GxNUslJTmoTlc4YM4c8xmdvyNgIoK0FCKNfGywtNSKMv
CzMz0j1FxYfMjFH4e+yf8JAnVndW43+fYmhmUrrMWyCS/R/6k3pFUlrSoZzJwlJmeDlDDaFF7kxfkAu1+Hq/8BR8fGcJGwj1t6DcEeY+YL+c4mWvaJKF/Ek0XKeOo5nkqv8Rn79od1WjMA==
pBSkMg8raXHV27/I5o45LDfV4vL36NM2V8nVOpp5U2epHx8aHX/Ntemwg0BOVRSlRuRRb28l1JRBTSVcOzqu3ahyWBdPYmB6teI6BHXTVswx70GZ6xLmwnhL0cLYN3aLe21Yoz8=
Iq1EW1/N6v20iLH6KRgVffaEJ1eNrSoBhh6IHc/VDwesVF1eWt65kPkuSkoYFZvhkQm2gJ9cU/lIlmdcdNDki7mXkHk3LESdVtL4E/xOvUPY3t0wifgE675PQcjK0wlzj2RvWaM8
Z8CRAzKQc+nsKDdv6SfLFTHe5PvT78cgcdnVP5ldSWWkHx8aHX/Ntemwg0BOVRSlRuRRb28l1JRBTSVcOzqu3ahyWBdPYmB6teI6BHXTVswx70GZ6xLmwnhL0cLYN3aLe21Yoz8=
XHPFsqXZDNDDbTLScyvSLRd+YCxRRiViWuLBrAkSMvb4qeNdYbXOPF9gK8W4qh9glOycN0kr6MW3kDwhpm6ALxxyxX8o4qUMSUR8V07zOXQqb3FPf1gXZaMA
kaKw6Q77NtXfpeN5efUDMgNa5PIeq3ADdE8tZlrmybgZBhoS2M3LiTHhBvgfpOOR6H63BDQINKPZv2BBNxS0tTb6KMu8Fm2reLZtyAmAtAMeJxEQCotZW29MH2GjBA==
Y2PIpVgyjrCzGPdjWJk533M1mRjFp93noeDaZE02kZyGhEg/f/eJC6qevwaHPwDEy7LEWmB9AfUsh/dWcHt+oPQd7CSZlQCcge9pYpBtNt0tZjqZTUV3RhNnowY=
h3rbiTKgCIgNFhzvQ5+XhTHe5PvT78cgcdnVP5ldSWW/Hx8aHX/Ntemwg0BOVRSlRuRRb28l1JRBTSVcOzqu3ahyWBdPYmB6teI6BHXTVswx70CZ6xLmwnhL0cLYN3aLe21Yoz8=
i3tROGE3ZDuUiXOIsEygoCqQgr5PBvfyhwt4H2+KivtkhGg5PImwchiHk4Jk0C21+J48s6qBGOQhi7p8TUeU2b/62rJUk4ViLI8aW6cFbKML
hn0IpWE+68KMeTp9KPrUa6T3A+O4gA76jV9GA1k4dyR5m7Jcdfc7WFeHItJcg10ilD+S+//VBKNj
cUhPWiBzSNx/aRwSaOZ6X9xkO9p/ZxqxfWUnvF6QTGCxiXBoGUKuRpUR5kmVqlqdJZnH8ssLo2I=
Do1ZAnQJIIFP7OjWvIyTXMLEwUhDw+R4IwiAOR/X2pM1wBPEHUMe7Mm//huTzt6isNt5ArAHvuvj3QCjZw==
B6pJ1qEOjY438/j/WWCqMSX49Q+yoGXExvlZG5xLYwwl9CtvyLQv0xt7daI4uqb3TzKGC6jz5dEGo2E=
ATMGYYKT4w5Eyutj8GpbJ3XD/eBgeP3BXAwqoRn8sTf/0rrqvPYtC/jWreoLoPHgnofRcAqrGbvv7N8Bo2Q=
fUGnzDwzTdLM5i7tpDSdvJ66Wgv0qzvcHbTzHzDUh2OW+/1bUxoeR5dyfltw083BDqNp
+sGvdyzEgA/aMlt6NEUW23PD4fYwMvTUXA4vo1r3sTf/0rrqvPYtC/jWre4KoPHgnofRcAqrGbvv7N8Bo2Q=
tfTG81Kbyd02iua/auMndJ66Wgv0qzvcHbTzHzDUh2OT/v1bUxoeR5dyfltw083BDqNp
4XT64FCEZJFmUeMLZtDaSdxkO9p/ZxqxfWUnvF6QTGCxiXBoGUOoRp8S5kmVqlqdJZnH8ssLo2I=
GSKa1XVrbJ55fd4WQH/AQD6K9exgeP3BXAwqoRn8sTf/0rrqvPYtC/jWre8IoPPgnofRcAqrGbvv7N8Bo2Q=
bup5bLOy2As4A2RQVpS4m8Diz5OY9g2QgAQFvaxw0t2ZgElLD65CllyK1XcIqlWeyNwLnG77KQzq1+HHH5AnfaMY
L8IYj1odZiYVtU4pphCVYRk46bLAF/xsmQneRKEnsagXG7ioj6A0uat/dsPpmMek6TvinCXXJ15HbXESDGPNouTf4juPNXSjEw==
qTVqodeQiSY5xqEPlN98Cwa51lhuWsK+tnkWDMYfVbWc8q9j2CatIAB05e1sQPLNmZBpe8/+oubcOnWnSFo1j87M6+yuq4m8aieBF1+gB22jCA==
8F9aM75lUg80/KOFKfoIEuz30D9a0vbkVkwG7+qWbvExF3yUA8mg+Bly0MK5FyQONo/ZViWxF4B21KzsSf2gdBFn6+oGhpa1/a56UZ0tV64Db6MO
7CTDc+jtSxYn12m/A1L1/x+lJiaykPwcazqz5KFeVAT3yh6roowHtUA8f5vvWEknptCRnGp59cPou3ckmVS3BzzkO+syuhlQr2qS31NSemM8Q1EJaqMN
TpLGph5ByJhaR214iYnTI3/4kR2oujwQcoDlgj14Ly76mJly8DcMbKnproQRR0Eoh/voaF/AJLm7nyaDOfhXJJnbUtzVtx5eN0tBUvzDfSJ0fzJ7XxVkowM=
ORnsmzG9LDjvWZexz9rQi6La4eXk89AzQibG+L5oZgPSwr7NedO82Nt90CSxFnBuwYO0cr4LWdq9xaccHnBMgPEp8MjZI64mWbJm6dVKWn1lOUdSC2ujAg==
CWLmFFBSoG1Kgvg/4Uw6AnXD/eBgeP3BXAwqoRn8sTf/0rrqvPYtC/jWreoLoPTgnofRcAqrGbvv7N8Bo2Q=
BC6Gdtm9995+hkdSFTHWhjUAPaJa/6Ev3+qKony+3XMYTj1niyhkeP5/obhKYymDz/TPCaNs
HM2CGE/00OJKVXXmhndq3GxSObRa/6Ev3+qKony+3XMYTj1miihkeP5/obhKYymDz/TPCaNs
pcra2L3HspY+509MqDn1fF8fg3ocxzLzzZDLhKXzRgyhT3CZG3J1AmirgUJoV4bLy80Io28=
c/NSALLCUGvS1NSSnGcHLHPD4fYwMvTUXA4vo1r3sTf/0rrqvPYtC/jWre4OoPTgnofRcAqrGbvv7N8Bo2Q=
KhMZEG/0KuYP4UTrRu+Hq9xkO9p/ZxqxfWUnvF6QTGCxiXBoGUKrRpsS5kmVqlqdJZnH8ssLo2I=
v5xcav+Yg2CzNtmKSZsR2T6K9exgeP3BXAwqoRn8sTf/0rrqvPYtC/jWre8LoPfgnofRcAqrGbvv7N8Bo2Q=
5SO8DHUh4pdf16ywlWSfZcDiz5OY9g2QgAQFvaxw0t2ZgElLD65CllyK1XcIqlWey9wPnG77KQzq1+HHH5AnfaMY
qxH+djaAO+x5VMVQuvaB1hk46bLAF/xsmQneRKEnsagXG7ioj6A0uat/dsPpmMek6TvinCXXLlpHaXESDGPNouTf4juPNXSjEw==
x+Blno1Y5BsVaOSxhPlljwa51lhuWsK+tnkWDMYfVbWc8q9j2CatIAB05e1sQPLNmZBpe8/+oubcOnWnSFo1gsrM7+yuq4m8aieBF1+gB22jCA==
rScMxAtSiWQH7+IDUnL1rh+lJiaykPwcazqz5KFeVAT3yh6roowHtUA8f5vvWEknptCRnGp59cPou3ckmVS3BzzkO+syuBlVr2qS31NSemM8Q1EJaqMN
ka1pXS2pH4a04Bx43VkeBnXD/eBgeP3BXAwqoRn8sTf/0rrqvPYtC/jWresPoPfgnofRcAqrGbvv7N8Bo2Q=
FoOsL7AIj5ojyFxK8QhdCF8fg3ocxzLzzZDLhKXzRgyhT3CfG3F1AmirgUJoV4bLy80Io28=
97D3ukyqFf2VyDfGlNFVE18fg3ocxzLzzZDLhKXzRgyhT3uaG3N0AmirgUJoV4bLy80Io28=
Jp1rCbs0n9kRiRciKb8JGWixslWloCPH27pSG5xLYwwl9CtvyLQv0xR5da86uqb3TzKGC6jz5dEGo2E=
P0jBqz5p5osUKGJyp/C8io/GyBsQg6N0MwmCehTX2pM1wBPEHUMe7Mm//x+Tw9yisNt5ArAHvuvj3QCjZw==
loE8V8zFVhnO/xZ1Qo4zNJ66Wgv0qzvcHbTzHzDUh2OS//1fUhoeR5dyfltw083BDqNp
wAnp0oCLEezD5XUj4Ff++HPD4fYwMvTUXA4pvFr3sTf/0rrqvPYtC/jWrekLoPThnofRcAqrGbvv7N8Bo2Q=
XIcPvhS/md40ZjqHF6carnPD4fYwMvTUXA4pvFr3sTf/0rrqvPYtC/jWreoKoPThnofRcAqrGbvv7N8Bo2Q=
zWvDjz4vSM0uCkiI8fw2dHPD4fYwMvTUXA4pvFr3sTf/0rrqvPYtC/jWrewKoPThnofRcAqrGbvv7N8Bo2Q=
zMmgc3/e/31PmvXQn1b1wVqx+kifPJNZyHKlMnTwpCs591BZNwyE/dZyuDP8Ln2jWH4dUIgYREk+LwEoyvPJ0w+EL3mjHA==
ZmV5V6IQxlgYO39/DLJ4Enkrm5h70w5lEDAzZVj80r5kQkgjmdbaxy66U7kP8uWW82+WRXIpNPzRr3BLFlGk5TTmItS8Fm2reLZtyAiAtAEeJxEQCotZW29MH2GjBA==
ehLmszpuA8kPe0nb3njGsHkrm5h70w5lEDAzZVj80r5kQkojmdbaxy+6U7kP8uWW82+WRXIpNPzRr3BLFlGk5TTmItS8Fm2reLZtyAiAtAEeJxEQCotZW29MH2GjBA==
QXJmE3rz6yZ5ZdswIIlXubLacwjs7XpA3wefFunCBhaFQwBQf43hoPclXwlJTs772hOhi9cSceNSg1MdMfHk1LGHgHMWaVTNVM7yDPxOvUPY3t0wiPgE6b5PQcjK0wlzj2RvWaM8
MW9MwctZ4ID6nuBHHmunfrLacwjs7Xsbih2IHfPTKxazVjUReoCTo/clXwlLTs772hOhi9cSceNSg1MdM/Dk1LGHgHMWaVTNVM7yDPxOvUPY3t0wiPgE6b5PQcjK0wlzj2RvWaM8
nHm1FKsMqUyh9anHGgCEIGaY23SGvlzbkusFgOa+Tk2ReQ6RkNzVUDUqT1PLm7vwomFy9QXpt7yNSQrV5+/hrqhueUHEMVaniIcs+CbezDCRmTD4uRKoFjiDplm1+trNBYmHYmtbozI=
vV+2PCAPtIEFSDE2UuxYCLLacwjs7Xsbih2IHfPTKxazVjUReICTo/clXwlKTs772hOhi9cSceNSg1MdMfDk1LGHgHMWaVTNVM7yDPxOvUPY3t0wiPgE6b5PQcjK0wlzj2RvWaM8
NvDattXzIcNe/ybWdfdfcLLacwjs7XpA3wefFunCBhaFQwBQf43joPclXwlJTs772hOhi9cSceNSg1MdM/Hk1LGHgHMWaVTNVM7yDPxOvUPY3t0wiPgE6b5PQcjK0wlzj2RvWaM8
zMmgc3/e/31PmvXQn1b1wVqx+kifPJNZyHKlMnTwpCs591BZNwyE/dZyuDP8Ln2jWH4dUIgYREk+LwEoyvPJ0w+EL3mjHA==
ZmV5V6IQxlgYO39/DLJ4Enkrm5h70w5lEDAzZVj80r5kQkgjmdbaxy66U7kP8uWW82+WRXIpNPzRr3BLFlGk5TTmItS8Fm2reLZtyAiAtAEeJxEQCotZW29MH2GjBA==
ehLmszpuA8kPe0nb3njGsHkrm5h70w5lEDAzZVj80r5kQkojmdbaxy+6U7kP8uWW82+WRXIpNPzRr3BLFlGk5TTmItS8Fm2reLZtyAiAtAEeJxEQCotZW29MH2GjBA==
NvDattXzIcNe/ybWdfdfcLLacwjs7XpA3wefFunCBhaFQwBQf43joPclXwlJTs772hOhi9cSceNSg1MdM/Hk1LGHgHMWaVTNVM7yDPxOvUPY3t0wiPgE6b5PQcjK0wlzj2RvWaM8
QXJmE3rz6yZ5ZdswIIlXubLacwjs7XpA3wefFunCBhaFQwBQf43hoPclXwlJTs772hOhi9cSceNSg1MdMfHk1LGHgHMWaVTNVM7yDPxOvUPY3t0wiPgE6b5PQcjK0wlzj2RvWaM8
nHm1FKsMqUyh9anHGgCEIGaY23SGvlzbkusFgOa+Tk2ReQ6RkNzVUDUqT1PLm7vwomFy9QXpt7yNSQrV5+/hrqhueUHEMVaniIcs+CbezDCRmTD4uRKoFjiDplm1+trNBYmHYmtbozI=
vV+2PCAPtIEFSDE2UuxYCLLacwjs7Xsbih2IHfPTKxazVjUReICTo/clXwlKTs772hOhi9cSceNSg1MdMfDk1LGHgHMWaVTNVM7yDPxOvUPY3t0wiPgE6b5PQcjK0wlzj2RvWaM8
MW9MwctZ4ID6nuBHHmunfrLacwjs7Xsbih2IHfPTKxazVjUReoCTo/clXwlLTs772hOhi9cSceNSg1MdM/Dk1LGHgHMWaVTNVM7yDPxOvUPY3t0wiPgE6b5PQcjK0wlzj2RvWaM8
zMmgc3/e/31PmvXQn1b1wVqx+kifPJNZyHKlMnTwpCs591BZNwyE/dZyuDP8Ln2jWH4dUIgYREk+LwEoyvPJ0w+EL3mjHA==
ZmV5V6IQxlgYO39/DLJ4Enkrm5h70w5lEDAzZVj80r5kQkgjmdbaxy66U7kP8uWW82+WRXIpNPzRr3BLFlGk5TTmItS8Fm2reLZtyAiAtAEeJxEQCotZW29MH2GjBA==
ehLmszpuA8kPe0nb3njGsHkrm5h70w5lEDAzZVj80r5kQkojmdbaxy+6U7kP8uWW82+WRXIpNPzRr3BLFlGk5TTmItS8Fm2reLZtyAiAtAEeJxEQCotZW29MH2GjBA==
NvDattXzIcNe/ybWdfdfcLLacwjs7XpA3wefFunCBhaFQwBQf43joPclXwlJTs772hOhi9cSceNSg1MdM/Hk1LGHgHMWaVTNVM7yDPxOvUPY3t0wiPgE6b5PQcjK0wlzj2RvWaM8
QXJmE3rz6yZ5ZdswIIlXubLacwjs7XpA3wefFunCBhaFQwBQf43hoPclXwlJTs772hOhi9cSceNSg1MdMfHk1LGHgHMWaVTNVM7yDPxOvUPY3t0wiPgE6b5PQcjK0wlzj2RvWaM8
nHm1FKsMqUyh9anHGgCEIGaY23SGvlzbkusFgOa+Tk2ReQ6RkNzVUDUqT1PLm7vwomFy9QXpt7yNSQrV5+/hrqhueUHEMVaniIcs+CbezDCRmTD4uRKoFjiDplm1+trNBYmHYmtbozI=
vV+2PCAPtIEFSDE2UuxYCLLacwjs7Xsbih2IHfPTKxazVjUReICTo/clXwlKTs772hOhi9cSceNSg1MdMfDk1LGHgHMWaVTNVM7yDPxOvUPY3t0wiPgE6b5PQcjK0wlzj2RvWaM8
MW9MwctZ4ID6nuBHHmunfrLacwjs7Xsbih2IHfPTKxazVjUReoCTo/clXwlLTs772hOhi9cSceNSg1MdM/Dk1LGHgHMWaVTNVM7yDPxOvUPY3t0wiPgE6b5PQcjK0wlzj2RvWaM8
ufTEkKDYGRnz/cNWhDQFEFqx+kifPJNZyHKlMnTwpCs591BZNwyE/dZyuDP8Ln2jWH4dUYgYREk+LwEoyvPJ0w+EL3mjHA==
ufTEkKDYGRnz/cNWhDQFEFqx+kifPJNZyHKlMnTwpCs591BZNwyE/dZyuDP8Ln2jWH4dUYgYREk+LwEoyvPJ0w+EL3mjHA==
0TNEy0DUgQb2a+sdMp0ISNwQhTciQTjkAUsa/O2HtNjfOrgyNFPlYkxPetvHxQyjaw==
sewC1QkQkOrI1QumA9NP6zT2+FW7pmre2fVRTaACL1wk9CtvyLQv0x54da46uqb3TzKGC6jz5dEGo2E=
Qw2fFPqaHuDBDz4TpCvWCYYgOMJxdxrhIlhu8h+NTGCxiXBoGUOoRpgT5kmVqlqdJZnH8ssLo2I=
IYo2dKcA0YI9oZ9quOmdxzHe5PvT78cgcdnVP5ldSWW/Hx8aHX/Ntemwg0BOVRSlRuRRb28l1JRFTytcOzqu3ahyWBdPYmB6teI6BHXTVswx70CY6xLkwnhL0cLYN3aLe21Yoz8=
OCy8M5lZxXszE8wflokarnM1mRjFp93noeDaZE02kZyGhEg/f/eJC6qevwaHPwDAybzEWmB9AfUsh/dWcHt+oPQd7CSZlQCcge9oYpBvNt0tZjqZTUV3RhNnowY=
NgZllItrhcQduSw2tf3qVANa5PIeq3ADdE8tZlrmybgZBhoS2M3LiTHhBvgfpOOR6Hq1CjQINKPZv2BBNxS0tTb6KMu8Fm2reLZtyQiAtAEeJxEQCotZW29MH2GjBA==
wp0OPPp11rR4OUzPeGlqixd+YCxRRiViWuLBrAkSMvb4qeNdYbXOPF9gK8W4rh1ulOycN0kr6MW3kDwhpm6ALxxyxX8o4qUNSER8VU7zOXQqb3FPf1gXZaMA
3JNygl3IQpWHiBp922WFUDHe5PvT78cgcdnVP5ldSWWkHx8aHX/Ntemwg0BOVRSlRuRRb28l1JRFTytcOzqu3ahyWBdPYmB6teI6BHXTVswx70CY6xLkwnhL0cLYN3aLe21Yoz8=
WwRUadkoGkQC+KFDP/4kVfaEJ1eNrSoBhh6IHc/VDwesVF1eWt65kPkuSkoYFZvhkQm2gJ9cU/lIkmVSdNDki7mXkHk3LESdVtL4E/xOvUPY3t0xiPgE6b5PQcjK0wlzj2RvWaM8
Zt6vkjWoP0IHisf9JGjNZDfV4vL36NM2V8nVOpp5U2epHx8aHX/Ntemwg0BOVRSlRuRRb28l1JRFTytcOzqu3ahyWBdPYmB6teI6BHXTVswx70CY6xLkwnhL0cLYN3aLe21Yoz8=
vtH/7gwFw99HrmwxliwwopAnVndW43+fYmhmUrrMWyCS/R/6k3pFUlrSoZzJwlJmeDlDDaFF7kxfkAu1+H69/hR8fGcJGwj1t6DcEeY+YL+c4mWvaJKF/Ug0XKWOo5nkqv8Rn79od1WjMA==
VGjZgy+xkfVAg7nuLljIcu3Gqw31jDM+uon+BXMQWs7wtWUvJQdpky/bDlCkP+wtk6yVAxsnDAn68zVKXpu4hRL0S69oNI+T/nhVblo6xjdvMmZLSHNFEWajAQ==
w2W0RvlQX2XtMoAkqHO+Q8i/MAxwmZ2oNBJexavzaz+nzwE7IEyqB+Ixndy7H3Uf4lW0M3sWsCPWGbyExTPmjAEPUJj7MpSCiOuhQkiXJkurDWijDw==
